# zsim stats
===
root: # Stats
 contention: # Contention simulation stats
  domain-0: # Domain stats
   time: 469241365 # Weave simulation time
 time: # Simulator time breakdown
  init: 5415281792
  bound: 964110517390
  weave: 81005648199
  ff: 0
 trigger: 20000 # Reason for this stats dump
 phase: 37665 # Simulated phases
 westmere: # Core stats
  westmere-0: # Core stats
   cycles: 376650003 # Simulated unhalted cycles
   cCycles: 22510 # Cycles due to contention stalls
   instrs: 625154381 # Simulated instructions
   uops: 759268949 # Retired micro-ops
   bbls: 39519611 # Basic blocks
   approxInstrs: 3782339 # Instrs with approx uop decoding
   mispredBranches: 933925 # Mispredicted branches
   condBranches: 27032541 # conditional branches
  westmere-1: # Core stats
   cycles: 376640017 # Simulated unhalted cycles
   cCycles: 19957 # Cycles due to contention stalls
   instrs: 625172991 # Simulated instructions
   uops: 759279635 # Retired micro-ops
   bbls: 39529540 # Basic blocks
   approxInstrs: 3786152 # Instrs with approx uop decoding
   mispredBranches: 936596 # Mispredicted branches
   condBranches: 27038790 # conditional branches
  westmere-2: # Core stats
   cycles: 376640043 # Simulated unhalted cycles
   cCycles: 19000 # Cycles due to contention stalls
   instrs: 625196843 # Simulated instructions
   uops: 759325804 # Retired micro-ops
   bbls: 39522678 # Basic blocks
   approxInstrs: 3786936 # Instrs with approx uop decoding
   mispredBranches: 935110 # Mispredicted branches
   condBranches: 27030985 # conditional branches
  westmere-3: # Core stats
   cycles: 376640012 # Simulated unhalted cycles
   cCycles: 17445 # Cycles due to contention stalls
   instrs: 625123487 # Simulated instructions
   uops: 759233268 # Retired micro-ops
   bbls: 39515296 # Basic blocks
   approxInstrs: 3782631 # Instrs with approx uop decoding
   mispredBranches: 934172 # Mispredicted branches
   condBranches: 27028593 # conditional branches
  westmere-4: # Core stats
   cycles: 376640030 # Simulated unhalted cycles
   cCycles: 19921 # Cycles due to contention stalls
   instrs: 624518399 # Simulated instructions
   uops: 758589083 # Retired micro-ops
   bbls: 39561736 # Basic blocks
   approxInstrs: 3806990 # Instrs with approx uop decoding
   mispredBranches: 946034 # Mispredicted branches
   condBranches: 27004676 # conditional branches
  westmere-5: # Core stats
   cycles: 376640010 # Simulated unhalted cycles
   cCycles: 21784 # Cycles due to contention stalls
   instrs: 624976265 # Simulated instructions
   uops: 759042886 # Retired micro-ops
   bbls: 39518855 # Basic blocks
   approxInstrs: 3784257 # Instrs with approx uop decoding
   mispredBranches: 937042 # Mispredicted branches
   condBranches: 27031319 # conditional branches
  westmere-6: # Core stats
   cycles: 376640002 # Simulated unhalted cycles
   cCycles: 19671 # Cycles due to contention stalls
   instrs: 625005562 # Simulated instructions
   uops: 759101640 # Retired micro-ops
   bbls: 39522076 # Basic blocks
   approxInstrs: 3787314 # Instrs with approx uop decoding
   mispredBranches: 937736 # Mispredicted branches
   condBranches: 27022563 # conditional branches
  westmere-7: # Core stats
   cycles: 376640012 # Simulated unhalted cycles
   cCycles: 19729 # Cycles due to contention stalls
   instrs: 624919760 # Simulated instructions
   uops: 758980585 # Retired micro-ops
   bbls: 39512850 # Basic blocks
   approxInstrs: 3786375 # Instrs with approx uop decoding
   mispredBranches: 937119 # Mispredicted branches
   condBranches: 27025516 # conditional branches
 l1i: # Cache stats
  l1i-0: # Filter cache stats
   fhGETS: 60156691 # Filtered GETS hits
   fhGETX: 0 # Filtered GETX hits
   hGETS: 1826263 # GETS hits
   hGETX: 0 # GETX hits
   mGETS: 1056 # GETS misses
   mGETXIM: 0 # GETX I->M misses
   mGETXSM: 0 # GETX S->M misses (upgrade misses)
   PUTS: 0 # Clean evictions (from lower level)
   PUTX: 0 # Dirty evictions (from lower level)
   INV: 0 # Invalidates (from upper level)
   INVX: 0 # Downgrades (from upper level)
   FWD: 0 # Forwards (from upper level)
   latGETnl: 33096 # GET request latency on next level
   latGETnet: 0 # GET request latency on network to next level
  l1i-1: # Filter cache stats
   fhGETS: 60177406 # Filtered GETS hits
   fhGETX: 0 # Filtered GETX hits
   hGETS: 1827977 # GETS hits
   hGETX: 0 # GETX hits
   mGETS: 957 # GETS misses
   mGETXIM: 0 # GETX I->M misses
   mGETXSM: 0 # GETX S->M misses (upgrade misses)
   PUTS: 0 # Clean evictions (from lower level)
   PUTX: 0 # Dirty evictions (from lower level)
   INV: 0 # Invalidates (from upper level)
   INVX: 0 # Downgrades (from upper level)
   FWD: 0 # Forwards (from upper level)
   latGETnl: 24483 # GET request latency on next level
   latGETnet: 0 # GET request latency on network to next level
  l1i-2: # Filter cache stats
   fhGETS: 60167716 # Filtered GETS hits
   fhGETX: 0 # Filtered GETX hits
   hGETS: 1827623 # GETS hits
   hGETX: 0 # GETX hits
   mGETS: 620 # GETS misses
   mGETXIM: 0 # GETX I->M misses
   mGETXSM: 0 # GETX S->M misses (upgrade misses)
   PUTS: 0 # Clean evictions (from lower level)
   PUTX: 0 # Dirty evictions (from lower level)
   INV: 0 # Invalidates (from upper level)
   INVX: 0 # Downgrades (from upper level)
   FWD: 0 # Forwards (from upper level)
   latGETnl: 21350 # GET request latency on next level
   latGETnet: 0 # GET request latency on network to next level
  l1i-3: # Filter cache stats
   fhGETS: 60153718 # Filtered GETS hits
   fhGETX: 0 # Filtered GETX hits
   hGETS: 1825731 # GETS hits
   hGETX: 0 # GETX hits
   mGETS: 894 # GETS misses
   mGETXIM: 0 # GETX I->M misses
   mGETXSM: 0 # GETX S->M misses (upgrade misses)
   PUTS: 0 # Clean evictions (from lower level)
   PUTX: 0 # Dirty evictions (from lower level)
   INV: 0 # Invalidates (from upper level)
   INVX: 0 # Downgrades (from upper level)
   FWD: 0 # Forwards (from upper level)
   latGETnl: 23835 # GET request latency on next level
   latGETnet: 0 # GET request latency on network to next level
  l1i-4: # Filter cache stats
   fhGETS: 60257322 # Filtered GETS hits
   fhGETX: 0 # Filtered GETX hits
   hGETS: 1809918 # GETS hits
   hGETX: 0 # GETX hits
   mGETS: 890 # GETS misses
   mGETXIM: 0 # GETX I->M misses
   mGETXSM: 0 # GETX S->M misses (upgrade misses)
   PUTS: 0 # Clean evictions (from lower level)
   PUTX: 0 # Dirty evictions (from lower level)
   INV: 0 # Invalidates (from upper level)
   INVX: 0 # Downgrades (from upper level)
   FWD: 0 # Forwards (from upper level)
   latGETnl: 25373 # GET request latency on next level
   latGETnet: 0 # GET request latency on network to next level
  l1i-5: # Filter cache stats
   fhGETS: 60161322 # Filtered GETS hits
   fhGETX: 0 # Filtered GETX hits
   hGETS: 1830016 # GETS hits
   hGETX: 0 # GETX hits
   mGETS: 1143 # GETS misses
   mGETXIM: 0 # GETX I->M misses
   mGETXSM: 0 # GETX S->M misses (upgrade misses)
   PUTS: 0 # Clean evictions (from lower level)
   PUTX: 0 # Dirty evictions (from lower level)
   INV: 0 # Invalidates (from upper level)
   INVX: 0 # Downgrades (from upper level)
   FWD: 0 # Forwards (from upper level)
   latGETnl: 37998 # GET request latency on next level
   latGETnet: 0 # GET request latency on network to next level
  l1i-6: # Filter cache stats
   fhGETS: 60173623 # Filtered GETS hits
   fhGETX: 0 # Filtered GETX hits
   hGETS: 1826224 # GETS hits
   hGETX: 0 # GETX hits
   mGETS: 897 # GETS misses
   mGETXIM: 0 # GETX I->M misses
   mGETXSM: 0 # GETX S->M misses (upgrade misses)
   PUTS: 0 # Clean evictions (from lower level)
   PUTX: 0 # Dirty evictions (from lower level)
   INV: 0 # Invalidates (from upper level)
   INVX: 0 # Downgrades (from upper level)
   FWD: 0 # Forwards (from upper level)
   latGETnl: 22470 # GET request latency on next level
   latGETnet: 0 # GET request latency on network to next level
  l1i-7: # Filter cache stats
   fhGETS: 60157438 # Filtered GETS hits
   fhGETX: 0 # Filtered GETX hits
   hGETS: 1830255 # GETS hits
   hGETX: 0 # GETX hits
   mGETS: 776 # GETS misses
   mGETXIM: 0 # GETX I->M misses
   mGETXSM: 0 # GETX S->M misses (upgrade misses)
   PUTS: 0 # Clean evictions (from lower level)
   PUTX: 0 # Dirty evictions (from lower level)
   INV: 0 # Invalidates (from upper level)
   INVX: 0 # Downgrades (from upper level)
   FWD: 0 # Forwards (from upper level)
   latGETnl: 25655 # GET request latency on next level
   latGETnet: 0 # GET request latency on network to next level
 l1d: # Cache stats
  l1d-0: # Filter cache stats
   fhGETS: 255018089 # Filtered GETS hits
   fhGETX: 49226294 # Filtered GETX hits
   hGETS: 8696012 # GETS hits
   hGETX: 4861019 # GETX hits
   mGETS: 366159 # GETS misses
   mGETXIM: 162530 # GETX I->M misses
   mGETXSM: 6 # GETX S->M misses (upgrade misses)
   PUTS: 0 # Clean evictions (from lower level)
   PUTX: 0 # Dirty evictions (from lower level)
   INV: 33 # Invalidates (from upper level)
   INVX: 105 # Downgrades (from upper level)
   FWD: 0 # Forwards (from upper level)
   latGETnl: 3802305 # GET request latency on next level
   latGETnet: 0 # GET request latency on network to next level
  l1d-1: # Filter cache stats
   fhGETS: 254369043 # Filtered GETS hits
   fhGETX: 49238808 # Filtered GETX hits
   hGETS: 9383015 # GETS hits
   hGETX: 4856633 # GETX hits
   mGETS: 314991 # GETS misses
   mGETXIM: 148442 # GETX I->M misses
   mGETXSM: 6 # GETX S->M misses (upgrade misses)
   PUTS: 0 # Clean evictions (from lower level)
   PUTX: 0 # Dirty evictions (from lower level)
   INV: 6 # Invalidates (from upper level)
   INVX: 48 # Downgrades (from upper level)
   FWD: 0 # Forwards (from upper level)
   latGETnl: 3320106 # GET request latency on next level
   latGETnet: 0 # GET request latency on network to next level
  l1d-2: # Filter cache stats
   fhGETS: 255011247 # Filtered GETS hits
   fhGETX: 49236984 # Filtered GETX hits
   hGETS: 8767359 # GETS hits
   hGETX: 4863455 # GETX hits
   mGETS: 322850 # GETS misses
   mGETXIM: 150638 # GETX I->M misses
   mGETXSM: 6 # GETX S->M misses (upgrade misses)
   PUTS: 0 # Clean evictions (from lower level)
   PUTX: 0 # Dirty evictions (from lower level)
   INV: 6 # Invalidates (from upper level)
   INVX: 61 # Downgrades (from upper level)
   FWD: 0 # Forwards (from upper level)
   latGETnl: 3392533 # GET request latency on next level
   latGETnet: 0 # GET request latency on network to next level
  l1d-3: # Filter cache stats
   fhGETS: 254231300 # Filtered GETS hits
   fhGETX: 49231579 # Filtered GETX hits
   hGETS: 9485718 # GETS hits
   hGETX: 4854782 # GETX hits
   mGETS: 357225 # GETS misses
   mGETXIM: 159995 # GETX I->M misses
   mGETXSM: 6 # GETX S->M misses (upgrade misses)
   PUTS: 0 # Clean evictions (from lower level)
   PUTX: 0 # Dirty evictions (from lower level)
   INV: 7 # Invalidates (from upper level)
   INVX: 44 # Downgrades (from upper level)
   FWD: 0 # Forwards (from upper level)
   latGETnl: 3698409 # GET request latency on next level
   latGETnet: 0 # GET request latency on network to next level
  l1d-4: # Filter cache stats
   fhGETS: 250666020 # Filtered GETS hits
   fhGETX: 45684732 # Filtered GETX hits
   hGETS: 12896559 # GETS hits
   hGETX: 8520218 # GETX hits
   mGETS: 301909 # GETS misses
   mGETXIM: 142564 # GETX I->M misses
   mGETXSM: 6 # GETX S->M misses (upgrade misses)
   PUTS: 0 # Clean evictions (from lower level)
   PUTX: 0 # Dirty evictions (from lower level)
   INV: 6 # Invalidates (from upper level)
   INVX: 56 # Downgrades (from upper level)
   FWD: 0 # Forwards (from upper level)
   latGETnl: 3187850 # GET request latency on next level
   latGETnet: 0 # GET request latency on network to next level
  l1d-5: # Filter cache stats
   fhGETS: 254881634 # Filtered GETS hits
   fhGETX: 49205849 # Filtered GETX hits
   hGETS: 8757868 # GETS hits
   hGETX: 4865741 # GETX hits
   mGETS: 343655 # GETS misses
   mGETXIM: 157922 # GETX I->M misses
   mGETXSM: 6 # GETX S->M misses (upgrade misses)
   PUTS: 0 # Clean evictions (from lower level)
   PUTX: 0 # Dirty evictions (from lower level)
   INV: 6 # Invalidates (from upper level)
   INVX: 64 # Downgrades (from upper level)
   FWD: 0 # Forwards (from upper level)
   latGETnl: 3590144 # GET request latency on next level
   latGETnet: 0 # GET request latency on network to next level
  l1d-6: # Filter cache stats
   fhGETS: 254994924 # Filtered GETS hits
   fhGETX: 49232384 # Filtered GETX hits
   hGETS: 8720248 # GETS hits
   hGETX: 4879941 # GETX hits
   mGETS: 318833 # GETS misses
   mGETXIM: 148910 # GETX I->M misses
   mGETXSM: 5 # GETX S->M misses (upgrade misses)
   PUTS: 0 # Clean evictions (from lower level)
   PUTX: 0 # Dirty evictions (from lower level)
   INV: 6 # Invalidates (from upper level)
   INVX: 49 # Downgrades (from upper level)
   FWD: 0 # Forwards (from upper level)
   latGETnl: 3350548 # GET request latency on next level
   latGETnet: 0 # GET request latency on network to next level
  l1d-7: # Filter cache stats
   fhGETS: 254220909 # Filtered GETS hits
   fhGETX: 49211337 # Filtered GETX hits
   hGETS: 9394064 # GETS hits
   hGETX: 4854858 # GETX hits
   mGETS: 350065 # GETS misses
   mGETXIM: 158204 # GETX I->M misses
   mGETXSM: 6 # GETX S->M misses (upgrade misses)
   PUTS: 0 # Clean evictions (from lower level)
   PUTX: 0 # Dirty evictions (from lower level)
   INV: 7 # Invalidates (from upper level)
   INVX: 36 # Downgrades (from upper level)
   FWD: 0 # Forwards (from upper level)
   latGETnl: 3634148 # GET request latency on next level
   latGETnet: 0 # GET request latency on network to next level
 l2: # Cache stats
  l2-0: # Cache stats
   hGETS: 366145 # GETS hits
   hGETX: 161897 # GETX hits
   mGETS: 1070 # GETS misses
   mGETXIM: 633 # GETX I->M misses
   mGETXSM: 6 # GETX S->M misses (upgrade misses)
   PUTS: 363925 # Clean evictions (from lower level)
   PUTX: 164821 # Dirty evictions (from lower level)
   INV: 37 # Invalidates (from upper level)
   INVX: 121 # Downgrades (from upper level)
   FWD: 0 # Forwards (from upper level)
   latGETnl: 127144 # GET request latency on next level
   latGETnet: 0 # GET request latency on network to next level
  l2-1: # Cache stats
   hGETS: 315022 # GETS hits
   hGETX: 147937 # GETX hits
   mGETS: 926 # GETS misses
   mGETXIM: 505 # GETX I->M misses
   mGETXSM: 6 # GETX S->M misses (upgrade misses)
   PUTS: 312612 # Clean evictions (from lower level)
   PUTX: 150827 # Dirty evictions (from lower level)
   INV: 6 # Invalidates (from upper level)
   INVX: 49 # Downgrades (from upper level)
   FWD: 0 # Forwards (from upper level)
   latGETnl: 93817 # GET request latency on next level
   latGETnet: 0 # GET request latency on network to next level
  l2-2: # Cache stats
   hGETS: 322521 # GETS hits
   hGETX: 150133 # GETX hits
   mGETS: 949 # GETS misses
   mGETXIM: 505 # GETX I->M misses
   mGETXSM: 6 # GETX S->M misses (upgrade misses)
   PUTS: 320166 # Clean evictions (from lower level)
   PUTX: 152990 # Dirty evictions (from lower level)
   INV: 6 # Invalidates (from upper level)
   INVX: 63 # Downgrades (from upper level)
   FWD: 0 # Forwards (from upper level)
   latGETnl: 95085 # GET request latency on next level
   latGETnet: 0 # GET request latency on network to next level
  l2-3: # Cache stats
   hGETS: 357142 # GETS hits
   hGETX: 159490 # GETX hits
   mGETS: 977 # GETS misses
   mGETXIM: 505 # GETX I->M misses
   mGETXSM: 6 # GETX S->M misses (upgrade misses)
   PUTS: 354828 # Clean evictions (from lower level)
   PUTX: 162329 # Dirty evictions (from lower level)
   INV: 7 # Invalidates (from upper level)
   INVX: 48 # Downgrades (from upper level)
   FWD: 0 # Forwards (from upper level)
   latGETnl: 95404 # GET request latency on next level
   latGETnet: 0 # GET request latency on network to next level
  l2-4: # Cache stats
   hGETS: 301868 # GETS hits
   hGETX: 142061 # GETX hits
   mGETS: 931 # GETS misses
   mGETXIM: 503 # GETX I->M misses
   mGETXSM: 6 # GETX S->M misses (upgrade misses)
   PUTS: 299240 # Clean evictions (from lower level)
   PUTX: 145173 # Dirty evictions (from lower level)
   INV: 6 # Invalidates (from upper level)
   INVX: 56 # Downgrades (from upper level)
   FWD: 0 # Forwards (from upper level)
   latGETnl: 95640 # GET request latency on next level
   latGETnet: 0 # GET request latency on network to next level
  l2-5: # Cache stats
   hGETS: 343850 # GETS hits
   hGETX: 157417 # GETX hits
   mGETS: 948 # GETS misses
   mGETXIM: 505 # GETX I->M misses
   mGETXSM: 6 # GETX S->M misses (upgrade misses)
   PUTS: 341492 # Clean evictions (from lower level)
   PUTX: 160276 # Dirty evictions (from lower level)
   INV: 6 # Invalidates (from upper level)
   INVX: 74 # Downgrades (from upper level)
   FWD: 0 # Forwards (from upper level)
   latGETnl: 109060 # GET request latency on next level
   latGETnet: 0 # GET request latency on network to next level
  l2-6: # Cache stats
   hGETS: 318796 # GETS hits
   hGETX: 148407 # GETX hits
   mGETS: 934 # GETS misses
   mGETXIM: 503 # GETX I->M misses
   mGETXSM: 5 # GETX S->M misses (upgrade misses)
   PUTS: 316173 # Clean evictions (from lower level)
   PUTX: 151514 # Dirty evictions (from lower level)
   INV: 6 # Invalidates (from upper level)
   INVX: 52 # Downgrades (from upper level)
   FWD: 0 # Forwards (from upper level)
   latGETnl: 92503 # GET request latency on next level
   latGETnet: 0 # GET request latency on network to next level
  l2-7: # Cache stats
   hGETS: 349888 # GETS hits
   hGETX: 157699 # GETX hits
   mGETS: 953 # GETS misses
   mGETXIM: 505 # GETX I->M misses
   mGETXSM: 6 # GETX S->M misses (upgrade misses)
   PUTS: 347522 # Clean evictions (from lower level)
   PUTX: 160571 # Dirty evictions (from lower level)
   INV: 7 # Invalidates (from upper level)
   INVX: 42 # Downgrades (from upper level)
   FWD: 0 # Forwards (from upper level)
   latGETnl: 96446 # GET request latency on next level
   latGETnet: 0 # GET request latency on network to next level
 l3: # Cache stats
  l3-0b0: # Cache stats
   hGETS: 819 # GETS hits
   hGETX: 12 # GETX hits
   mGETS: 150 # GETS misses
   mGETXIM: 514 # GETX I->M misses
   mGETXSM: 0 # GETX S->M misses (upgrade misses)
   PUTS: 0 # Clean evictions (from lower level)
   PUTX: 0 # Dirty evictions (from lower level)
   INV: 0 # Invalidates (from upper level)
   INVX: 0 # Downgrades (from upper level)
   FWD: 0 # Forwards (from upper level)
   latGETnl: 59760 # GET request latency on next level
   latGETnet: 0 # GET request latency on network to next level
  l3-0b1: # Cache stats
   hGETS: 815 # GETS hits
   hGETX: 3 # GETX hits
   mGETS: 146 # GETS misses
   mGETXIM: 518 # GETX I->M misses
   mGETXSM: 0 # GETX S->M misses (upgrade misses)
   PUTS: 0 # Clean evictions (from lower level)
   PUTX: 0 # Dirty evictions (from lower level)
   INV: 0 # Invalidates (from upper level)
   INVX: 0 # Downgrades (from upper level)
   FWD: 0 # Forwards (from upper level)
   latGETnl: 59760 # GET request latency on next level
   latGETnet: 0 # GET request latency on network to next level
  l3-0b2: # Cache stats
   hGETS: 790 # GETS hits
   hGETX: 4 # GETX hits
   mGETS: 143 # GETS misses
   mGETXIM: 514 # GETX I->M misses
   mGETXSM: 0 # GETX S->M misses (upgrade misses)
   PUTS: 0 # Clean evictions (from lower level)
   PUTX: 0 # Dirty evictions (from lower level)
   INV: 0 # Invalidates (from upper level)
   INVX: 0 # Downgrades (from upper level)
   FWD: 0 # Forwards (from upper level)
   latGETnl: 59130 # GET request latency on next level
   latGETnet: 0 # GET request latency on network to next level
  l3-0b3: # Cache stats
   hGETS: 810 # GETS hits
   hGETX: 5 # GETX hits
   mGETS: 150 # GETS misses
   mGETXIM: 516 # GETX I->M misses
   mGETXSM: 0 # GETX S->M misses (upgrade misses)
   PUTS: 0 # Clean evictions (from lower level)
   PUTX: 0 # Dirty evictions (from lower level)
   INV: 0 # Invalidates (from upper level)
   INVX: 0 # Downgrades (from upper level)
   FWD: 0 # Forwards (from upper level)
   latGETnl: 59940 # GET request latency on next level
   latGETnet: 0 # GET request latency on network to next level
  l3-0b4: # Cache stats
   hGETS: 807 # GETS hits
   hGETX: 5 # GETX hits
   mGETS: 146 # GETS misses
   mGETXIM: 520 # GETX I->M misses
   mGETXSM: 0 # GETX S->M misses (upgrade misses)
   PUTS: 0 # Clean evictions (from lower level)
   PUTX: 0 # Dirty evictions (from lower level)
   INV: 0 # Invalidates (from upper level)
   INVX: 0 # Downgrades (from upper level)
   FWD: 0 # Forwards (from upper level)
   latGETnl: 59940 # GET request latency on next level
   latGETnet: 0 # GET request latency on network to next level
  l3-0b5: # Cache stats
   hGETS: 825 # GETS hits
   hGETX: 19 # GETX hits
   mGETS: 148 # GETS misses
   mGETXIM: 522 # GETX I->M misses
   mGETXSM: 0 # GETX S->M misses (upgrade misses)
   PUTS: 0 # Clean evictions (from lower level)
   PUTX: 0 # Dirty evictions (from lower level)
   INV: 0 # Invalidates (from upper level)
   INVX: 0 # Downgrades (from upper level)
   FWD: 0 # Forwards (from upper level)
   latGETnl: 60300 # GET request latency on next level
   latGETnet: 0 # GET request latency on network to next level
  l3-0b6: # Cache stats
   hGETS: 813 # GETS hits
   hGETX: 14 # GETX hits
   mGETS: 141 # GETS misses
   mGETXIM: 517 # GETX I->M misses
   mGETXSM: 0 # GETX S->M misses (upgrade misses)
   PUTS: 0 # Clean evictions (from lower level)
   PUTX: 0 # Dirty evictions (from lower level)
   INV: 0 # Invalidates (from upper level)
   INVX: 0 # Downgrades (from upper level)
   FWD: 0 # Forwards (from upper level)
   latGETnl: 59220 # GET request latency on next level
   latGETnet: 0 # GET request latency on network to next level
  l3-0b7: # Cache stats
   hGETS: 838 # GETS hits
   hGETX: 13 # GETX hits
   mGETS: 147 # GETS misses
   mGETXIM: 515 # GETX I->M misses
   mGETXSM: 0 # GETX S->M misses (upgrade misses)
   PUTS: 0 # Clean evictions (from lower level)
   PUTX: 0 # Dirty evictions (from lower level)
   INV: 0 # Invalidates (from upper level)
   INVX: 0 # Downgrades (from upper level)
   FWD: 0 # Forwards (from upper level)
   latGETnl: 59580 # GET request latency on next level
   latGETnet: 0 # GET request latency on network to next level
 mem: # Memory controller stats
  mem-0: # Memory controller stats
   rd: 1332 # Read requests
   wr: 0 # Write requests
   rdlat: 197321 # Total latency experienced by read requests
   wrlat: 0 # Total latency experienced by write requests
   rdhits: 4 # Read row hits
   wrhits: 0 # Write row hits
   mlh: # latency histogram for memory requests
    0: 0
    1: 0
    2: 0
    3: 0
    4: 0
    5: 0
    6: 0
    7: 0
    8: 0
    9: 0
    10: 0
    11: 0
    12: 0
    13: 1098
    14: 78
    15: 20
    16: 9
    17: 7
    18: 4
    19: 2
    20: 7
    21: 7
    22: 9
    23: 4
    24: 15
    25: 9
    26: 4
    27: 5
    28: 5
    29: 2
    30: 1
    31: 3
    32: 1
    33: 4
    34: 2
    35: 5
    36: 8
    37: 2
    38: 2
    39: 4
    40: 0
    41: 3
    42: 0
    43: 0
    44: 1
    45: 2
    46: 2
    47: 0
    48: 2
    49: 1
    50: 2
    51: 0
    52: 2
    53: 0
    54: 0
    55: 0
    56: 0
    57: 0
    58: 0
    59: 0
    60: 0
    61: 0
    62: 0
    63: 0
    64: 0
    65: 0
    66: 0
    67: 0
    68: 0
    69: 0
    70: 0
    71: 0
    72: 0
    73: 0
    74: 0
    75: 0
    76: 0
    77: 0
    78: 0
    79: 0
    80: 0
    81: 0
    82: 0
    83: 0
    84: 0
    85: 0
    86: 0
    87: 0
    88: 0
    89: 0
    90: 0
    91: 0
    92: 0
    93: 0
    94: 0
    95: 0
    96: 0
    97: 0
    98: 0
    99: 0
  mem-1: # Memory controller stats
   rd: 1316 # Read requests
   wr: 0 # Write requests
   rdlat: 196959 # Total latency experienced by read requests
   wrlat: 0 # Total latency experienced by write requests
   rdhits: 7 # Read row hits
   wrhits: 0 # Write row hits
   mlh: # latency histogram for memory requests
    0: 0
    1: 0
    2: 0
    3: 0
    4: 0
    5: 0
    6: 0
    7: 0
    8: 0
    9: 0
    10: 0
    11: 1
    12: 1
    13: 1090
    14: 61
    15: 18
    16: 12
    17: 5
    18: 6
    19: 5
    20: 3
    21: 11
    22: 5
    23: 4
    24: 12
    25: 8
    26: 2
    27: 2
    28: 2
    29: 4
    30: 5
    31: 4
    32: 5
    33: 5
    34: 6
    35: 1
    36: 4
    37: 12
    38: 2
    39: 2
    40: 4
    41: 0
    42: 3
    43: 1
    44: 2
    45: 2
    46: 1
    47: 0
    48: 1
    49: 3
    50: 0
    51: 1
    52: 0
    53: 0
    54: 0
    55: 0
    56: 0
    57: 0
    58: 0
    59: 0
    60: 0
    61: 0
    62: 0
    63: 0
    64: 0
    65: 0
    66: 0
    67: 0
    68: 0
    69: 0
    70: 0
    71: 0
    72: 0
    73: 0
    74: 0
    75: 0
    76: 0
    77: 0
    78: 0
    79: 0
    80: 0
    81: 0
    82: 0
    83: 0
    84: 0
    85: 0
    86: 0
    87: 0
    88: 0
    89: 0
    90: 0
    91: 0
    92: 0
    93: 0
    94: 0
    95: 0
    96: 0
    97: 0
    98: 0
    99: 0
  mem-2: # Memory controller stats
   rd: 1347 # Read requests
   wr: 0 # Write requests
   rdlat: 203347 # Total latency experienced by read requests
   wrlat: 0 # Total latency experienced by write requests
   rdhits: 6 # Read row hits
   wrhits: 0 # Write row hits
   mlh: # latency histogram for memory requests
    0: 0
    1: 0
    2: 0
    3: 0
    4: 0
    5: 0
    6: 0
    7: 0
    8: 0
    9: 0
    10: 0
    11: 2
    12: 0
    13: 1123
    14: 55
    15: 13
    16: 8
    17: 8
    18: 9
    19: 5
    20: 4
    21: 7
    22: 9
    23: 9
    24: 6
    25: 14
    26: 3
    27: 7
    28: 5
    29: 3
    30: 8
    31: 3
    32: 0
    33: 0
    34: 0
    35: 5
    36: 4
    37: 6
    38: 7
    39: 3
    40: 1
    41: 2
    42: 2
    43: 2
    44: 0
    45: 1
    46: 1
    47: 1
    48: 0
    49: 0
    50: 0
    51: 1
    52: 1
    53: 2
    54: 2
    55: 0
    56: 0
    57: 0
    58: 0
    59: 0
    60: 0
    61: 1
    62: 0
    63: 0
    64: 0
    65: 1
    66: 0
    67: 0
    68: 2
    69: 0
    70: 0
    71: 0
    72: 0
    73: 1
    74: 0
    75: 0
    76: 0
    77: 0
    78: 0
    79: 0
    80: 0
    81: 0
    82: 0
    83: 0
    84: 0
    85: 0
    86: 0
    87: 0
    88: 0
    89: 0
    90: 0
    91: 0
    92: 0
    93: 0
    94: 0
    95: 0
    96: 0
    97: 0
    98: 0
    99: 0
  mem-3: # Memory controller stats
   rd: 1312 # Read requests
   wr: 0 # Write requests
   rdlat: 192045 # Total latency experienced by read requests
   wrlat: 0 # Total latency experienced by write requests
   rdhits: 4 # Read row hits
   wrhits: 0 # Write row hits
   mlh: # latency histogram for memory requests
    0: 0
    1: 0
    2: 0
    3: 0
    4: 0
    5: 0
    6: 0
    7: 0
    8: 0
    9: 0
    10: 0
    11: 1
    12: 1
    13: 1118
    14: 60
    15: 12
    16: 10
    17: 2
    18: 1
    19: 7
    20: 1
    21: 5
    22: 11
    23: 7
    24: 9
    25: 15
    26: 4
    27: 0
    28: 2
    29: 2
    30: 2
    31: 3
    32: 4
    33: 4
    34: 6
    35: 4
    36: 3
    37: 2
    38: 3
    39: 2
    40: 0
    41: 1
    42: 1
    43: 2
    44: 0
    45: 0
    46: 0
    47: 0
    48: 0
    49: 0
    50: 2
    51: 0
    52: 0
    53: 0
    54: 0
    55: 0
    56: 1
    57: 0
    58: 1
    59: 0
    60: 0
    61: 0
    62: 2
    63: 0
    64: 0
    65: 0
    66: 0
    67: 0
    68: 1
    69: 0
    70: 0
    71: 0
    72: 0
    73: 0
    74: 0
    75: 0
    76: 0
    77: 0
    78: 0
    79: 0
    80: 0
    81: 0
    82: 0
    83: 0
    84: 0
    85: 0
    86: 0
    87: 0
    88: 0
    89: 0
    90: 0
    91: 0
    92: 0
    93: 0
    94: 0
    95: 0
    96: 0
    97: 0
    98: 0
    99: 0
 sched: # Scheduler stats
  thCr: 9 # Threads created
  thFn: 0 # Threads finished
  schedEvs: 9 # Schedule events
  waitEvs: 1 # Wait events
  handoffEvs: 0 # Handoff events
  sleepEvs: 0 # Sleep events
  idlePhases: 0 # Phases with no thread active
  idlePeriods: 0 # Periods with no thread active
  occHist: # Occupancy histogram
   0: 0
   1: 1
   2: 0
   3: 0
   4: 0
   5: 0
   6: 0
   7: 0
   8: 37664
  rqSzHist: # Run queue size histogram
   0: 37664
   1: 1
   2: 0
   3: 0
   4: 0
   5: 0
   6: 0
   7: 0
   8: 0
   9: 0
   10: 0
   11: 0
   12: 0
   13: 0
   14: 0
   15: 0
   16: 0
 procCycles: # Per-process unhalted core cycles
  0: 3013130129
  1: 0
  2: 0
  3: 0
  4: 0
  5: 0
  6: 0
  7: 0
  8: 0
  9: 0
  10: 0
  11: 0
  12: 0
  13: 0
  14: 0
  15: 0
  16: 0
  17: 0
  18: 0
  19: 0
  20: 0
  21: 0
  22: 0
  23: 0
  24: 0
  25: 0
  26: 0
  27: 0
  28: 0
  29: 0
  30: 0
  31: 0
  32: 0
  33: 0
  34: 0
  35: 0
  36: 0
  37: 0
  38: 0
  39: 0
  40: 0
  41: 0
  42: 0
  43: 0
  44: 0
  45: 0
  46: 0
  47: 0
  48: 0
  49: 0
  50: 0
  51: 0
  52: 0
  53: 0
  54: 0
  55: 0
  56: 0
  57: 0
  58: 0
  59: 0
  60: 0
  61: 0
  62: 0
  63: 0
 procInstrs: # Per-process instructions
  0: 5000067688
  1: 0
  2: 0
  3: 0
  4: 0
  5: 0
  6: 0
  7: 0
  8: 0
  9: 0
  10: 0
  11: 0
  12: 0
  13: 0
  14: 0
  15: 0
  16: 0
  17: 0
  18: 0
  19: 0
  20: 0
  21: 0
  22: 0
  23: 0
  24: 0
  25: 0
  26: 0
  27: 0
  28: 0
  29: 0
  30: 0
  31: 0
  32: 0
  33: 0
  34: 0
  35: 0
  36: 0
  37: 0
  38: 0
  39: 0
  40: 0
  41: 0
  42: 0
  43: 0
  44: 0
  45: 0
  46: 0
  47: 0
  48: 0
  49: 0
  50: 0
  51: 0
  52: 0
  53: 0
  54: 0
  55: 0
  56: 0
  57: 0
  58: 0
  59: 0
  60: 0
  61: 0
  62: 0
  63: 0
 heartbeats: # Per-process heartbeats
  0: 0
  1: 0
  2: 0
  3: 0
  4: 0
  5: 0
  6: 0
  7: 0
  8: 0
  9: 0
  10: 0
  11: 0
  12: 0
  13: 0
  14: 0
  15: 0
  16: 0
  17: 0
  18: 0
  19: 0
  20: 0
  21: 0
  22: 0
  23: 0
  24: 0
  25: 0
  26: 0
  27: 0
  28: 0
  29: 0
  30: 0
  31: 0
  32: 0
  33: 0
  34: 0
  35: 0
  36: 0
  37: 0
  38: 0
  39: 0
  40: 0
  41: 0
  42: 0
  43: 0
  44: 0
  45: 0
  46: 0
  47: 0
  48: 0
  49: 0
  50: 0
  51: 0
  52: 0
  53: 0
  54: 0
  55: 0
  56: 0
  57: 0
  58: 0
  59: 0
  60: 0
  61: 0
  62: 0
  63: 0
===
