# zsim stats
===
root: # Stats
 contention: # Contention simulation stats
  domain-0: # Domain stats
   time: 37909068 # Weave simulation time
 time: # Simulator time breakdown
  init: 5175996545
  bound: 82786198667
  weave: 7469901259
  ff: 4158742
 trigger: 20000 # Reason for this stats dump
 phase: 3565 # Simulated phases
 westmere: # Core stats
  westmere-0: # Core stats
   cycles: 35626451 # Simulated unhalted cycles
   cCycles: 12249 # Cycles due to contention stalls
   instrs: 45092228 # Simulated instructions
   uops: 58678752 # Retired micro-ops
   bbls: 4116517 # Basic blocks
   approxInstrs: 881519 # Instrs with approx uop decoding
   mispredBranches: 26122 # Mispredicted branches
   condBranches: 2288390 # conditional branches
  westmere-1: # Core stats
   cycles: 35361267 # Simulated unhalted cycles
   cCycles: 8029 # Cycles due to contention stalls
   instrs: 45019613 # Simulated instructions
   uops: 58577207 # Retired micro-ops
   bbls: 4109049 # Basic blocks
   approxInstrs: 873506 # Instrs with approx uop decoding
   mispredBranches: 14587 # Mispredicted branches
   condBranches: 2287424 # conditional branches
  westmere-2: # Core stats
   cycles: 35622214 # Simulated unhalted cycles
   cCycles: 7273 # Cycles due to contention stalls
   instrs: 45086713 # Simulated instructions
   uops: 58669707 # Retired micro-ops
   bbls: 4117049 # Basic blocks
   approxInstrs: 882206 # Instrs with approx uop decoding
   mispredBranches: 26636 # Mispredicted branches
   condBranches: 2287424 # conditional branches
  westmere-3: # Core stats
   cycles: 35604469 # Simulated unhalted cycles
   cCycles: 6876 # Cycles due to contention stalls
   instrs: 45077913 # Simulated instructions
   uops: 58658107 # Retired micro-ops
   bbls: 4115649 # Basic blocks
   approxInstrs: 880806 # Instrs with approx uop decoding
   mispredBranches: 24835 # Mispredicted branches
   condBranches: 2287424 # conditional branches
  westmere-4: # Core stats
   cycles: 35325074 # Simulated unhalted cycles
   cCycles: 6355 # Cycles due to contention stalls
   instrs: 45029013 # Simulated instructions
   uops: 58592207 # Retired micro-ops
   bbls: 4108849 # Basic blocks
   approxInstrs: 874606 # Instrs with approx uop decoding
   mispredBranches: 13679 # Mispredicted branches
   condBranches: 2287024 # conditional branches
  westmere-5: # Core stats
   cycles: 35618667 # Simulated unhalted cycles
   cCycles: 8591 # Cycles due to contention stalls
   instrs: 45088913 # Simulated instructions
   uops: 58671707 # Retired micro-ops
   bbls: 4117649 # Basic blocks
   approxInstrs: 881806 # Instrs with approx uop decoding
   mispredBranches: 25207 # Mispredicted branches
   condBranches: 2288224 # conditional branches
  westmere-6: # Core stats
   cycles: 35368201 # Simulated unhalted cycles
   cCycles: 7417 # Cycles due to contention stalls
   instrs: 45034113 # Simulated instructions
   uops: 58595907 # Retired micro-ops
   bbls: 4111749 # Basic blocks
   approxInstrs: 875806 # Instrs with approx uop decoding
   mispredBranches: 15671 # Mispredicted branches
   condBranches: 2287424 # conditional branches
  westmere-7: # Core stats
   cycles: 35339231 # Simulated unhalted cycles
   cCycles: 7988 # Cycles due to contention stalls
   instrs: 45037243 # Simulated instructions
   uops: 58604288 # Retired micro-ops
   bbls: 4109615 # Basic blocks
   approxInstrs: 875030 # Instrs with approx uop decoding
   mispredBranches: 13523 # Mispredicted branches
   condBranches: 2287695 # conditional branches
 l1i: # Cache stats
  l1i-0: # Filter cache stats
   fhGETS: 5893807 # Filtered GETS hits
   fhGETX: 0 # Filtered GETX hits
   hGETS: 102820 # GETS hits
   hGETX: 0 # GETX hits
   mGETS: 249 # GETS misses
   mGETXIM: 0 # GETX I->M misses
   mGETXSM: 0 # GETX S->M misses (upgrade misses)
   PUTS: 0 # Clean evictions (from lower level)
   PUTX: 0 # Dirty evictions (from lower level)
   INV: 1 # Invalidates (from upper level)
   INVX: 0 # Downgrades (from upper level)
   FWD: 0 # Forwards (from upper level)
   latGETnl: 20706 # GET request latency on next level
   latGETnet: 0 # GET request latency on network to next level
  l1i-1: # Filter cache stats
   fhGETS: 5827166 # Filtered GETS hits
   fhGETX: 0 # Filtered GETX hits
   hGETS: 102829 # GETS hits
   hGETX: 0 # GETX hits
   mGETS: 118 # GETS misses
   mGETXIM: 0 # GETX I->M misses
   mGETXSM: 0 # GETX S->M misses (upgrade misses)
   PUTS: 0 # Clean evictions (from lower level)
   PUTX: 0 # Dirty evictions (from lower level)
   INV: 0 # Invalidates (from upper level)
   INVX: 0 # Downgrades (from upper level)
   FWD: 0 # Forwards (from upper level)
   latGETnl: 7612 # GET request latency on next level
   latGETnet: 0 # GET request latency on network to next level
  l1i-2: # Filter cache stats
   fhGETS: 5896428 # Filtered GETS hits
   fhGETX: 0 # Filtered GETX hits
   hGETS: 102621 # GETS hits
   hGETX: 0 # GETX hits
   mGETS: 115 # GETS misses
   mGETXIM: 0 # GETX I->M misses
   mGETXSM: 0 # GETX S->M misses (upgrade misses)
   PUTS: 0 # Clean evictions (from lower level)
   PUTX: 0 # Dirty evictions (from lower level)
   INV: 0 # Invalidates (from upper level)
   INVX: 0 # Downgrades (from upper level)
   FWD: 0 # Forwards (from upper level)
   latGETnl: 6250 # GET request latency on next level
   latGETnet: 0 # GET request latency on network to next level
  l1i-3: # Filter cache stats
   fhGETS: 5885925 # Filtered GETS hits
   fhGETX: 0 # Filtered GETX hits
   hGETS: 102628 # GETS hits
   hGETX: 0 # GETX hits
   mGETS: 116 # GETS misses
   mGETXIM: 0 # GETX I->M misses
   mGETXSM: 0 # GETX S->M misses (upgrade misses)
   PUTS: 0 # Clean evictions (from lower level)
   PUTX: 0 # Dirty evictions (from lower level)
   INV: 0 # Invalidates (from upper level)
   INVX: 0 # Downgrades (from upper level)
   FWD: 0 # Forwards (from upper level)
   latGETnl: 4844 # GET request latency on next level
   latGETnet: 0 # GET request latency on network to next level
  l1i-4: # Filter cache stats
   fhGETS: 5823571 # Filtered GETS hits
   fhGETX: 0 # Filtered GETX hits
   hGETS: 102406 # GETS hits
   hGETX: 0 # GETX hits
   mGETS: 111 # GETS misses
   mGETXIM: 0 # GETX I->M misses
   mGETXSM: 0 # GETX S->M misses (upgrade misses)
   PUTS: 0 # Clean evictions (from lower level)
   PUTX: 0 # Dirty evictions (from lower level)
   INV: 0 # Invalidates (from upper level)
   INVX: 0 # Downgrades (from upper level)
   FWD: 0 # Forwards (from upper level)
   latGETnl: 5484 # GET request latency on next level
   latGETnet: 0 # GET request latency on network to next level
  l1i-5: # Filter cache stats
   fhGETS: 5890092 # Filtered GETS hits
   fhGETX: 0 # Filtered GETX hits
   hGETS: 102625 # GETS hits
   hGETX: 0 # GETX hits
   mGETS: 112 # GETS misses
   mGETXIM: 0 # GETX I->M misses
   mGETXSM: 0 # GETX S->M misses (upgrade misses)
   PUTS: 0 # Clean evictions (from lower level)
   PUTX: 0 # Dirty evictions (from lower level)
   INV: 0 # Invalidates (from upper level)
   INVX: 0 # Downgrades (from upper level)
   FWD: 0 # Forwards (from upper level)
   latGETnl: 3988 # GET request latency on next level
   latGETnet: 0 # GET request latency on network to next level
  l1i-6: # Filter cache stats
   fhGETS: 5835027 # Filtered GETS hits
   fhGETX: 0 # Filtered GETX hits
   hGETS: 102404 # GETS hits
   hGETX: 0 # GETX hits
   mGETS: 119 # GETS misses
   mGETXIM: 0 # GETX I->M misses
   mGETXSM: 0 # GETX S->M misses (upgrade misses)
   PUTS: 0 # Clean evictions (from lower level)
   PUTX: 0 # Dirty evictions (from lower level)
   INV: 0 # Invalidates (from upper level)
   INVX: 0 # Downgrades (from upper level)
   FWD: 0 # Forwards (from upper level)
   latGETnl: 4406 # GET request latency on next level
   latGETnet: 0 # GET request latency on network to next level
  l1i-7: # Filter cache stats
   fhGETS: 5824048 # Filtered GETS hits
   fhGETX: 0 # Filtered GETX hits
   hGETS: 102453 # GETS hits
   hGETX: 0 # GETX hits
   mGETS: 193 # GETS misses
   mGETXIM: 0 # GETX I->M misses
   mGETXSM: 0 # GETX S->M misses (upgrade misses)
   PUTS: 0 # Clean evictions (from lower level)
   PUTX: 0 # Dirty evictions (from lower level)
   INV: 0 # Invalidates (from upper level)
   INVX: 0 # Downgrades (from upper level)
   FWD: 0 # Forwards (from upper level)
   latGETnl: 13402 # GET request latency on next level
   latGETnet: 0 # GET request latency on network to next level
 l1d: # Cache stats
  l1d-0: # Filter cache stats
   fhGETS: 13056844 # Filtered GETS hits
   fhGETX: 6648589 # Filtered GETX hits
   hGETS: 733922 # GETS hits
   hGETX: 197887 # GETX hits
   mGETS: 28140 # GETS misses
   mGETXIM: 3047 # GETX I->M misses
   mGETXSM: 3 # GETX S->M misses (upgrade misses)
   PUTS: 0 # Clean evictions (from lower level)
   PUTX: 0 # Dirty evictions (from lower level)
   INV: 146 # Invalidates (from upper level)
   INVX: 83 # Downgrades (from upper level)
   FWD: 0 # Forwards (from upper level)
   latGETnl: 279276 # GET request latency on next level
   latGETnet: 0 # GET request latency on network to next level
  l1d-1: # Filter cache stats
   fhGETS: 12954315 # Filtered GETS hits
   fhGETX: 6666830 # Filtered GETX hits
   hGETS: 802628 # GETS hits
   hGETX: 162097 # GETX hits
   mGETS: 25621 # GETS misses
   mGETXIM: 2919 # GETX I->M misses
   mGETXSM: 2 # GETX S->M misses (upgrade misses)
   PUTS: 0 # Clean evictions (from lower level)
   PUTX: 0 # Dirty evictions (from lower level)
   INV: 104 # Invalidates (from upper level)
   INVX: 40 # Downgrades (from upper level)
   FWD: 0 # Forwards (from upper level)
   latGETnl: 241967 # GET request latency on next level
   latGETnet: 0 # GET request latency on network to next level
  l1d-2: # Filter cache stats
   fhGETS: 13057827 # Filtered GETS hits
   fhGETX: 6646128 # Filtered GETX hits
   hGETS: 731924 # GETS hits
   hGETX: 198598 # GETX hits
   mGETS: 26913 # GETS misses
   mGETXIM: 2920 # GETX I->M misses
   mGETXSM: 2 # GETX S->M misses (upgrade misses)
   PUTS: 0 # Clean evictions (from lower level)
   PUTX: 0 # Dirty evictions (from lower level)
   INV: 192 # Invalidates (from upper level)
   INVX: 24 # Downgrades (from upper level)
   FWD: 0 # Forwards (from upper level)
   latGETnl: 253446 # GET request latency on next level
   latGETnet: 0 # GET request latency on network to next level
  l1d-3: # Filter cache stats
   fhGETS: 13056015 # Filtered GETS hits
   fhGETX: 6643828 # Filtered GETX hits
   hGETS: 729934 # GETS hits
   hGETX: 199298 # GETX hits
   mGETS: 26515 # GETS misses
   mGETXIM: 2920 # GETX I->M misses
   mGETXSM: 2 # GETX S->M misses (upgrade misses)
   PUTS: 0 # Clean evictions (from lower level)
   PUTX: 0 # Dirty evictions (from lower level)
   INV: 193 # Invalidates (from upper level)
   INVX: 37 # Downgrades (from upper level)
   FWD: 0 # Forwards (from upper level)
   latGETnl: 251547 # GET request latency on next level
   latGETnet: 0 # GET request latency on network to next level
  l1d-4: # Filter cache stats
   fhGETS: 12966917 # Filtered GETS hits
   fhGETX: 6673527 # Filtered GETX hits
   hGETS: 795825 # GETS hits
   hGETX: 158402 # GETX hits
   mGETS: 26322 # GETS misses
   mGETXIM: 3017 # GETX I->M misses
   mGETXSM: 2 # GETX S->M misses (upgrade misses)
   PUTS: 0 # Clean evictions (from lower level)
   PUTX: 0 # Dirty evictions (from lower level)
   INV: 203 # Invalidates (from upper level)
   INVX: 21 # Downgrades (from upper level)
   FWD: 0 # Forwards (from upper level)
   latGETnl: 249518 # GET request latency on next level
   latGETnet: 0 # GET request latency on network to next level
  l1d-5: # Filter cache stats
   fhGETS: 13057315 # Filtered GETS hits
   fhGETX: 6645328 # Filtered GETX hits
   hGETS: 731239 # GETS hits
   hGETX: 199199 # GETX hits
   mGETS: 27910 # GETS misses
   mGETXIM: 2919 # GETX I->M misses
   mGETXSM: 2 # GETX S->M misses (upgrade misses)
   PUTS: 0 # Clean evictions (from lower level)
   PUTX: 0 # Dirty evictions (from lower level)
   INV: 186 # Invalidates (from upper level)
   INVX: 48 # Downgrades (from upper level)
   FWD: 0 # Forwards (from upper level)
   latGETnl: 262409 # GET request latency on next level
   latGETnet: 0 # GET request latency on network to next level
  l1d-6: # Filter cache stats
   fhGETS: 12968719 # Filtered GETS hits
   fhGETX: 6670927 # Filtered GETX hits
   hGETS: 794124 # GETS hits
   hGETX: 160703 # GETX hits
   mGETS: 26221 # GETS misses
   mGETXIM: 3016 # GETX I->M misses
   mGETXSM: 2 # GETX S->M misses (upgrade misses)
   PUTS: 0 # Clean evictions (from lower level)
   PUTX: 0 # Dirty evictions (from lower level)
   INV: 202 # Invalidates (from upper level)
   INVX: 50 # Downgrades (from upper level)
   FWD: 0 # Forwards (from upper level)
   latGETnl: 251319 # GET request latency on next level
   latGETnet: 0 # GET request latency on network to next level
  l1d-7: # Filter cache stats
   fhGETS: 12968510 # Filtered GETS hits
   fhGETX: 6674756 # Filtered GETX hits
   hGETS: 798777 # GETS hits
   hGETX: 159053 # GETX hits
   mGETS: 25995 # GETS misses
   mGETXIM: 3035 # GETX I->M misses
   mGETXSM: 31 # GETX S->M misses (upgrade misses)
   PUTS: 0 # Clean evictions (from lower level)
   PUTX: 0 # Dirty evictions (from lower level)
   INV: 202 # Invalidates (from upper level)
   INVX: 20 # Downgrades (from upper level)
   FWD: 0 # Forwards (from upper level)
   latGETnl: 252532 # GET request latency on next level
   latGETnet: 0 # GET request latency on network to next level
 l2: # Cache stats
  l2-0: # Cache stats
   hGETS: 27666 # GETS hits
   hGETX: 2773 # GETX hits
   mGETS: 723 # GETS misses
   mGETXIM: 274 # GETX I->M misses
   mGETXSM: 3 # GETX S->M misses (upgrade misses)
   PUTS: 27784 # Clean evictions (from lower level)
   PUTX: 2835 # Dirty evictions (from lower level)
   INV: 170 # Invalidates (from upper level)
   INVX: 110 # Downgrades (from upper level)
   FWD: 0 # Forwards (from upper level)
   latGETnl: 79909 # GET request latency on next level
   latGETnet: 0 # GET request latency on network to next level
  l2-1: # Cache stats
   hGETS: 25169 # GETS hits
   hGETX: 2772 # GETX hits
   mGETS: 570 # GETS misses
   mGETXIM: 147 # GETX I->M misses
   mGETXSM: 2 # GETX S->M misses (upgrade misses)
   PUTS: 25258 # Clean evictions (from lower level)
   PUTX: 2774 # Dirty evictions (from lower level)
   INV: 104 # Invalidates (from upper level)
   INVX: 42 # Downgrades (from upper level)
   FWD: 0 # Forwards (from upper level)
   latGETnl: 48959 # GET request latency on next level
   latGETnet: 0 # GET request latency on network to next level
  l2-2: # Cache stats
   hGETS: 26470 # GETS hits
   hGETX: 2674 # GETX hits
   mGETS: 558 # GETS misses
   mGETXIM: 246 # GETX I->M misses
   mGETXSM: 2 # GETX S->M misses (upgrade misses)
   PUTS: 26566 # Clean evictions (from lower level)
   PUTX: 2688 # Dirty evictions (from lower level)
   INV: 203 # Invalidates (from upper level)
   INVX: 26 # Downgrades (from upper level)
   FWD: 0 # Forwards (from upper level)
   latGETnl: 50046 # GET request latency on next level
   latGETnet: 0 # GET request latency on network to next level
  l2-3: # Cache stats
   hGETS: 26074 # GETS hits
   hGETX: 2675 # GETX hits
   mGETS: 557 # GETS misses
   mGETXIM: 245 # GETX I->M misses
   mGETXSM: 2 # GETX S->M misses (upgrade misses)
   PUTS: 26169 # Clean evictions (from lower level)
   PUTX: 2687 # Dirty evictions (from lower level)
   INV: 203 # Invalidates (from upper level)
   INVX: 37 # Downgrades (from upper level)
   FWD: 0 # Forwards (from upper level)
   latGETnl: 49520 # GET request latency on next level
   latGETnet: 0 # GET request latency on network to next level
  l2-4: # Cache stats
   hGETS: 25877 # GETS hits
   hGETX: 2772 # GETX hits
   mGETS: 556 # GETS misses
   mGETXIM: 245 # GETX I->M misses
   mGETXSM: 2 # GETX S->M misses (upgrade misses)
   PUTS: 25964 # Clean evictions (from lower level)
   PUTX: 2774 # Dirty evictions (from lower level)
   INV: 203 # Invalidates (from upper level)
   INVX: 21 # Downgrades (from upper level)
   FWD: 0 # Forwards (from upper level)
   latGETnl: 48838 # GET request latency on next level
   latGETnet: 0 # GET request latency on network to next level
  l2-5: # Cache stats
   hGETS: 27465 # GETS hits
   hGETX: 2675 # GETX hits
   mGETS: 557 # GETS misses
   mGETXIM: 244 # GETX I->M misses
   mGETXSM: 2 # GETX S->M misses (upgrade misses)
   PUTS: 27564 # Clean evictions (from lower level)
   PUTX: 2693 # Dirty evictions (from lower level)
   INV: 202 # Invalidates (from upper level)
   INVX: 48 # Downgrades (from upper level)
   FWD: 0 # Forwards (from upper level)
   latGETnl: 49796 # GET request latency on next level
   latGETnet: 0 # GET request latency on network to next level
  l2-6: # Cache stats
   hGETS: 25776 # GETS hits
   hGETX: 2772 # GETX hits
   mGETS: 564 # GETS misses
   mGETXIM: 244 # GETX I->M misses
   mGETXSM: 2 # GETX S->M misses (upgrade misses)
   PUTS: 25864 # Clean evictions (from lower level)
   PUTX: 2774 # Dirty evictions (from lower level)
   INV: 202 # Invalidates (from upper level)
   INVX: 50 # Downgrades (from upper level)
   FWD: 0 # Forwards (from upper level)
   latGETnl: 50219 # GET request latency on next level
   latGETnet: 0 # GET request latency on network to next level
  l2-7: # Cache stats
   hGETS: 25473 # GETS hits
   hGETX: 2773 # GETX hits
   mGETS: 715 # GETS misses
   mGETXIM: 262 # GETX I->M misses
   mGETXSM: 31 # GETX S->M misses (upgrade misses)
   PUTS: 25610 # Clean evictions (from lower level)
   PUTX: 2779 # Dirty evictions (from lower level)
   INV: 202 # Invalidates (from upper level)
   INVX: 20 # Downgrades (from upper level)
   FWD: 0 # Forwards (from upper level)
   latGETnl: 61156 # GET request latency on next level
   latGETnet: 0 # GET request latency on network to next level
 l3: # Cache stats
  l3-0b0: # Cache stats
   hGETS: 327 # GETS hits
   hGETX: 1406 # GETX hits
   mGETS: 272 # GETS misses
   mGETXIM: 59 # GETX I->M misses
   mGETXSM: 0 # GETX S->M misses (upgrade misses)
   PUTS: 0 # Clean evictions (from lower level)
   PUTX: 0 # Dirty evictions (from lower level)
   INV: 0 # Invalidates (from upper level)
   INVX: 0 # Downgrades (from upper level)
   FWD: 0 # Forwards (from upper level)
   latGETnl: 29790 # GET request latency on next level
   latGETnet: 0 # GET request latency on network to next level
  l3-0b1: # Cache stats
   hGETS: 341 # GETS hits
   hGETX: 7 # GETX hits
   mGETS: 268 # GETS misses
   mGETXIM: 53 # GETX I->M misses
   mGETXSM: 0 # GETX S->M misses (upgrade misses)
   PUTS: 0 # Clean evictions (from lower level)
   PUTX: 0 # Dirty evictions (from lower level)
   INV: 0 # Invalidates (from upper level)
   INVX: 0 # Downgrades (from upper level)
   FWD: 0 # Forwards (from upper level)
   latGETnl: 28890 # GET request latency on next level
   latGETnet: 0 # GET request latency on network to next level
  l3-0b2: # Cache stats
   hGETS: 351 # GETS hits
   hGETX: 18 # GETX hits
   mGETS: 267 # GETS misses
   mGETXIM: 59 # GETX I->M misses
   mGETXSM: 0 # GETX S->M misses (upgrade misses)
   PUTS: 0 # Clean evictions (from lower level)
   PUTX: 0 # Dirty evictions (from lower level)
   INV: 0 # Invalidates (from upper level)
   INVX: 0 # Downgrades (from upper level)
   FWD: 0 # Forwards (from upper level)
   latGETnl: 29340 # GET request latency on next level
   latGETnet: 0 # GET request latency on network to next level
  l3-0b3: # Cache stats
   hGETS: 318 # GETS hits
   hGETX: 12 # GETX hits
   mGETS: 276 # GETS misses
   mGETXIM: 64 # GETX I->M misses
   mGETXSM: 0 # GETX S->M misses (upgrade misses)
   PUTS: 0 # Clean evictions (from lower level)
   PUTX: 0 # Dirty evictions (from lower level)
   INV: 0 # Invalidates (from upper level)
   INVX: 0 # Downgrades (from upper level)
   FWD: 0 # Forwards (from upper level)
   latGETnl: 30600 # GET request latency on next level
   latGETnet: 0 # GET request latency on network to next level
  l3-0b4: # Cache stats
   hGETS: 338 # GETS hits
   hGETX: 10 # GETX hits
   mGETS: 274 # GETS misses
   mGETXIM: 60 # GETX I->M misses
   mGETXSM: 0 # GETX S->M misses (upgrade misses)
   PUTS: 0 # Clean evictions (from lower level)
   PUTX: 0 # Dirty evictions (from lower level)
   INV: 0 # Invalidates (from upper level)
   INVX: 0 # Downgrades (from upper level)
   FWD: 0 # Forwards (from upper level)
   latGETnl: 30060 # GET request latency on next level
   latGETnet: 0 # GET request latency on network to next level
  l3-0b5: # Cache stats
   hGETS: 321 # GETS hits
   hGETX: 7 # GETX hits
   mGETS: 263 # GETS misses
   mGETXIM: 54 # GETX I->M misses
   mGETXSM: 0 # GETX S->M misses (upgrade misses)
   PUTS: 0 # Clean evictions (from lower level)
   PUTX: 0 # Dirty evictions (from lower level)
   INV: 0 # Invalidates (from upper level)
   INVX: 0 # Downgrades (from upper level)
   FWD: 0 # Forwards (from upper level)
   latGETnl: 28530 # GET request latency on next level
   latGETnet: 0 # GET request latency on network to next level
  l3-0b6: # Cache stats
   hGETS: 330 # GETS hits
   hGETX: 10 # GETX hits
   mGETS: 268 # GETS misses
   mGETXIM: 57 # GETX I->M misses
   mGETXSM: 0 # GETX S->M misses (upgrade misses)
   PUTS: 0 # Clean evictions (from lower level)
   PUTX: 0 # Dirty evictions (from lower level)
   INV: 0 # Invalidates (from upper level)
   INVX: 0 # Downgrades (from upper level)
   FWD: 0 # Forwards (from upper level)
   latGETnl: 29250 # GET request latency on next level
   latGETnet: 0 # GET request latency on network to next level
  l3-0b7: # Cache stats
   hGETS: 318 # GETS hits
   hGETX: 14 # GETX hits
   mGETS: 268 # GETS misses
   mGETXIM: 63 # GETX I->M misses
   mGETXSM: 0 # GETX S->M misses (upgrade misses)
   PUTS: 1 # Clean evictions (from lower level)
   PUTX: 0 # Dirty evictions (from lower level)
   INV: 0 # Invalidates (from upper level)
   INVX: 0 # Downgrades (from upper level)
   FWD: 0 # Forwards (from upper level)
   latGETnl: 29790 # GET request latency on next level
   latGETnet: 0 # GET request latency on network to next level
 mem: # Memory controller stats
  mem-0: # Memory controller stats
   rd: 666 # Read requests
   wr: 0 # Write requests
   rdlat: 103591 # Total latency experienced by read requests
   wrlat: 0 # Total latency experienced by write requests
   rdhits: 262 # Read row hits
   wrhits: 0 # Write row hits
   mlh: # latency histogram for memory requests
    0: 0
    1: 0
    2: 0
    3: 0
    4: 0
    5: 0
    6: 0
    7: 0
    8: 0
    9: 0
    10: 0
    11: 0
    12: 1
    13: 289
    14: 90
    15: 53
    16: 17
    17: 96
    18: 40
    19: 46
    20: 8
    21: 1
    22: 5
    23: 2
    24: 4
    25: 3
    26: 2
    27: 4
    28: 1
    29: 0
    30: 2
    31: 0
    32: 1
    33: 0
    34: 0
    35: 0
    36: 1
    37: 0
    38: 0
    39: 0
    40: 0
    41: 0
    42: 0
    43: 0
    44: 0
    45: 0
    46: 0
    47: 0
    48: 0
    49: 0
    50: 0
    51: 0
    52: 0
    53: 0
    54: 0
    55: 0
    56: 0
    57: 0
    58: 0
    59: 0
    60: 0
    61: 0
    62: 0
    63: 0
    64: 0
    65: 0
    66: 0
    67: 0
    68: 0
    69: 0
    70: 0
    71: 0
    72: 0
    73: 0
    74: 0
    75: 0
    76: 0
    77: 0
    78: 0
    79: 0
    80: 0
    81: 0
    82: 0
    83: 0
    84: 0
    85: 0
    86: 0
    87: 0
    88: 0
    89: 0
    90: 0
    91: 0
    92: 0
    93: 0
    94: 0
    95: 0
    96: 0
    97: 0
    98: 0
    99: 0
  mem-1: # Memory controller stats
   rd: 647 # Read requests
   wr: 0 # Write requests
   rdlat: 110144 # Total latency experienced by read requests
   wrlat: 0 # Total latency experienced by write requests
   rdhits: 262 # Read row hits
   wrhits: 0 # Write row hits
   mlh: # latency histogram for memory requests
    0: 0
    1: 0
    2: 0
    3: 0
    4: 0
    5: 0
    6: 0
    7: 0
    8: 0
    9: 0
    10: 0
    11: 1
    12: 1
    13: 283
    14: 61
    15: 48
    16: 16
    17: 90
    18: 28
    19: 46
    20: 8
    21: 4
    22: 5
    23: 0
    24: 2
    25: 2
    26: 4
    27: 6
    28: 4
    29: 4
    30: 6
    31: 1
    32: 4
    33: 1
    34: 2
    35: 1
    36: 1
    37: 1
    38: 0
    39: 0
    40: 1
    41: 1
    42: 1
    43: 0
    44: 1
    45: 1
    46: 1
    47: 0
    48: 1
    49: 2
    50: 1
    51: 1
    52: 1
    53: 0
    54: 0
    55: 0
    56: 0
    57: 0
    58: 0
    59: 0
    60: 1
    61: 1
    62: 1
    63: 1
    64: 1
    65: 0
    66: 0
    67: 0
    68: 0
    69: 0
    70: 0
    71: 0
    72: 0
    73: 0
    74: 0
    75: 0
    76: 0
    77: 0
    78: 0
    79: 0
    80: 0
    81: 0
    82: 0
    83: 0
    84: 0
    85: 0
    86: 0
    87: 0
    88: 0
    89: 0
    90: 0
    91: 0
    92: 0
    93: 0
    94: 0
    95: 0
    96: 0
    97: 0
    98: 0
    99: 0
  mem-2: # Memory controller stats
   rd: 648 # Read requests
   wr: 0 # Write requests
   rdlat: 104811 # Total latency experienced by read requests
   wrlat: 0 # Total latency experienced by write requests
   rdhits: 265 # Read row hits
   wrhits: 0 # Write row hits
   mlh: # latency histogram for memory requests
    0: 0
    1: 0
    2: 0
    3: 0
    4: 0
    5: 0
    6: 0
    7: 0
    8: 0
    9: 0
    10: 0
    11: 0
    12: 1
    13: 285
    14: 64
    15: 51
    16: 14
    17: 99
    18: 30
    19: 56
    20: 5
    21: 5
    22: 4
    23: 2
    24: 3
    25: 1
    26: 2
    27: 1
    28: 0
    29: 2
    30: 1
    31: 4
    32: 4
    33: 3
    34: 3
    35: 1
    36: 0
    37: 0
    38: 0
    39: 0
    40: 1
    41: 2
    42: 1
    43: 2
    44: 0
    45: 1
    46: 0
    47: 0
    48: 0
    49: 0
    50: 0
    51: 0
    52: 0
    53: 0
    54: 0
    55: 0
    56: 0
    57: 0
    58: 0
    59: 0
    60: 0
    61: 0
    62: 0
    63: 0
    64: 0
    65: 0
    66: 0
    67: 0
    68: 0
    69: 0
    70: 0
    71: 0
    72: 0
    73: 0
    74: 0
    75: 0
    76: 0
    77: 0
    78: 0
    79: 0
    80: 0
    81: 0
    82: 0
    83: 0
    84: 0
    85: 0
    86: 0
    87: 0
    88: 0
    89: 0
    90: 0
    91: 0
    92: 0
    93: 0
    94: 0
    95: 0
    96: 0
    97: 0
    98: 0
    99: 0
  mem-3: # Memory controller stats
   rd: 647 # Read requests
   wr: 0 # Write requests
   rdlat: 100753 # Total latency experienced by read requests
   wrlat: 0 # Total latency experienced by write requests
   rdhits: 261 # Read row hits
   wrhits: 0 # Write row hits
   mlh: # latency histogram for memory requests
    0: 0
    1: 0
    2: 0
    3: 0
    4: 0
    5: 0
    6: 0
    7: 0
    8: 0
    9: 0
    10: 0
    11: 0
    12: 1
    13: 299
    14: 67
    15: 56
    16: 6
    17: 111
    18: 33
    19: 42
    20: 3
    21: 3
    22: 1
    23: 0
    24: 2
    25: 5
    26: 4
    27: 5
    28: 3
    29: 3
    30: 2
    31: 0
    32: 1
    33: 0
    34: 0
    35: 0
    36: 0
    37: 0
    38: 0
    39: 0
    40: 0
    41: 0
    42: 0
    43: 0
    44: 0
    45: 0
    46: 0
    47: 0
    48: 0
    49: 0
    50: 0
    51: 0
    52: 0
    53: 0
    54: 0
    55: 0
    56: 0
    57: 0
    58: 0
    59: 0
    60: 0
    61: 0
    62: 0
    63: 0
    64: 0
    65: 0
    66: 0
    67: 0
    68: 0
    69: 0
    70: 0
    71: 0
    72: 0
    73: 0
    74: 0
    75: 0
    76: 0
    77: 0
    78: 0
    79: 0
    80: 0
    81: 0
    82: 0
    83: 0
    84: 0
    85: 0
    86: 0
    87: 0
    88: 0
    89: 0
    90: 0
    91: 0
    92: 0
    93: 0
    94: 0
    95: 0
    96: 0
    97: 0
    98: 0
    99: 0
 sched: # Scheduler stats
  thCr: 9 # Threads created
  thFn: 9 # Threads finished
  schedEvs: 10 # Schedule events
  waitEvs: 1 # Wait events
  handoffEvs: 0 # Handoff events
  sleepEvs: 0 # Sleep events
  idlePhases: 0 # Phases with no thread active
  idlePeriods: 0 # Periods with no thread active
  occHist: # Occupancy histogram
   0: 0
   1: 3
   2: 0
   3: 2
   4: 0
   5: 24
   6: 1
   7: 3
   8: 3532
  rqSzHist: # Run queue size histogram
   0: 3565
   1: 0
   2: 0
   3: 0
   4: 0
   5: 0
   6: 0
   7: 0
   8: 0
   9: 0
   10: 0
   11: 0
   12: 0
   13: 0
   14: 0
   15: 0
   16: 0
 procCycles: # Per-process unhalted core cycles
  0: 283865366
  1: 0
  2: 0
  3: 0
  4: 0
  5: 0
  6: 0
  7: 0
  8: 0
  9: 0
  10: 0
  11: 0
  12: 0
  13: 0
  14: 0
  15: 0
  16: 0
  17: 0
  18: 0
  19: 0
  20: 0
  21: 0
  22: 0
  23: 0
  24: 0
  25: 0
  26: 0
  27: 0
  28: 0
  29: 0
  30: 0
  31: 0
  32: 0
  33: 0
  34: 0
  35: 0
  36: 0
  37: 0
  38: 0
  39: 0
  40: 0
  41: 0
  42: 0
  43: 0
  44: 0
  45: 0
  46: 0
  47: 0
  48: 0
  49: 0
  50: 0
  51: 0
  52: 0
  53: 0
  54: 0
  55: 0
  56: 0
  57: 0
  58: 0
  59: 0
  60: 0
  61: 0
  62: 0
  63: 0
 procInstrs: # Per-process instructions
  0: 360465749
  1: 0
  2: 0
  3: 0
  4: 0
  5: 0
  6: 0
  7: 0
  8: 0
  9: 0
  10: 0
  11: 0
  12: 0
  13: 0
  14: 0
  15: 0
  16: 0
  17: 0
  18: 0
  19: 0
  20: 0
  21: 0
  22: 0
  23: 0
  24: 0
  25: 0
  26: 0
  27: 0
  28: 0
  29: 0
  30: 0
  31: 0
  32: 0
  33: 0
  34: 0
  35: 0
  36: 0
  37: 0
  38: 0
  39: 0
  40: 0
  41: 0
  42: 0
  43: 0
  44: 0
  45: 0
  46: 0
  47: 0
  48: 0
  49: 0
  50: 0
  51: 0
  52: 0
  53: 0
  54: 0
  55: 0
  56: 0
  57: 0
  58: 0
  59: 0
  60: 0
  61: 0
  62: 0
  63: 0
 heartbeats: # Per-process heartbeats
  0: 0
  1: 0
  2: 0
  3: 0
  4: 0
  5: 0
  6: 0
  7: 0
  8: 0
  9: 0
  10: 0
  11: 0
  12: 0
  13: 0
  14: 0
  15: 0
  16: 0
  17: 0
  18: 0
  19: 0
  20: 0
  21: 0
  22: 0
  23: 0
  24: 0
  25: 0
  26: 0
  27: 0
  28: 0
  29: 0
  30: 0
  31: 0
  32: 0
  33: 0
  34: 0
  35: 0
  36: 0
  37: 0
  38: 0
  39: 0
  40: 0
  41: 0
  42: 0
  43: 0
  44: 0
  45: 0
  46: 0
  47: 0
  48: 0
  49: 0
  50: 0
  51: 0
  52: 0
  53: 0
  54: 0
  55: 0
  56: 0
  57: 0
  58: 0
  59: 0
  60: 0
  61: 0
  62: 0
  63: 0
===
