# zsim stats
===
root: # Stats
 contention: # Contention simulation stats
  domain-0: # Domain stats
   time: 168599701 # Weave simulation time
 time: # Simulator time breakdown
  init: 6694028223
  bound: 427292335860
  weave: 39178759782
  ff: 91568841
 trigger: 20000 # Reason for this stats dump
 phase: 16010 # Simulated phases
 westmere: # Core stats
  westmere-0: # Core stats
   cycles: 160085572 # Simulated unhalted cycles
   cCycles: 20430 # Cycles due to contention stalls
   instrs: 265692457 # Simulated instructions
   uops: 322686051 # Retired micro-ops
   bbls: 16799546 # Basic blocks
   approxInstrs: 1608002 # Instrs with approx uop decoding
   mispredBranches: 397894 # Mispredicted branches
   condBranches: 11491773 # conditional branches
  westmere-1: # Core stats
   cycles: 159983387 # Simulated unhalted cycles
   cCycles: 18907 # Cycles due to contention stalls
   instrs: 265590927 # Simulated instructions
   uops: 322571368 # Retired micro-ops
   bbls: 16782570 # Basic blocks
   approxInstrs: 1606425 # Instrs with approx uop decoding
   mispredBranches: 395553 # Mispredicted branches
   condBranches: 11478594 # conditional branches
  westmere-2: # Core stats
   cycles: 160021185 # Simulated unhalted cycles
   cCycles: 22986 # Cycles due to contention stalls
   instrs: 265592468 # Simulated instructions
   uops: 322571843 # Retired micro-ops
   bbls: 16783458 # Basic blocks
   approxInstrs: 1605726 # Instrs with approx uop decoding
   mispredBranches: 395556 # Mispredicted branches
   condBranches: 11479671 # conditional branches
  westmere-3: # Core stats
   cycles: 160085658 # Simulated unhalted cycles
   cCycles: 20577 # Cycles due to contention stalls
   instrs: 265693226 # Simulated instructions
   uops: 322687743 # Retired micro-ops
   bbls: 16798711 # Basic blocks
   approxInstrs: 1609366 # Instrs with approx uop decoding
   mispredBranches: 398352 # Mispredicted branches
   condBranches: 11490253 # conditional branches
  westmere-4: # Core stats
   cycles: 160089920 # Simulated unhalted cycles
   cCycles: 20446 # Cycles due to contention stalls
   instrs: 265719522 # Simulated instructions
   uops: 322716518 # Retired micro-ops
   bbls: 16803763 # Basic blocks
   approxInstrs: 1609344 # Instrs with approx uop decoding
   mispredBranches: 397438 # Mispredicted branches
   condBranches: 11494185 # conditional branches
  westmere-5: # Core stats
   cycles: 158316090 # Simulated unhalted cycles
   cCycles: 24677 # Cycles due to contention stalls
   instrs: 262759156 # Simulated instructions
   uops: 319153422 # Retired micro-ops
   bbls: 16624628 # Basic blocks
   approxInstrs: 1594184 # Instrs with approx uop decoding
   mispredBranches: 394748 # Mispredicted branches
   condBranches: 11357943 # conditional branches
  westmere-6: # Core stats
   cycles: 158474518 # Simulated unhalted cycles
   cCycles: 18723 # Cycles due to contention stalls
   instrs: 262810534 # Simulated instructions
   uops: 319211525 # Retired micro-ops
   bbls: 16632154 # Basic blocks
   approxInstrs: 1595661 # Instrs with approx uop decoding
   mispredBranches: 396051 # Mispredicted branches
   condBranches: 11363534 # conditional branches
  westmere-7: # Core stats
   cycles: 160074037 # Simulated unhalted cycles
   cCycles: 20733 # Cycles due to contention stalls
   instrs: 265684162 # Simulated instructions
   uops: 322677012 # Retired micro-ops
   bbls: 16797650 # Basic blocks
   approxInstrs: 1609403 # Instrs with approx uop decoding
   mispredBranches: 397857 # Mispredicted branches
   condBranches: 11489042 # conditional branches
 l1i: # Cache stats
  l1i-0: # Filter cache stats
   fhGETS: 25571239 # Filtered GETS hits
   fhGETX: 0 # Filtered GETX hits
   hGETS: 778403 # GETS hits
   hGETX: 0 # GETX hits
   mGETS: 928 # GETS misses
   mGETXIM: 0 # GETX I->M misses
   mGETXSM: 0 # GETX S->M misses (upgrade misses)
   PUTS: 0 # Clean evictions (from lower level)
   PUTX: 0 # Dirty evictions (from lower level)
   INV: 0 # Invalidates (from upper level)
   INVX: 0 # Downgrades (from upper level)
   FWD: 0 # Forwards (from upper level)
   latGETnl: 32920 # GET request latency on next level
   latGETnet: 0 # GET request latency on network to next level
  l1i-1: # Filter cache stats
   fhGETS: 25544995 # Filtered GETS hits
   fhGETX: 0 # Filtered GETX hits
   hGETS: 776441 # GETS hits
   hGETX: 0 # GETX hits
   mGETS: 389 # GETS misses
   mGETXIM: 0 # GETX I->M misses
   mGETXSM: 0 # GETX S->M misses (upgrade misses)
   PUTS: 0 # Clean evictions (from lower level)
   PUTX: 0 # Dirty evictions (from lower level)
   INV: 0 # Invalidates (from upper level)
   INVX: 0 # Downgrades (from upper level)
   FWD: 0 # Forwards (from upper level)
   latGETnl: 17438 # GET request latency on next level
   latGETnet: 0 # GET request latency on network to next level
  l1i-2: # Filter cache stats
   fhGETS: 25544851 # Filtered GETS hits
   fhGETX: 0 # Filtered GETX hits
   hGETS: 776547 # GETS hits
   hGETX: 0 # GETX hits
   mGETS: 659 # GETS misses
   mGETXIM: 0 # GETX I->M misses
   mGETXSM: 0 # GETX S->M misses (upgrade misses)
   PUTS: 0 # Clean evictions (from lower level)
   PUTX: 0 # Dirty evictions (from lower level)
   INV: 0 # Invalidates (from upper level)
   INVX: 0 # Downgrades (from upper level)
   FWD: 0 # Forwards (from upper level)
   latGETnl: 23630 # GET request latency on next level
   latGETnet: 0 # GET request latency on network to next level
  l1i-3: # Filter cache stats
   fhGETS: 25573619 # Filtered GETS hits
   fhGETX: 0 # Filtered GETX hits
   hGETS: 779047 # GETS hits
   hGETX: 0 # GETX hits
   mGETS: 668 # GETS misses
   mGETXIM: 0 # GETX I->M misses
   mGETXSM: 0 # GETX S->M misses (upgrade misses)
   PUTS: 0 # Clean evictions (from lower level)
   PUTX: 0 # Dirty evictions (from lower level)
   INV: 0 # Invalidates (from upper level)
   INVX: 0 # Downgrades (from upper level)
   FWD: 0 # Forwards (from upper level)
   latGETnl: 22955 # GET request latency on next level
   latGETnet: 0 # GET request latency on network to next level
  l1i-4: # Filter cache stats
   fhGETS: 25574757 # Filtered GETS hits
   fhGETX: 0 # Filtered GETX hits
   hGETS: 778045 # GETS hits
   hGETX: 0 # GETX hits
   mGETS: 846 # GETS misses
   mGETXIM: 0 # GETX I->M misses
   mGETXSM: 0 # GETX S->M misses (upgrade misses)
   PUTS: 0 # Clean evictions (from lower level)
   PUTX: 0 # Dirty evictions (from lower level)
   INV: 0 # Invalidates (from upper level)
   INVX: 0 # Downgrades (from upper level)
   FWD: 0 # Forwards (from upper level)
   latGETnl: 24462 # GET request latency on next level
   latGETnet: 0 # GET request latency on network to next level
  l1i-5: # Filter cache stats
   fhGETS: 25313774 # Filtered GETS hits
   fhGETX: 0 # Filtered GETX hits
   hGETS: 762233 # GETS hits
   hGETX: 0 # GETX hits
   mGETS: 811 # GETS misses
   mGETXIM: 0 # GETX I->M misses
   mGETXSM: 0 # GETX S->M misses (upgrade misses)
   PUTS: 0 # Clean evictions (from lower level)
   PUTX: 0 # Dirty evictions (from lower level)
   INV: 0 # Invalidates (from upper level)
   INVX: 0 # Downgrades (from upper level)
   FWD: 0 # Forwards (from upper level)
   latGETnl: 47032 # GET request latency on next level
   latGETnet: 0 # GET request latency on network to next level
  l1i-6: # Filter cache stats
   fhGETS: 25326110 # Filtered GETS hits
   fhGETX: 0 # Filtered GETX hits
   hGETS: 765716 # GETS hits
   hGETX: 0 # GETX hits
   mGETS: 801 # GETS misses
   mGETXIM: 0 # GETX I->M misses
   mGETXSM: 0 # GETX S->M misses (upgrade misses)
   PUTS: 0 # Clean evictions (from lower level)
   PUTX: 0 # Dirty evictions (from lower level)
   INV: 0 # Invalidates (from upper level)
   INVX: 0 # Downgrades (from upper level)
   FWD: 0 # Forwards (from upper level)
   latGETnl: 22950 # GET request latency on next level
   latGETnet: 0 # GET request latency on network to next level
  l1i-7: # Filter cache stats
   fhGETS: 25570953 # Filtered GETS hits
   fhGETX: 0 # Filtered GETX hits
   hGETS: 778015 # GETS hits
   hGETX: 0 # GETX hits
   mGETS: 684 # GETS misses
   mGETXIM: 0 # GETX I->M misses
   mGETXSM: 0 # GETX S->M misses (upgrade misses)
   PUTS: 0 # Clean evictions (from lower level)
   PUTX: 0 # Dirty evictions (from lower level)
   INV: 0 # Invalidates (from upper level)
   INVX: 0 # Downgrades (from upper level)
   FWD: 0 # Forwards (from upper level)
   latGETnl: 24309 # GET request latency on next level
   latGETnet: 0 # GET request latency on network to next level
 l1d: # Cache stats
  l1d-0: # Filter cache stats
   fhGETS: 108430868 # Filtered GETS hits
   fhGETX: 20927254 # Filtered GETX hits
   hGETS: 3650582 # GETS hits
   hGETX: 2061202 # GETX hits
   mGETS: 144848 # GETS misses
   mGETXIM: 66574 # GETX I->M misses
   mGETXSM: 9 # GETX S->M misses (upgrade misses)
   PUTS: 0 # Clean evictions (from lower level)
   PUTX: 0 # Dirty evictions (from lower level)
   INV: 47 # Invalidates (from upper level)
   INVX: 96 # Downgrades (from upper level)
   FWD: 0 # Forwards (from upper level)
   latGETnl: 1577345 # GET request latency on next level
   latGETnet: 0 # GET request latency on network to next level
  l1d-1: # Filter cache stats
   fhGETS: 108856576 # Filtered GETS hits
   fhGETX: 20917318 # Filtered GETX hits
   hGETS: 3207096 # GETS hits
   hGETX: 2063563 # GETX hits
   mGETS: 144389 # GETS misses
   mGETXIM: 66179 # GETX I->M misses
   mGETXSM: 10 # GETX S->M misses (upgrade misses)
   PUTS: 0 # Clean evictions (from lower level)
   PUTX: 0 # Dirty evictions (from lower level)
   INV: 16 # Invalidates (from upper level)
   INVX: 56 # Downgrades (from upper level)
   FWD: 0 # Forwards (from upper level)
   latGETnl: 1547184 # GET request latency on next level
   latGETnet: 0 # GET request latency on network to next level
  l1d-2: # Filter cache stats
   fhGETS: 108884407 # Filtered GETS hits
   fhGETX: 20922427 # Filtered GETX hits
   hGETS: 3164863 # GETS hits
   hGETX: 2056635 # GETX hits
   mGETS: 157981 # GETS misses
   mGETXIM: 68551 # GETX I->M misses
   mGETXSM: 10 # GETX S->M misses (upgrade misses)
   PUTS: 0 # Clean evictions (from lower level)
   PUTX: 0 # Dirty evictions (from lower level)
   INV: 16 # Invalidates (from upper level)
   INVX: 68 # Downgrades (from upper level)
   FWD: 0 # Forwards (from upper level)
   latGETnl: 1666821 # GET request latency on next level
   latGETnet: 0 # GET request latency on network to next level
  l1d-3: # Filter cache stats
   fhGETS: 108849478 # Filtered GETS hits
   fhGETX: 20928016 # Filtered GETX hits
   hGETS: 3245392 # GETS hits
   hGETX: 2060946 # GETX hits
   mGETS: 133355 # GETS misses
   mGETXIM: 64277 # GETX I->M misses
   mGETXSM: 10 # GETX S->M misses (upgrade misses)
   PUTS: 0 # Clean evictions (from lower level)
   PUTX: 0 # Dirty evictions (from lower level)
   INV: 16 # Invalidates (from upper level)
   INVX: 64 # Downgrades (from upper level)
   FWD: 0 # Forwards (from upper level)
   latGETnl: 1461064 # GET request latency on next level
   latGETnet: 0 # GET request latency on network to next level
  l1d-4: # Filter cache stats
   fhGETS: 108807365 # Filtered GETS hits
   fhGETX: 20922513 # Filtered GETX hits
   hGETS: 3286023 # GETS hits
   hGETX: 2067547 # GETX hits
   mGETS: 138787 # GETS misses
   mGETXIM: 65396 # GETX I->M misses
   mGETXSM: 10 # GETX S->M misses (upgrade misses)
   PUTS: 0 # Clean evictions (from lower level)
   PUTX: 0 # Dirty evictions (from lower level)
   INV: 15 # Invalidates (from upper level)
   INVX: 44 # Downgrades (from upper level)
   FWD: 0 # Forwards (from upper level)
   latGETnl: 1505131 # GET request latency on next level
   latGETnet: 0 # GET request latency on network to next level
  l1d-5: # Filter cache stats
   fhGETS: 105208536 # Filtered GETS hits
   fhGETX: 19531853 # Filtered GETX hits
   hGETS: 5685624 # GETS hits
   hGETX: 3247001 # GETX hits
   mGETS: 129878 # GETS misses
   mGETXIM: 62253 # GETX I->M misses
   mGETXSM: 37 # GETX S->M misses (upgrade misses)
   PUTS: 0 # Clean evictions (from lower level)
   PUTX: 0 # Dirty evictions (from lower level)
   INV: 14 # Invalidates (from upper level)
   INVX: 57 # Downgrades (from upper level)
   FWD: 0 # Forwards (from upper level)
   latGETnl: 1430295 # GET request latency on next level
   latGETnet: 0 # GET request latency on network to next level
  l1d-6: # Filter cache stats
   fhGETS: 107789799 # Filtered GETS hits
   fhGETX: 20704242 # Filtered GETX hits
   hGETS: 3104512 # GETS hits
   hGETX: 2076112 # GETX hits
   mGETS: 139521 # GETS misses
   mGETXIM: 63576 # GETX I->M misses
   mGETXSM: 10 # GETX S->M misses (upgrade misses)
   PUTS: 0 # Clean evictions (from lower level)
   PUTX: 0 # Dirty evictions (from lower level)
   INV: 14 # Invalidates (from upper level)
   INVX: 76 # Downgrades (from upper level)
   FWD: 0 # Forwards (from upper level)
   latGETnl: 1502322 # GET request latency on next level
   latGETnet: 0 # GET request latency on network to next level
  l1d-7: # Filter cache stats
   fhGETS: 108889481 # Filtered GETS hits
   fhGETX: 20924333 # Filtered GETX hits
   hGETS: 3197695 # GETS hits
   hGETX: 2062768 # GETX hits
   mGETS: 139159 # GETS misses
   mGETXIM: 65435 # GETX I->M misses
   mGETXSM: 11 # GETX S->M misses (upgrade misses)
   PUTS: 0 # Clean evictions (from lower level)
   PUTX: 0 # Dirty evictions (from lower level)
   INV: 18 # Invalidates (from upper level)
   INVX: 48 # Downgrades (from upper level)
   FWD: 0 # Forwards (from upper level)
   latGETnl: 1508842 # GET request latency on next level
   latGETnet: 0 # GET request latency on network to next level
 l2: # Cache stats
  l2-0: # Cache stats
   hGETS: 144701 # GETS hits
   hGETX: 65942 # GETX hits
   mGETS: 1075 # GETS misses
   mGETXIM: 632 # GETX I->M misses
   mGETXSM: 9 # GETX S->M misses (upgrade misses)
   PUTS: 143861 # Clean evictions (from lower level)
   PUTX: 67480 # Dirty evictions (from lower level)
   INV: 79 # Invalidates (from upper level)
   INVX: 142 # Downgrades (from upper level)
   FWD: 0 # Forwards (from upper level)
   latGETnl: 123752 # GET request latency on next level
   latGETnet: 0 # GET request latency on network to next level
  l2-1: # Cache stats
   hGETS: 143940 # GETS hits
   hGETX: 65706 # GETX hits
   mGETS: 838 # GETS misses
   mGETXIM: 473 # GETX I->M misses
   mGETXSM: 10 # GETX S->M misses (upgrade misses)
   PUTS: 143001 # Clean evictions (from lower level)
   PUTX: 67063 # Dirty evictions (from lower level)
   INV: 17 # Invalidates (from upper level)
   INVX: 59 # Downgrades (from upper level)
   FWD: 0 # Forwards (from upper level)
   latGETnl: 87853 # GET request latency on next level
   latGETnet: 0 # GET request latency on network to next level
  l2-2: # Cache stats
   hGETS: 157627 # GETS hits
   hGETX: 68045 # GETX hits
   mGETS: 1013 # GETS misses
   mGETXIM: 505 # GETX I->M misses
   mGETXSM: 11 # GETX S->M misses (upgrade misses)
   PUTS: 156754 # Clean evictions (from lower level)
   PUTX: 69476 # Dirty evictions (from lower level)
   INV: 18 # Invalidates (from upper level)
   INVX: 76 # Downgrades (from upper level)
   FWD: 0 # Forwards (from upper level)
   latGETnl: 100044 # GET request latency on next level
   latGETnet: 0 # GET request latency on network to next level
  l2-3: # Cache stats
   hGETS: 133060 # GETS hits
   hGETX: 63770 # GETX hits
   mGETS: 963 # GETS misses
   mGETXIM: 505 # GETX I->M misses
   mGETXSM: 12 # GETX S->M misses (upgrade misses)
   PUTS: 132186 # Clean evictions (from lower level)
   PUTX: 65155 # Dirty evictions (from lower level)
   INV: 16 # Invalidates (from upper level)
   INVX: 66 # Downgrades (from upper level)
   FWD: 0 # Forwards (from upper level)
   latGETnl: 95849 # GET request latency on next level
   latGETnet: 0 # GET request latency on network to next level
  l2-4: # Cache stats
   hGETS: 138659 # GETS hits
   hGETX: 64890 # GETX hits
   mGETS: 974 # GETS misses
   mGETXIM: 507 # GETX I->M misses
   mGETXSM: 9 # GETX S->M misses (upgrade misses)
   PUTS: 137717 # Clean evictions (from lower level)
   PUTX: 66349 # Dirty evictions (from lower level)
   INV: 18 # Invalidates (from upper level)
   INVX: 47 # Downgrades (from upper level)
   FWD: 0 # Forwards (from upper level)
   latGETnl: 94320 # GET request latency on next level
   latGETnet: 0 # GET request latency on network to next level
  l2-5: # Cache stats
   hGETS: 129570 # GETS hits
   hGETX: 61717 # GETX hits
   mGETS: 1119 # GETS misses
   mGETXIM: 536 # GETX I->M misses
   mGETXSM: 37 # GETX S->M misses (upgrade misses)
   PUTS: 128758 # Clean evictions (from lower level)
   PUTX: 63185 # Dirty evictions (from lower level)
   INV: 16 # Invalidates (from upper level)
   INVX: 75 # Downgrades (from upper level)
   FWD: 0 # Forwards (from upper level)
   latGETnl: 126474 # GET request latency on next level
   latGETnet: 0 # GET request latency on network to next level
  l2-6: # Cache stats
   hGETS: 139326 # GETS hits
   hGETX: 63072 # GETX hits
   mGETS: 996 # GETS misses
   mGETXIM: 503 # GETX I->M misses
   mGETXSM: 11 # GETX S->M misses (upgrade misses)
   PUTS: 138172 # Clean evictions (from lower level)
   PUTX: 64765 # Dirty evictions (from lower level)
   INV: 15 # Invalidates (from upper level)
   INVX: 92 # Downgrades (from upper level)
   FWD: 0 # Forwards (from upper level)
   latGETnl: 97916 # GET request latency on next level
   latGETnet: 0 # GET request latency on network to next level
  l2-7: # Cache stats
   hGETS: 138857 # GETS hits
   hGETX: 64927 # GETX hits
   mGETS: 986 # GETS misses
   mGETXIM: 506 # GETX I->M misses
   mGETXSM: 13 # GETX S->M misses (upgrade misses)
   PUTS: 137969 # Clean evictions (from lower level)
   PUTX: 66342 # Dirty evictions (from lower level)
   INV: 22 # Invalidates (from upper level)
   INVX: 53 # Downgrades (from upper level)
   FWD: 0 # Forwards (from upper level)
   latGETnl: 96128 # GET request latency on next level
   latGETnet: 0 # GET request latency on network to next level
 l3: # Cache stats
  l3-0b0: # Cache stats
   hGETS: 836 # GETS hits
   hGETX: 20 # GETX hits
   mGETS: 158 # GETS misses
   mGETXIM: 509 # GETX I->M misses
   mGETXSM: 0 # GETX S->M misses (upgrade misses)
   PUTS: 0 # Clean evictions (from lower level)
   PUTX: 0 # Dirty evictions (from lower level)
   INV: 0 # Invalidates (from upper level)
   INVX: 0 # Downgrades (from upper level)
   FWD: 0 # Forwards (from upper level)
   latGETnl: 60030 # GET request latency on next level
   latGETnet: 0 # GET request latency on network to next level
  l3-0b1: # Cache stats
   hGETS: 805 # GETS hits
   hGETX: 8 # GETX hits
   mGETS: 151 # GETS misses
   mGETXIM: 513 # GETX I->M misses
   mGETXSM: 0 # GETX S->M misses (upgrade misses)
   PUTS: 0 # Clean evictions (from lower level)
   PUTX: 0 # Dirty evictions (from lower level)
   INV: 0 # Invalidates (from upper level)
   INVX: 0 # Downgrades (from upper level)
   FWD: 0 # Forwards (from upper level)
   latGETnl: 59760 # GET request latency on next level
   latGETnet: 0 # GET request latency on network to next level
  l3-0b2: # Cache stats
   hGETS: 810 # GETS hits
   hGETX: 10 # GETX hits
   mGETS: 152 # GETS misses
   mGETXIM: 512 # GETX I->M misses
   mGETXSM: 0 # GETX S->M misses (upgrade misses)
   PUTS: 0 # Clean evictions (from lower level)
   PUTX: 0 # Dirty evictions (from lower level)
   INV: 0 # Invalidates (from upper level)
   INVX: 0 # Downgrades (from upper level)
   FWD: 0 # Forwards (from upper level)
   latGETnl: 59760 # GET request latency on next level
   latGETnet: 0 # GET request latency on network to next level
  l3-0b3: # Cache stats
   hGETS: 830 # GETS hits
   hGETX: 25 # GETX hits
   mGETS: 157 # GETS misses
   mGETXIM: 514 # GETX I->M misses
   mGETXSM: 0 # GETX S->M misses (upgrade misses)
   PUTS: 0 # Clean evictions (from lower level)
   PUTX: 0 # Dirty evictions (from lower level)
   INV: 0 # Invalidates (from upper level)
   INVX: 0 # Downgrades (from upper level)
   FWD: 0 # Forwards (from upper level)
   latGETnl: 60390 # GET request latency on next level
   latGETnet: 0 # GET request latency on network to next level
  l3-0b4: # Cache stats
   hGETS: 826 # GETS hits
   hGETX: 13 # GETX hits
   mGETS: 165 # GETS misses
   mGETXIM: 518 # GETX I->M misses
   mGETXSM: 0 # GETX S->M misses (upgrade misses)
   PUTS: 0 # Clean evictions (from lower level)
   PUTX: 0 # Dirty evictions (from lower level)
   INV: 0 # Invalidates (from upper level)
   INVX: 0 # Downgrades (from upper level)
   FWD: 0 # Forwards (from upper level)
   latGETnl: 61470 # GET request latency on next level
   latGETnet: 0 # GET request latency on network to next level
  l3-0b5: # Cache stats
   hGETS: 841 # GETS hits
   hGETX: 23 # GETX hits
   mGETS: 163 # GETS misses
   mGETXIM: 520 # GETX I->M misses
   mGETXSM: 0 # GETX S->M misses (upgrade misses)
   PUTS: 0 # Clean evictions (from lower level)
   PUTX: 0 # Dirty evictions (from lower level)
   INV: 0 # Invalidates (from upper level)
   INVX: 0 # Downgrades (from upper level)
   FWD: 0 # Forwards (from upper level)
   latGETnl: 61470 # GET request latency on next level
   latGETnet: 0 # GET request latency on network to next level
  l3-0b6: # Cache stats
   hGETS: 861 # GETS hits
   hGETX: 34 # GETX hits
   mGETS: 153 # GETS misses
   mGETXIM: 515 # GETX I->M misses
   mGETXSM: 0 # GETX S->M misses (upgrade misses)
   PUTS: 0 # Clean evictions (from lower level)
   PUTX: 0 # Dirty evictions (from lower level)
   INV: 0 # Invalidates (from upper level)
   INVX: 0 # Downgrades (from upper level)
   FWD: 0 # Forwards (from upper level)
   latGETnl: 60120 # GET request latency on next level
   latGETnet: 0 # GET request latency on network to next level
  l3-0b7: # Cache stats
   hGETS: 895 # GETS hits
   hGETX: 30 # GETX hits
   mGETS: 161 # GETS misses
   mGETXIM: 515 # GETX I->M misses
   mGETXSM: 0 # GETX S->M misses (upgrade misses)
   PUTS: 0 # Clean evictions (from lower level)
   PUTX: 0 # Dirty evictions (from lower level)
   INV: 0 # Invalidates (from upper level)
   INVX: 0 # Downgrades (from upper level)
   FWD: 0 # Forwards (from upper level)
   latGETnl: 60840 # GET request latency on next level
   latGETnet: 0 # GET request latency on network to next level
 mem: # Memory controller stats
  mem-0: # Memory controller stats
   rd: 1343 # Read requests
   wr: 0 # Write requests
   rdlat: 200982 # Total latency experienced by read requests
   wrlat: 0 # Total latency experienced by write requests
   rdhits: 4 # Read row hits
   wrhits: 0 # Write row hits
   mlh: # latency histogram for memory requests
    0: 0
    1: 0
    2: 0
    3: 0
    4: 0
    5: 0
    6: 0
    7: 0
    8: 0
    9: 0
    10: 0
    11: 1
    12: 0
    13: 1082
    14: 89
    15: 19
    16: 11
    17: 3
    18: 8
    19: 6
    20: 5
    21: 13
    22: 7
    23: 11
    24: 10
    25: 16
    26: 5
    27: 1
    28: 4
    29: 1
    30: 0
    31: 1
    32: 4
    33: 2
    34: 2
    35: 7
    36: 9
    37: 4
    38: 2
    39: 1
    40: 4
    41: 4
    42: 3
    43: 0
    44: 1
    45: 1
    46: 1
    47: 0
    48: 1
    49: 0
    50: 0
    51: 0
    52: 1
    53: 0
    54: 0
    55: 0
    56: 0
    57: 0
    58: 0
    59: 0
    60: 0
    61: 1
    62: 1
    63: 0
    64: 0
    65: 0
    66: 0
    67: 0
    68: 0
    69: 0
    70: 0
    71: 0
    72: 0
    73: 1
    74: 0
    75: 0
    76: 0
    77: 0
    78: 0
    79: 0
    80: 0
    81: 0
    82: 0
    83: 0
    84: 0
    85: 0
    86: 0
    87: 0
    88: 0
    89: 0
    90: 0
    91: 0
    92: 0
    93: 0
    94: 0
    95: 0
    96: 0
    97: 0
    98: 0
    99: 0
  mem-1: # Memory controller stats
   rd: 1324 # Read requests
   wr: 0 # Write requests
   rdlat: 203772 # Total latency experienced by read requests
   wrlat: 0 # Total latency experienced by write requests
   rdhits: 6 # Read row hits
   wrhits: 0 # Write row hits
   mlh: # latency histogram for memory requests
    0: 0
    1: 0
    2: 0
    3: 0
    4: 0
    5: 0
    6: 0
    7: 0
    8: 0
    9: 0
    10: 0
    11: 1
    12: 0
    13: 1099
    14: 42
    15: 20
    16: 4
    17: 8
    18: 4
    19: 4
    20: 8
    21: 11
    22: 7
    23: 12
    24: 2
    25: 20
    26: 4
    27: 2
    28: 4
    29: 6
    30: 2
    31: 4
    32: 4
    33: 2
    34: 3
    35: 8
    36: 4
    37: 5
    38: 3
    39: 4
    40: 5
    41: 4
    42: 1
    43: 3
    44: 0
    45: 1
    46: 1
    47: 1
    48: 1
    49: 1
    50: 0
    51: 0
    52: 0
    53: 1
    54: 0
    55: 0
    56: 0
    57: 0
    58: 0
    59: 0
    60: 0
    61: 0
    62: 0
    63: 0
    64: 0
    65: 0
    66: 3
    67: 0
    68: 1
    69: 0
    70: 0
    71: 0
    72: 0
    73: 0
    74: 1
    75: 0
    76: 1
    77: 1
    78: 0
    79: 0
    80: 0
    81: 0
    82: 0
    83: 1
    84: 0
    85: 0
    86: 0
    87: 0
    88: 0
    89: 0
    90: 0
    91: 0
    92: 0
    93: 0
    94: 0
    95: 0
    96: 0
    97: 0
    98: 0
    99: 0
  mem-2: # Memory controller stats
   rd: 1351 # Read requests
   wr: 0 # Write requests
   rdlat: 210964 # Total latency experienced by read requests
   wrlat: 0 # Total latency experienced by write requests
   rdhits: 4 # Read row hits
   wrhits: 0 # Write row hits
   mlh: # latency histogram for memory requests
    0: 0
    1: 0
    2: 0
    3: 0
    4: 0
    5: 0
    6: 0
    7: 0
    8: 0
    9: 0
    10: 0
    11: 0
    12: 0
    13: 1111
    14: 58
    15: 16
    16: 3
    17: 8
    18: 5
    19: 7
    20: 5
    21: 10
    22: 3
    23: 11
    24: 9
    25: 11
    26: 5
    27: 1
    28: 1
    29: 5
    30: 5
    31: 7
    32: 2
    33: 4
    34: 6
    35: 4
    36: 2
    37: 5
    38: 1
    39: 3
    40: 4
    41: 4
    42: 3
    43: 3
    44: 2
    45: 4
    46: 3
    47: 0
    48: 3
    49: 1
    50: 1
    51: 1
    52: 3
    53: 0
    54: 0
    55: 0
    56: 1
    57: 1
    58: 0
    59: 0
    60: 1
    61: 0
    62: 0
    63: 0
    64: 2
    65: 2
    66: 0
    67: 0
    68: 2
    69: 0
    70: 0
    71: 0
    72: 0
    73: 0
    74: 1
    75: 1
    76: 0
    77: 0
    78: 0
    79: 0
    80: 0
    81: 0
    82: 0
    83: 0
    84: 0
    85: 0
    86: 0
    87: 0
    88: 0
    89: 0
    90: 0
    91: 0
    92: 0
    93: 0
    94: 0
    95: 0
    96: 0
    97: 0
    98: 0
    99: 0
  mem-3: # Memory controller stats
   rd: 1332 # Read requests
   wr: 0 # Write requests
   rdlat: 197828 # Total latency experienced by read requests
   wrlat: 0 # Total latency experienced by write requests
   rdhits: 0 # Read row hits
   wrhits: 0 # Write row hits
   mlh: # latency histogram for memory requests
    0: 0
    1: 0
    2: 0
    3: 0
    4: 0
    5: 0
    6: 0
    7: 0
    8: 0
    9: 0
    10: 0
    11: 0
    12: 0
    13: 1115
    14: 53
    15: 21
    16: 10
    17: 3
    18: 1
    19: 4
    20: 6
    21: 9
    22: 8
    23: 12
    24: 13
    25: 11
    26: 3
    27: 2
    28: 8
    29: 0
    30: 4
    31: 4
    32: 4
    33: 0
    34: 5
    35: 6
    36: 2
    37: 6
    38: 1
    39: 6
    40: 4
    41: 3
    42: 2
    43: 1
    44: 1
    45: 1
    46: 0
    47: 1
    48: 0
    49: 0
    50: 0
    51: 2
    52: 0
    53: 0
    54: 0
    55: 0
    56: 0
    57: 0
    58: 0
    59: 0
    60: 0
    61: 0
    62: 0
    63: 0
    64: 0
    65: 0
    66: 0
    67: 0
    68: 0
    69: 0
    70: 0
    71: 0
    72: 0
    73: 0
    74: 0
    75: 0
    76: 0
    77: 0
    78: 0
    79: 0
    80: 0
    81: 0
    82: 0
    83: 0
    84: 0
    85: 0
    86: 0
    87: 0
    88: 0
    89: 0
    90: 0
    91: 0
    92: 0
    93: 0
    94: 0
    95: 0
    96: 0
    97: 0
    98: 0
    99: 0
 sched: # Scheduler stats
  thCr: 9 # Threads created
  thFn: 9 # Threads finished
  schedEvs: 10 # Schedule events
  waitEvs: 1 # Wait events
  handoffEvs: 0 # Handoff events
  sleepEvs: 0 # Sleep events
  idlePhases: 0 # Phases with no thread active
  idlePeriods: 0 # Periods with no thread active
  occHist: # Occupancy histogram
   0: 0
   1: 2
   2: 0
   3: 0
   4: 1
   5: 5
   6: 155
   7: 16
   8: 15831
  rqSzHist: # Run queue size histogram
   0: 16009
   1: 1
   2: 0
   3: 0
   4: 0
   5: 0
   6: 0
   7: 0
   8: 0
   9: 0
   10: 0
   11: 0
   12: 0
   13: 0
   14: 0
   15: 0
   16: 0
 procCycles: # Per-process unhalted core cycles
  0: 1277129996
  1: 0
  2: 0
  3: 0
  4: 0
  5: 0
  6: 0
  7: 0
  8: 0
  9: 0
  10: 0
  11: 0
  12: 0
  13: 0
  14: 0
  15: 0
  16: 0
  17: 0
  18: 0
  19: 0
  20: 0
  21: 0
  22: 0
  23: 0
  24: 0
  25: 0
  26: 0
  27: 0
  28: 0
  29: 0
  30: 0
  31: 0
  32: 0
  33: 0
  34: 0
  35: 0
  36: 0
  37: 0
  38: 0
  39: 0
  40: 0
  41: 0
  42: 0
  43: 0
  44: 0
  45: 0
  46: 0
  47: 0
  48: 0
  49: 0
  50: 0
  51: 0
  52: 0
  53: 0
  54: 0
  55: 0
  56: 0
  57: 0
  58: 0
  59: 0
  60: 0
  61: 0
  62: 0
  63: 0
 procInstrs: # Per-process instructions
  0: 2119542452
  1: 0
  2: 0
  3: 0
  4: 0
  5: 0
  6: 0
  7: 0
  8: 0
  9: 0
  10: 0
  11: 0
  12: 0
  13: 0
  14: 0
  15: 0
  16: 0
  17: 0
  18: 0
  19: 0
  20: 0
  21: 0
  22: 0
  23: 0
  24: 0
  25: 0
  26: 0
  27: 0
  28: 0
  29: 0
  30: 0
  31: 0
  32: 0
  33: 0
  34: 0
  35: 0
  36: 0
  37: 0
  38: 0
  39: 0
  40: 0
  41: 0
  42: 0
  43: 0
  44: 0
  45: 0
  46: 0
  47: 0
  48: 0
  49: 0
  50: 0
  51: 0
  52: 0
  53: 0
  54: 0
  55: 0
  56: 0
  57: 0
  58: 0
  59: 0
  60: 0
  61: 0
  62: 0
  63: 0
 heartbeats: # Per-process heartbeats
  0: 0
  1: 0
  2: 0
  3: 0
  4: 0
  5: 0
  6: 0
  7: 0
  8: 0
  9: 0
  10: 0
  11: 0
  12: 0
  13: 0
  14: 0
  15: 0
  16: 0
  17: 0
  18: 0
  19: 0
  20: 0
  21: 0
  22: 0
  23: 0
  24: 0
  25: 0
  26: 0
  27: 0
  28: 0
  29: 0
  30: 0
  31: 0
  32: 0
  33: 0
  34: 0
  35: 0
  36: 0
  37: 0
  38: 0
  39: 0
  40: 0
  41: 0
  42: 0
  43: 0
  44: 0
  45: 0
  46: 0
  47: 0
  48: 0
  49: 0
  50: 0
  51: 0
  52: 0
  53: 0
  54: 0
  55: 0
  56: 0
  57: 0
  58: 0
  59: 0
  60: 0
  61: 0
  62: 0
  63: 0
===
