[H] Starting zsim, built Sun Dec 10 13:05:57 CST 2017 (rev no git repo)
[H] Creating global segment, 1024 MBs
[H] Global segment shmid = 287277062
[H] Deadlock detection ON
[S 0] Started instance
[S 0] Started RR scheduler, quantum=10000 phases
[S 0] imin -2147483638 imax 2147483637 fmin 0.000000 fmax 1.000000
[S 0] imin -2147483638 imax 2147483637 fmin 0.000000 fmax 1.000000
[S 0] imin -2147483638 imax 2147483637 fmin 0.000000 fmax 1.000000
[S 0] imin -2147483638 imax 2147483637 fmin 0.000000 fmax 1.000000
[S 0] imin -2147483638 imax 2147483637 fmin 0.000000 fmax 1.000000
[S 0] imin -2147483638 imax 2147483637 fmin 0.000000 fmax 1.000000
[S 0] imin -2147483638 imax 2147483637 fmin 0.000000 fmax 1.000000
[S 0] imin -2147483638 imax 2147483637 fmin 0.000000 fmax 1.000000
[S 0] Hierarchy: [ l1i-0 l1d-0 ] -> l2-0
[S 0] Hierarchy: [ l1i-1 l1d-1 ] -> l2-1
[S 0] Hierarchy: [ l1i-2 l1d-2 ] -> l2-2
[S 0] Hierarchy: [ l1i-3 l1d-3 ] -> l2-3
[S 0] Hierarchy: [ l1i-4 l1d-4 ] -> l2-4
[S 0] Hierarchy: [ l1i-5 l1d-5 ] -> l2-5
[S 0] Hierarchy: [ l1i-6 l1d-6 ] -> l2-6
[S 0] Hierarchy: [ l1i-7 l1d-7 ] -> l2-7
[S 0] Hierarchy: [ l2-0 l2-1 l2-2 l2-3 l2-4 l2-5 l2-6 l2-7 ] -> l3-0b0..l3-0b7
[S 0] Initialized system
[S 0] HDF5 backend: Opening ./outputs/streamcluster_8c_simsmall/zsim.h5
[S 0] HDF5 backend: Created table, 5704 bytes/record, 184 records/write
[S 0] HDF5 backend: Opening ./outputs/streamcluster_8c_simsmall/zsim-ev.h5
[S 0] HDF5 backend: Created table, 5704 bytes/record, 23 records/write
[S 0] HDF5 backend: Opening ./outputs/streamcluster_8c_simsmall/zsim-cmp.h5
[S 0] HDF5 backend: Created table, 2344 bytes/record, 1 records/write
[S 0] Initialization complete
[S 0] Started process, PID 41303
[S 0] procMask: 0x0
[S 0] [0] Adjusting clocks, domain 0, de-ffwd 0
[S 0] vDSO info initialized
[H] Attached to global heap
[S 0] Started contention simulation thread 0
[S 0] Started scheduler watchdog thread
[S 0] FF control Thread TID 41308
[S 0] FF thread 0 starting
[S 0] ROI_BEGIN, exiting fast-forward
[S 0] [0] Adjusting clocks, domain 0, de-ffwd 1
[S 0] Thread 0 starting
[S 0] Thread 4 starting
[S 0] Thread 5 starting
[S 0] Thread 6 starting
[S 0] Thread 7 starting
[S 0] Thread 8 starting
[S 0] Thread 9 starting
[S 0] Thread 10 starting
[S 0] Thread 11 starting
[S 0] Detected possible stall due to fake leaves (1 current)
[S 0]  [0/0] futex (202) @ 0x46d1e2
[S 0] Blacklisting from future fake leaves: [0] futex @ 0x46d1e2 | arg0 0x7fffe34849d0 arg1 0x0
[S 0] Detected possible stall due to fake leaves (4 current)
[S 0]  [0/10] futex (202) @ 0x46e102
[S 0]  [0/8] futex (202) @ 0x46e102
[S 0]  [0/6] futex (202) @ 0x46e102
[S 0]  [0/11] futex (202) @ 0x46e102
[S 0] Detected possible stall due to fake leaves (3 current)
[S 0]  [0/8] futex (202) @ 0x46e102
[S 0]  [0/6] futex (202) @ 0x46e102
[S 0]  [0/11] futex (202) @ 0x46e102
[S 0] Detected possible stall due to fake leaves (2 current)
[S 0]  [0/6] futex (202) @ 0x46e102
[S 0]  [0/11] futex (202) @ 0x46e102
[S 0] Detected possible stall due to fake leaves (1 current)
[S 0]  [0/11] futex (202) @ 0x46e102
[S 0] Blacklisting from future fake leaves: [0] futex @ 0x46e102 | arg0 0x7fffffffd9bc arg1 0x80
[S 0] Detected possible stall due to fake leaves (5 current)
[S 0]  [0/9] futex (202) @ 0x46e97a
[S 0]  [0/8] futex (202) @ 0x46e97a
[S 0]  [0/11] futex (202) @ 0x46e97a
[S 0]  [0/6] futex (202) @ 0x46e97a
[S 0]  [0/5] futex (202) @ 0x46e97a
[S 0] Detected possible stall due to fake leaves (4 current)
[S 0]  [0/8] futex (202) @ 0x46e97a
[S 0]  [0/11] futex (202) @ 0x46e97a
[S 0]  [0/6] futex (202) @ 0x46e97a
[S 0]  [0/5] futex (202) @ 0x46e97a
[S 0] Detected possible stall due to fake leaves (3 current)
[S 0]  [0/11] futex (202) @ 0x46e97a
[S 0]  [0/6] futex (202) @ 0x46e97a
[S 0]  [0/5] futex (202) @ 0x46e97a
[S 0] Detected possible stall due to fake leaves (2 current)
[S 0]  [0/6] futex (202) @ 0x46e97a
[S 0]  [0/5] futex (202) @ 0x46e97a
[S 0] Detected possible stall due to fake leaves (1 current)
[S 0]  [0/5] futex (202) @ 0x46e97a
[S 0] Blacklisting from future fake leaves: [0] futex @ 0x46e97a | arg0 0x7fffffffd990 arg1 0x80
[S 0] Max total (aggregate) instructions reached (5000102729)
[S 0] Termination condition met, exiting
[S 0] Termination condition met, exiting
[S 0] Termination condition met, exiting
[S 0] Termination condition met, exiting
[S 0] Termination condition met, exiting
[S 0] Termination condition met, exiting
[S 0] Termination condition met, exiting
[S 0] Dumping termination stats
[S 0] Terminating scheduler watchdog thread
[S 0] Termination condition met, exiting
[H] Child 41303 done
[H] All children done, exiting
