# zsim stats
===
root: # Stats
 contention: # Contention simulation stats
  domain-0: # Domain stats
   time: 5122226958 # Weave simulation time
 time: # Simulator time breakdown
  init: 2971256797
  bound: 1484062182869
  weave: 108321502095
  ff: 0
 trigger: 20000 # Reason for this stats dump
 phase: 45324 # Simulated phases
 westmere: # Core stats
  westmere-0: # Core stats
   cycles: 366326541 # Simulated unhalted cycles
   cCycles: 4837905 # Cycles due to contention stalls
   instrs: 655958695 # Simulated instructions
   uops: 764795250 # Retired micro-ops
   bbls: 48674902 # Basic blocks
   approxInstrs: 102209046 # Instrs with approx uop decoding
   mispredBranches: 3221340 # Mispredicted branches
   condBranches: 27651254 # conditional branches
  westmere-1: # Core stats
   cycles: 342533672 # Simulated unhalted cycles
   cCycles: 3813057 # Cycles due to contention stalls
   instrs: 611324012 # Simulated instructions
   uops: 712229993 # Retired micro-ops
   bbls: 45556409 # Basic blocks
   approxInstrs: 94949170 # Instrs with approx uop decoding
   mispredBranches: 3085826 # Mispredicted branches
   condBranches: 25682139 # conditional branches
  westmere-2: # Core stats
   cycles: 365287419 # Simulated unhalted cycles
   cCycles: 5563927 # Cycles due to contention stalls
   instrs: 656866468 # Simulated instructions
   uops: 767403170 # Retired micro-ops
   bbls: 51010188 # Basic blocks
   approxInstrs: 99284969 # Instrs with approx uop decoding
   mispredBranches: 3405237 # Mispredicted branches
   condBranches: 28648844 # conditional branches
  westmere-3: # Core stats
   cycles: 381279084 # Simulated unhalted cycles
   cCycles: 3994077 # Cycles due to contention stalls
   instrs: 683611579 # Simulated instructions
   uops: 795510816 # Retired micro-ops
   bbls: 50783624 # Basic blocks
   approxInstrs: 103927653 # Instrs with approx uop decoding
   mispredBranches: 3528677 # Mispredicted branches
   condBranches: 28874402 # conditional branches
  westmere-4: # Core stats
   cycles: 326690516 # Simulated unhalted cycles
   cCycles: 3808208 # Cycles due to contention stalls
   instrs: 580383899 # Simulated instructions
   uops: 676393316 # Retired micro-ops
   bbls: 43434354 # Basic blocks
   approxInstrs: 90590493 # Instrs with approx uop decoding
   mispredBranches: 2961078 # Mispredicted branches
   condBranches: 24483767 # conditional branches
  westmere-5: # Core stats
   cycles: 350463668 # Simulated unhalted cycles
   cCycles: 3656321 # Cycles due to contention stalls
   instrs: 627601371 # Simulated instructions
   uops: 730670303 # Retired micro-ops
   bbls: 46907532 # Basic blocks
   approxInstrs: 95869547 # Instrs with approx uop decoding
   mispredBranches: 3122288 # Mispredicted branches
   condBranches: 26488540 # conditional branches
  westmere-6: # Core stats
   cycles: 348620471 # Simulated unhalted cycles
   cCycles: 3670033 # Cycles due to contention stalls
   instrs: 619412678 # Simulated instructions
   uops: 722097554 # Retired micro-ops
   bbls: 45905171 # Basic blocks
   approxInstrs: 97492529 # Instrs with approx uop decoding
   mispredBranches: 3151067 # Mispredicted branches
   condBranches: 25869076 # conditional branches
  westmere-7: # Core stats
   cycles: 314163455 # Simulated unhalted cycles
   cCycles: 2927788 # Cycles due to contention stalls
   instrs: 564860144 # Simulated instructions
   uops: 656918248 # Retired micro-ops
   bbls: 41540141 # Basic blocks
   approxInstrs: 87175342 # Instrs with approx uop decoding
   mispredBranches: 2805344 # Mispredicted branches
   condBranches: 23361835 # conditional branches
 l1i: # Cache stats
  l1i-0: # Filter cache stats
   fhGETS: 74062881 # Filtered GETS hits
   fhGETX: 0 # Filtered GETX hits
   hGETS: 7963688 # GETS hits
   hGETX: 0 # GETX hits
   mGETS: 4064769 # GETS misses
   mGETXIM: 0 # GETX I->M misses
   mGETXSM: 0 # GETX S->M misses (upgrade misses)
   PUTS: 0 # Clean evictions (from lower level)
   PUTX: 0 # Dirty evictions (from lower level)
   INV: 32690 # Invalidates (from upper level)
   INVX: 0 # Downgrades (from upper level)
   FWD: 0 # Forwards (from upper level)
   latGETnl: 39811923 # GET request latency on next level
   latGETnet: 0 # GET request latency on network to next level
  l1i-1: # Filter cache stats
   fhGETS: 69694315 # Filtered GETS hits
   fhGETX: 0 # Filtered GETX hits
   hGETS: 6901207 # GETS hits
   hGETX: 0 # GETX hits
   mGETS: 4199395 # GETS misses
   mGETXIM: 0 # GETX I->M misses
   mGETXSM: 0 # GETX S->M misses (upgrade misses)
   PUTS: 0 # Clean evictions (from lower level)
   PUTX: 0 # Dirty evictions (from lower level)
   INV: 24647 # Invalidates (from upper level)
   INVX: 0 # Downgrades (from upper level)
   FWD: 0 # Forwards (from upper level)
   latGETnl: 39644758 # GET request latency on next level
   latGETnet: 0 # GET request latency on network to next level
  l1i-2: # Filter cache stats
   fhGETS: 77109928 # Filtered GETS hits
   fhGETX: 0 # Filtered GETX hits
   hGETS: 8022171 # GETS hits
   hGETX: 0 # GETX hits
   mGETS: 3581685 # GETS misses
   mGETXIM: 0 # GETX I->M misses
   mGETXSM: 0 # GETX S->M misses (upgrade misses)
   PUTS: 0 # Clean evictions (from lower level)
   PUTX: 0 # Dirty evictions (from lower level)
   INV: 34041 # Invalidates (from upper level)
   INVX: 0 # Downgrades (from upper level)
   FWD: 0 # Forwards (from upper level)
   latGETnl: 33977259 # GET request latency on next level
   latGETnet: 0 # GET request latency on network to next level
  l1i-3: # Filter cache stats
   fhGETS: 79021393 # Filtered GETS hits
   fhGETX: 0 # Filtered GETX hits
   hGETS: 7381367 # GETS hits
   hGETX: 0 # GETX hits
   mGETS: 4170373 # GETS misses
   mGETXIM: 0 # GETX I->M misses
   mGETXSM: 0 # GETX S->M misses (upgrade misses)
   PUTS: 0 # Clean evictions (from lower level)
   PUTX: 0 # Dirty evictions (from lower level)
   INV: 35512 # Invalidates (from upper level)
   INVX: 0 # Downgrades (from upper level)
   FWD: 0 # Forwards (from upper level)
   latGETnl: 41050399 # GET request latency on next level
   latGETnet: 0 # GET request latency on network to next level
  l1i-4: # Filter cache stats
   fhGETS: 66507218 # Filtered GETS hits
   fhGETX: 0 # Filtered GETX hits
   hGETS: 6500046 # GETS hits
   hGETX: 0 # GETX hits
   mGETS: 3947687 # GETS misses
   mGETXIM: 0 # GETX I->M misses
   mGETXSM: 0 # GETX S->M misses (upgrade misses)
   PUTS: 0 # Clean evictions (from lower level)
   PUTX: 0 # Dirty evictions (from lower level)
   INV: 32118 # Invalidates (from upper level)
   INVX: 0 # Downgrades (from upper level)
   FWD: 0 # Forwards (from upper level)
   latGETnl: 38243747 # GET request latency on next level
   latGETnet: 0 # GET request latency on network to next level
  l1i-5: # Filter cache stats
   fhGETS: 71554395 # Filtered GETS hits
   fhGETX: 0 # Filtered GETX hits
   hGETS: 7260364 # GETS hits
   hGETX: 0 # GETX hits
   mGETS: 4090707 # GETS misses
   mGETXIM: 0 # GETX I->M misses
   mGETXSM: 0 # GETX S->M misses (upgrade misses)
   PUTS: 0 # Clean evictions (from lower level)
   PUTX: 0 # Dirty evictions (from lower level)
   INV: 36949 # Invalidates (from upper level)
   INVX: 0 # Downgrades (from upper level)
   FWD: 0 # Forwards (from upper level)
   latGETnl: 40551327 # GET request latency on next level
   latGETnet: 0 # GET request latency on network to next level
  l1i-6: # Filter cache stats
   fhGETS: 70471905 # Filtered GETS hits
   fhGETX: 0 # Filtered GETX hits
   hGETS: 6767492 # GETS hits
   hGETX: 0 # GETX hits
   mGETS: 4501035 # GETS misses
   mGETXIM: 0 # GETX I->M misses
   mGETXSM: 0 # GETX S->M misses (upgrade misses)
   PUTS: 0 # Clean evictions (from lower level)
   PUTX: 0 # Dirty evictions (from lower level)
   INV: 24400 # Invalidates (from upper level)
   INVX: 0 # Downgrades (from upper level)
   FWD: 0 # Forwards (from upper level)
   latGETnl: 42033213 # GET request latency on next level
   latGETnet: 0 # GET request latency on network to next level
  l1i-7: # Filter cache stats
   fhGETS: 63787680 # Filtered GETS hits
   fhGETX: 0 # Filtered GETX hits
   hGETS: 6350047 # GETS hits
   hGETX: 0 # GETX hits
   mGETS: 3921874 # GETS misses
   mGETXIM: 0 # GETX I->M misses
   mGETXSM: 0 # GETX S->M misses (upgrade misses)
   PUTS: 0 # Clean evictions (from lower level)
   PUTX: 0 # Dirty evictions (from lower level)
   INV: 21296 # Invalidates (from upper level)
   INVX: 0 # Downgrades (from upper level)
   FWD: 0 # Forwards (from upper level)
   latGETnl: 36724243 # GET request latency on next level
   latGETnet: 0 # GET request latency on network to next level
 l1d: # Cache stats
  l1d-0: # Filter cache stats
   fhGETS: 146737578 # Filtered GETS hits
   fhGETX: 46319290 # Filtered GETX hits
   hGETS: 25852486 # GETS hits
   hGETX: 6089827 # GETX hits
   mGETS: 4824868 # GETS misses
   mGETXIM: 692896 # GETX I->M misses
   mGETXSM: 953 # GETX S->M misses (upgrade misses)
   PUTS: 0 # Clean evictions (from lower level)
   PUTX: 0 # Dirty evictions (from lower level)
   INV: 39070 # Invalidates (from upper level)
   INVX: 9430 # Downgrades (from upper level)
   FWD: 0 # Forwards (from upper level)
   latGETnl: 119145316 # GET request latency on next level
   latGETnet: 0 # GET request latency on network to next level
  l1d-1: # Filter cache stats
   fhGETS: 135558358 # Filtered GETS hits
   fhGETX: 43139992 # Filtered GETX hits
   hGETS: 23686563 # GETS hits
   hGETX: 5485722 # GETX hits
   mGETS: 4549101 # GETS misses
   mGETXIM: 626910 # GETX I->M misses
   mGETXSM: 2464 # GETX S->M misses (upgrade misses)
   PUTS: 0 # Clean evictions (from lower level)
   PUTX: 0 # Dirty evictions (from lower level)
   INV: 38086 # Invalidates (from upper level)
   INVX: 4163 # Downgrades (from upper level)
   FWD: 0 # Forwards (from upper level)
   latGETnl: 100280447 # GET request latency on next level
   latGETnet: 0 # GET request latency on network to next level
  l1d-2: # Filter cache stats
   fhGETS: 144342049 # Filtered GETS hits
   fhGETX: 50934193 # Filtered GETX hits
   hGETS: 23779377 # GETS hits
   hGETX: 5947483 # GETX hits
   mGETS: 3803280 # GETS misses
   mGETXIM: 649995 # GETX I->M misses
   mGETXSM: 940 # GETX S->M misses (upgrade misses)
   PUTS: 0 # Clean evictions (from lower level)
   PUTX: 0 # Dirty evictions (from lower level)
   INV: 30472 # Invalidates (from upper level)
   INVX: 3995 # Downgrades (from upper level)
   FWD: 0 # Forwards (from upper level)
   latGETnl: 103753325 # GET request latency on next level
   latGETnet: 0 # GET request latency on network to next level
  l1d-3: # Filter cache stats
   fhGETS: 152541250 # Filtered GETS hits
   fhGETX: 48085828 # Filtered GETX hits
   hGETS: 26318931 # GETS hits
   hGETX: 5702361 # GETX hits
   mGETS: 5126257 # GETS misses
   mGETXIM: 595762 # GETX I->M misses
   mGETXSM: 3757 # GETX S->M misses (upgrade misses)
   PUTS: 0 # Clean evictions (from lower level)
   PUTX: 0 # Dirty evictions (from lower level)
   INV: 40319 # Invalidates (from upper level)
   INVX: 8488 # Downgrades (from upper level)
   FWD: 0 # Forwards (from upper level)
   latGETnl: 114552590 # GET request latency on next level
   latGETnet: 0 # GET request latency on network to next level
  l1d-4: # Filter cache stats
   fhGETS: 128775226 # Filtered GETS hits
   fhGETX: 41427615 # Filtered GETX hits
   hGETS: 22089177 # GETS hits
   hGETX: 5099796 # GETX hits
   mGETS: 4130296 # GETS misses
   mGETXIM: 568241 # GETX I->M misses
   mGETXSM: 965 # GETX S->M misses (upgrade misses)
   PUTS: 0 # Clean evictions (from lower level)
   PUTX: 0 # Dirty evictions (from lower level)
   INV: 37280 # Invalidates (from upper level)
   INVX: 5527 # Downgrades (from upper level)
   FWD: 0 # Forwards (from upper level)
   latGETnl: 95332386 # GET request latency on next level
   latGETnet: 0 # GET request latency on network to next level
  l1d-5: # Filter cache stats
   fhGETS: 138636146 # Filtered GETS hits
   fhGETX: 44104529 # Filtered GETX hits
   hGETS: 24639299 # GETS hits
   hGETX: 5736196 # GETX hits
   mGETS: 4638704 # GETS misses
   mGETXIM: 669643 # GETX I->M misses
   mGETXSM: 3856 # GETX S->M misses (upgrade misses)
   PUTS: 0 # Clean evictions (from lower level)
   PUTX: 0 # Dirty evictions (from lower level)
   INV: 43744 # Invalidates (from upper level)
   INVX: 5944 # Downgrades (from upper level)
   FWD: 0 # Forwards (from upper level)
   latGETnl: 106031504 # GET request latency on next level
   latGETnet: 0 # GET request latency on network to next level
  l1d-6: # Filter cache stats
   fhGETS: 138338018 # Filtered GETS hits
   fhGETX: 43431699 # Filtered GETX hits
   hGETS: 23358182 # GETS hits
   hGETX: 5459254 # GETX hits
   mGETS: 4773007 # GETS misses
   mGETXIM: 628544 # GETX I->M misses
   mGETXSM: 925 # GETX S->M misses (upgrade misses)
   PUTS: 0 # Clean evictions (from lower level)
   PUTX: 0 # Dirty evictions (from lower level)
   INV: 37038 # Invalidates (from upper level)
   INVX: 3577 # Downgrades (from upper level)
   FWD: 0 # Forwards (from upper level)
   latGETnl: 101676738 # GET request latency on next level
   latGETnet: 0 # GET request latency on network to next level
  l1d-7: # Filter cache stats
   fhGETS: 124677093 # Filtered GETS hits
   fhGETX: 38988690 # Filtered GETX hits
   hGETS: 21743942 # GETS hits
   hGETX: 5126555 # GETX hits
   mGETS: 4360701 # GETS misses
   mGETXIM: 582736 # GETX I->M misses
   mGETXSM: 2300 # GETX S->M misses (upgrade misses)
   PUTS: 0 # Clean evictions (from lower level)
   PUTX: 0 # Dirty evictions (from lower level)
   INV: 33465 # Invalidates (from upper level)
   INVX: 3932 # Downgrades (from upper level)
   FWD: 0 # Forwards (from upper level)
   latGETnl: 87600768 # GET request latency on next level
   latGETnet: 0 # GET request latency on network to next level
 l2: # Cache stats
  l2-0: # Cache stats
   hGETS: 6822965 # GETS hits
   hGETX: 421820 # GETX hits
   mGETS: 2066672 # GETS misses
   mGETXIM: 271012 # GETX I->M misses
   mGETXSM: 1017 # GETX S->M misses (upgrade misses)
   PUTS: 8607135 # Clean evictions (from lower level)
   PUTX: 902616 # Dirty evictions (from lower level)
   INV: 1872 # Invalidates (from upper level)
   INVX: 62413 # Downgrades (from upper level)
   FWD: 0 # Forwards (from upper level)
   latGETnl: 91872837 # GET request latency on next level
   latGETnet: 0 # GET request latency on network to next level
  l2-1: # Cache stats
   hGETS: 6956657 # GETS hits
   hGETX: 445497 # GETX hits
   mGETS: 1791839 # GETS misses
   mGETXIM: 181338 # GETX I->M misses
   mGETXSM: 2539 # GETX S->M misses (upgrade misses)
   PUTS: 8468419 # Clean evictions (from lower level)
   PUTX: 843232 # Dirty evictions (from lower level)
   INV: 4024 # Invalidates (from upper level)
   INVX: 39697 # Downgrades (from upper level)
   FWD: 0 # Forwards (from upper level)
   latGETnl: 74280115 # GET request latency on next level
   latGETnet: 0 # GET request latency on network to next level
  l2-2: # Cache stats
   hGETS: 5767476 # GETS hits
   hGETX: 346961 # GETX hits
   mGETS: 1617489 # GETS misses
   mGETXIM: 302933 # GETX I->M misses
   mGETXSM: 1041 # GETX S->M misses (upgrade misses)
   PUTS: 7145718 # Clean evictions (from lower level)
   PUTX: 823708 # Dirty evictions (from lower level)
   INV: 1910 # Invalidates (from upper level)
   INVX: 38460 # Downgrades (from upper level)
   FWD: 0 # Forwards (from upper level)
   latGETnl: 81479284 # GET request latency on next level
   latGETnet: 0 # GET request latency on network to next level
  l2-3: # Cache stats
   hGETS: 7118504 # GETS hits
   hGETX: 430383 # GETX hits
   mGETS: 2178126 # GETS misses
   mGETXIM: 165275 # GETX I->M misses
   mGETXSM: 3861 # GETX S->M misses (upgrade misses)
   PUTS: 8985836 # Clean evictions (from lower level)
   PUTX: 829702 # Dirty evictions (from lower level)
   INV: 3742 # Invalidates (from upper level)
   INVX: 53173 # Downgrades (from upper level)
   FWD: 0 # Forwards (from upper level)
   latGETnl: 86329946 # GET request latency on next level
   latGETnet: 0 # GET request latency on network to next level
  l2-4: # Cache stats
   hGETS: 6296397 # GETS hits
   hGETX: 385528 # GETX hits
   mGETS: 1781586 # GETS misses
   mGETXIM: 182651 # GETX I->M misses
   mGETXSM: 1027 # GETX S->M misses (upgrade misses)
   PUTS: 7815182 # Clean evictions (from lower level)
   PUTX: 760624 # Dirty evictions (from lower level)
   INV: 4979 # Invalidates (from upper level)
   INVX: 44347 # Downgrades (from upper level)
   FWD: 0 # Forwards (from upper level)
   latGETnl: 73045810 # GET request latency on next level
   latGETnet: 0 # GET request latency on network to next level
  l2-5: # Cache stats
   hGETS: 6711820 # GETS hits
   hGETX: 457044 # GETX hits
   mGETS: 2017591 # GETS misses
   mGETXIM: 212483 # GETX I->M misses
   mGETXSM: 3972 # GETX S->M misses (upgrade misses)
   PUTS: 8443433 # Clean evictions (from lower level)
   PUTX: 873906 # Dirty evictions (from lower level)
   INV: 7193 # Invalidates (from upper level)
   INVX: 49313 # Downgrades (from upper level)
   FWD: 0 # Forwards (from upper level)
   latGETnl: 80762461 # GET request latency on next level
   latGETnet: 0 # GET request latency on network to next level
  l2-6: # Cache stats
   hGETS: 7404289 # GETS hits
   hGETX: 486178 # GETX hits
   mGETS: 1869753 # GETS misses
   mGETXIM: 142282 # GETX I->M misses
   mGETXSM: 1009 # GETX S->M misses (upgrade misses)
   PUTS: 8971844 # Clean evictions (from lower level)
   PUTX: 868281 # Dirty evictions (from lower level)
   INV: 1931 # Invalidates (from upper level)
   INVX: 43895 # Downgrades (from upper level)
   FWD: 0 # Forwards (from upper level)
   latGETnl: 74385374 # GET request latency on next level
   latGETnet: 0 # GET request latency on network to next level
  l2-7: # Cache stats
   hGETS: 6638606 # GETS hits
   hGETX: 448159 # GETX hits
   mGETS: 1643969 # GETS misses
   mGETXIM: 134515 # GETX I->M misses
   mGETXSM: 2362 # GETX S->M misses (upgrade misses)
   PUTS: 8033990 # Clean evictions (from lower level)
   PUTX: 775539 # Dirty evictions (from lower level)
   INV: 5224 # Invalidates (from upper level)
   INVX: 40076 # Downgrades (from upper level)
   FWD: 0 # Forwards (from upper level)
   latGETnl: 62251734 # GET request latency on next level
   latGETnet: 0 # GET request latency on network to next level
 l3: # Cache stats
  l3-0b0: # Cache stats
   hGETS: 1699260 # GETS hits
   hGETX: 66203 # GETX hits
   mGETS: 109591 # GETS misses
   mGETXIM: 131979 # GETX I->M misses
   mGETXSM: 0 # GETX S->M misses (upgrade misses)
   PUTS: 1717589 # Clean evictions (from lower level)
   PUTX: 278433 # Dirty evictions (from lower level)
   INV: 0 # Invalidates (from upper level)
   INVX: 0 # Downgrades (from upper level)
   FWD: 0 # Forwards (from upper level)
   latGETnl: 21741300 # GET request latency on next level
   latGETnet: 0 # GET request latency on network to next level
  l3-0b1: # Cache stats
   hGETS: 1772659 # GETS hits
   hGETX: 67044 # GETX hits
   mGETS: 109809 # GETS misses
   mGETXIM: 131841 # GETX I->M misses
   mGETXSM: 0 # GETX S->M misses (upgrade misses)
   PUTS: 1785395 # Clean evictions (from lower level)
   PUTX: 286722 # Dirty evictions (from lower level)
   INV: 0 # Invalidates (from upper level)
   INVX: 0 # Downgrades (from upper level)
   FWD: 0 # Forwards (from upper level)
   latGETnl: 21748500 # GET request latency on next level
   latGETnet: 0 # GET request latency on network to next level
  l3-0b2: # Cache stats
   hGETS: 1770578 # GETS hits
   hGETX: 69142 # GETX hits
   mGETS: 109735 # GETS misses
   mGETXIM: 131896 # GETX I->M misses
   mGETXSM: 0 # GETX S->M misses (upgrade misses)
   PUTS: 1784035 # Clean evictions (from lower level)
   PUTX: 287587 # Dirty evictions (from lower level)
   INV: 0 # Invalidates (from upper level)
   INVX: 0 # Downgrades (from upper level)
   FWD: 0 # Forwards (from upper level)
   latGETnl: 21746790 # GET request latency on next level
   latGETnet: 0 # GET request latency on network to next level
  l3-0b3: # Cache stats
   hGETS: 1775967 # GETS hits
   hGETX: 70704 # GETX hits
   mGETS: 109889 # GETS misses
   mGETXIM: 131821 # GETX I->M misses
   mGETXSM: 0 # GETX S->M misses (upgrade misses)
   PUTS: 1791252 # Clean evictions (from lower level)
   PUTX: 285878 # Dirty evictions (from lower level)
   INV: 0 # Invalidates (from upper level)
   INVX: 0 # Downgrades (from upper level)
   FWD: 0 # Forwards (from upper level)
   latGETnl: 21753900 # GET request latency on next level
   latGETnet: 0 # GET request latency on network to next level
  l3-0b4: # Cache stats
   hGETS: 1849081 # GETS hits
   hGETX: 70746 # GETX hits
   mGETS: 109872 # GETS misses
   mGETXIM: 131850 # GETX I->M misses
   mGETXSM: 0 # GETX S->M misses (upgrade misses)
   PUTS: 1861764 # Clean evictions (from lower level)
   PUTX: 290165 # Dirty evictions (from lower level)
   INV: 0 # Invalidates (from upper level)
   INVX: 0 # Downgrades (from upper level)
   FWD: 0 # Forwards (from upper level)
   latGETnl: 21754980 # GET request latency on next level
   latGETnet: 0 # GET request latency on network to next level
  l3-0b5: # Cache stats
   hGETS: 1766966 # GETS hits
   hGETX: 72027 # GETX hits
   mGETS: 109462 # GETS misses
   mGETXIM: 131740 # GETX I->M misses
   mGETXSM: 0 # GETX S->M misses (upgrade misses)
   PUTS: 1776185 # Clean evictions (from lower level)
   PUTX: 293078 # Dirty evictions (from lower level)
   INV: 0 # Invalidates (from upper level)
   INVX: 0 # Downgrades (from upper level)
   FWD: 0 # Forwards (from upper level)
   latGETnl: 21708180 # GET request latency on next level
   latGETnet: 0 # GET request latency on network to next level
  l3-0b6: # Cache stats
   hGETS: 1726108 # GETS hits
   hGETX: 68473 # GETX hits
   mGETS: 109292 # GETS misses
   mGETXIM: 131769 # GETX I->M misses
   mGETXSM: 0 # GETX S->M misses (upgrade misses)
   PUTS: 1740856 # Clean evictions (from lower level)
   PUTX: 285199 # Dirty evictions (from lower level)
   INV: 0 # Invalidates (from upper level)
   INVX: 0 # Downgrades (from upper level)
   FWD: 0 # Forwards (from upper level)
   latGETnl: 21695490 # GET request latency on next level
   latGETnet: 0 # GET request latency on network to next level
  l3-0b7: # Cache stats
   hGETS: 1729079 # GETS hits
   hGETX: 70279 # GETX hits
   mGETS: 109677 # GETS misses
   mGETXIM: 131803 # GETX I->M misses
   mGETXSM: 0 # GETX S->M misses (upgrade misses)
   PUTS: 1747102 # Clean evictions (from lower level)
   PUTX: 284638 # Dirty evictions (from lower level)
   INV: 0 # Invalidates (from upper level)
   INVX: 0 # Downgrades (from upper level)
   FWD: 0 # Forwards (from upper level)
   latGETnl: 21733200 # GET request latency on next level
   latGETnet: 0 # GET request latency on network to next level
 mem: # Memory controller stats
  mem-0: # Memory controller stats
   rd: 483359 # Read requests
   wr: 270124 # Write requests
   rdlat: 67601428 # Total latency experienced by read requests
   wrlat: 58469152 # Total latency experienced by write requests
   rdhits: 40537 # Read row hits
   wrhits: 9487 # Write row hits
   mlh: # latency histogram for memory requests
    0: 0
    1: 0
    2: 0
    3: 0
    4: 0
    5: 0
    6: 0
    7: 0
    8: 0
    9: 0
    10: 0
    11: 85
    12: 19144
    13: 349675
    14: 56426
    15: 24131
    16: 7155
    17: 11085
    18: 1496
    19: 1580
    20: 1501
    21: 1298
    22: 1130
    23: 1062
    24: 1138
    25: 888
    26: 251
    27: 312
    28: 292
    29: 335
    30: 358
    31: 312
    32: 337
    33: 275
    34: 295
    35: 289
    36: 257
    37: 255
    38: 254
    39: 258
    40: 249
    41: 244
    42: 254
    43: 209
    44: 107
    45: 93
    46: 107
    47: 64
    48: 64
    49: 24
    50: 9
    51: 21
    52: 9
    53: 4
    54: 9
    55: 6
    56: 2
    57: 5
    58: 2
    59: 3
    60: 0
    61: 0
    62: 0
    63: 0
    64: 0
    65: 0
    66: 0
    67: 0
    68: 0
    69: 0
    70: 0
    71: 0
    72: 0
    73: 0
    74: 0
    75: 0
    76: 0
    77: 0
    78: 0
    79: 0
    80: 0
    81: 0
    82: 0
    83: 0
    84: 0
    85: 0
    86: 0
    87: 0
    88: 0
    89: 0
    90: 0
    91: 0
    92: 0
    93: 0
    94: 0
    95: 0
    96: 0
    97: 0
    98: 0
    99: 0
  mem-1: # Memory controller stats
   rd: 483017 # Read requests
   wr: 269883 # Write requests
   rdlat: 67550835 # Total latency experienced by read requests
   wrlat: 58285033 # Total latency experienced by write requests
   rdhits: 40461 # Read row hits
   wrhits: 9658 # Write row hits
   mlh: # latency histogram for memory requests
    0: 0
    1: 0
    2: 0
    3: 0
    4: 0
    5: 0
    6: 0
    7: 0
    8: 0
    9: 0
    10: 0
    11: 79
    12: 19304
    13: 349450
    14: 56484
    15: 24304
    16: 7101
    17: 11056
    18: 1541
    19: 1393
    20: 1468
    21: 1292
    22: 1005
    23: 898
    24: 1065
    25: 830
    26: 231
    27: 314
    28: 311
    29: 367
    30: 362
    31: 289
    32: 339
    33: 301
    34: 285
    35: 274
    36: 291
    37: 278
    38: 243
    39: 313
    40: 258
    41: 250
    42: 260
    43: 226
    44: 96
    45: 89
    46: 95
    47: 80
    48: 86
    49: 38
    50: 20
    51: 18
    52: 5
    53: 4
    54: 5
    55: 5
    56: 7
    57: 3
    58: 2
    59: 2
    60: 0
    61: 0
    62: 0
    63: 0
    64: 0
    65: 0
    66: 0
    67: 0
    68: 0
    69: 0
    70: 0
    71: 0
    72: 0
    73: 0
    74: 0
    75: 0
    76: 0
    77: 0
    78: 0
    79: 0
    80: 0
    81: 0
    82: 0
    83: 0
    84: 0
    85: 0
    86: 0
    87: 0
    88: 0
    89: 0
    90: 0
    91: 0
    92: 0
    93: 0
    94: 0
    95: 0
    96: 0
    97: 0
    98: 0
    99: 0
  mem-2: # Memory controller stats
   rd: 482894 # Read requests
   wr: 269927 # Write requests
   rdlat: 67582151 # Total latency experienced by read requests
   wrlat: 58500600 # Total latency experienced by write requests
   rdhits: 40527 # Read row hits
   wrhits: 9726 # Write row hits
   mlh: # latency histogram for memory requests
    0: 0
    1: 0
    2: 0
    3: 0
    4: 0
    5: 0
    6: 0
    7: 0
    8: 0
    9: 0
    10: 0
    11: 91
    12: 18658
    13: 349953
    14: 55668
    15: 24189
    16: 7416
    17: 11151
    18: 1593
    19: 1585
    20: 1453
    21: 1298
    22: 1084
    23: 1043
    24: 1100
    25: 849
    26: 260
    27: 338
    28: 291
    29: 324
    30: 353
    31: 302
    32: 387
    33: 277
    34: 321
    35: 276
    36: 267
    37: 276
    38: 226
    39: 300
    40: 259
    41: 263
    42: 273
    43: 211
    44: 118
    45: 106
    46: 86
    47: 61
    48: 82
    49: 33
    50: 16
    51: 20
    52: 8
    53: 8
    54: 8
    55: 1
    56: 3
    57: 5
    58: 1
    59: 1
    60: 1
    61: 1
    62: 0
    63: 0
    64: 0
    65: 0
    66: 0
    67: 0
    68: 0
    69: 0
    70: 0
    71: 0
    72: 0
    73: 0
    74: 0
    75: 0
    76: 0
    77: 0
    78: 0
    79: 0
    80: 0
    81: 0
    82: 0
    83: 0
    84: 0
    85: 0
    86: 0
    87: 0
    88: 0
    89: 0
    90: 0
    91: 0
    92: 0
    93: 0
    94: 0
    95: 0
    96: 0
    97: 0
    98: 0
    99: 0
  mem-3: # Memory controller stats
   rd: 482756 # Read requests
   wr: 269807 # Write requests
   rdlat: 67478393 # Total latency experienced by read requests
   wrlat: 58219537 # Total latency experienced by write requests
   rdhits: 40539 # Read row hits
   wrhits: 9567 # Write row hits
   mlh: # latency histogram for memory requests
    0: 0
    1: 0
    2: 0
    3: 0
    4: 0
    5: 0
    6: 0
    7: 0
    8: 0
    9: 1
    10: 0
    11: 89
    12: 18719
    13: 349639
    14: 56524
    15: 24365
    16: 7306
    17: 11063
    18: 1481
    19: 1518
    20: 1400
    21: 1241
    22: 1046
    23: 917
    24: 1034
    25: 826
    26: 245
    27: 323
    28: 289
    29: 320
    30: 329
    31: 288
    32: 347
    33: 279
    34: 316
    35: 285
    36: 254
    37: 300
    38: 254
    39: 256
    40: 254
    41: 256
    42: 258
    43: 218
    44: 108
    45: 103
    46: 90
    47: 59
    48: 69
    49: 29
    50: 14
    51: 15
    52: 6
    53: 5
    54: 6
    55: 6
    56: 3
    57: 0
    58: 2
    59: 0
    60: 0
    61: 0
    62: 1
    63: 0
    64: 0
    65: 0
    66: 0
    67: 0
    68: 0
    69: 0
    70: 0
    71: 0
    72: 0
    73: 0
    74: 0
    75: 0
    76: 0
    77: 0
    78: 0
    79: 0
    80: 0
    81: 0
    82: 0
    83: 0
    84: 0
    85: 0
    86: 0
    87: 0
    88: 0
    89: 0
    90: 0
    91: 0
    92: 0
    93: 0
    94: 0
    95: 0
    96: 0
    97: 0
    98: 0
    99: 0
 sched: # Scheduler stats
  thCr: 77 # Threads created
  thFn: 68 # Threads finished
  schedEvs: 171 # Schedule events
  waitEvs: 19 # Wait events
  handoffEvs: 0 # Handoff events
  sleepEvs: 0 # Sleep events
  idlePhases: 0 # Phases with no thread active
  idlePeriods: 0 # Periods with no thread active
  occHist: # Occupancy histogram
   0: 0
   1: 73
   2: 291
   3: 270
   4: 261
   5: 264
   6: 390
   7: 2971
   8: 40804
  rqSzHist: # Run queue size histogram
   0: 44971
   1: 353
   2: 0
   3: 0
   4: 0
   5: 0
   6: 0
   7: 0
   8: 0
   9: 0
   10: 0
   11: 0
   12: 0
   13: 0
   14: 0
   15: 0
   16: 0
 procCycles: # Per-process unhalted core cycles
  0: 2795364826
  1: 0
  2: 0
  3: 0
  4: 0
  5: 0
  6: 0
  7: 0
  8: 0
  9: 0
  10: 0
  11: 0
  12: 0
  13: 0
  14: 0
  15: 0
  16: 0
  17: 0
  18: 0
  19: 0
  20: 0
  21: 0
  22: 0
  23: 0
  24: 0
  25: 0
  26: 0
  27: 0
  28: 0
  29: 0
  30: 0
  31: 0
  32: 0
  33: 0
  34: 0
  35: 0
  36: 0
  37: 0
  38: 0
  39: 0
  40: 0
  41: 0
  42: 0
  43: 0
  44: 0
  45: 0
  46: 0
  47: 0
  48: 0
  49: 0
  50: 0
  51: 0
  52: 0
  53: 0
  54: 0
  55: 0
  56: 0
  57: 0
  58: 0
  59: 0
  60: 0
  61: 0
  62: 0
  63: 0
 procInstrs: # Per-process instructions
  0: 5000018846
  1: 0
  2: 0
  3: 0
  4: 0
  5: 0
  6: 0
  7: 0
  8: 0
  9: 0
  10: 0
  11: 0
  12: 0
  13: 0
  14: 0
  15: 0
  16: 0
  17: 0
  18: 0
  19: 0
  20: 0
  21: 0
  22: 0
  23: 0
  24: 0
  25: 0
  26: 0
  27: 0
  28: 0
  29: 0
  30: 0
  31: 0
  32: 0
  33: 0
  34: 0
  35: 0
  36: 0
  37: 0
  38: 0
  39: 0
  40: 0
  41: 0
  42: 0
  43: 0
  44: 0
  45: 0
  46: 0
  47: 0
  48: 0
  49: 0
  50: 0
  51: 0
  52: 0
  53: 0
  54: 0
  55: 0
  56: 0
  57: 0
  58: 0
  59: 0
  60: 0
  61: 0
  62: 0
  63: 0
 heartbeats: # Per-process heartbeats
  0: 0
  1: 0
  2: 0
  3: 0
  4: 0
  5: 0
  6: 0
  7: 0
  8: 0
  9: 0
  10: 0
  11: 0
  12: 0
  13: 0
  14: 0
  15: 0
  16: 0
  17: 0
  18: 0
  19: 0
  20: 0
  21: 0
  22: 0
  23: 0
  24: 0
  25: 0
  26: 0
  27: 0
  28: 0
  29: 0
  30: 0
  31: 0
  32: 0
  33: 0
  34: 0
  35: 0
  36: 0
  37: 0
  38: 0
  39: 0
  40: 0
  41: 0
  42: 0
  43: 0
  44: 0
  45: 0
  46: 0
  47: 0
  48: 0
  49: 0
  50: 0
  51: 0
  52: 0
  53: 0
  54: 0
  55: 0
  56: 0
  57: 0
  58: 0
  59: 0
  60: 0
  61: 0
  62: 0
  63: 0
===
