# zsim stats
===
root: # Stats
 contention: # Contention simulation stats
  domain-0: # Domain stats
   time: 13440365256 # Weave simulation time
 time: # Simulator time breakdown
  init: 802747375964
  bound: 719796596817
  weave: 136933116357
  ff: 79060101
 trigger: 20000 # Reason for this stats dump
 phase: 40970 # Simulated phases
 westmere: # Core stats
  westmere-0: # Core stats
   cycles: 402840868 # Simulated unhalted cycles
   cCycles: 33969188 # Cycles due to contention stalls
   instrs: 298091932 # Simulated instructions
   uops: 407091629 # Retired micro-ops
   bbls: 30162218 # Basic blocks
   approxInstrs: 12086903 # Instrs with approx uop decoding
   mispredBranches: 468008 # Mispredicted branches
   condBranches: 7113342 # conditional branches
  westmere-1: # Core stats
   cycles: 402343892 # Simulated unhalted cycles
   cCycles: 33987494 # Cycles due to contention stalls
   instrs: 297583908 # Simulated instructions
   uops: 406432273 # Retired micro-ops
   bbls: 30111631 # Basic blocks
   approxInstrs: 12064759 # Instrs with approx uop decoding
   mispredBranches: 468546 # Mispredicted branches
   condBranches: 7092830 # conditional branches
  westmere-2: # Core stats
   cycles: 403258704 # Simulated unhalted cycles
   cCycles: 34007724 # Cycles due to contention stalls
   instrs: 298341472 # Simulated instructions
   uops: 407456471 # Retired micro-ops
   bbls: 30171151 # Basic blocks
   approxInstrs: 12104019 # Instrs with approx uop decoding
   mispredBranches: 466205 # Mispredicted branches
   condBranches: 7103111 # conditional branches
  westmere-3: # Core stats
   cycles: 401851856 # Simulated unhalted cycles
   cCycles: 33911548 # Cycles due to contention stalls
   instrs: 297307477 # Simulated instructions
   uops: 406062534 # Retired micro-ops
   bbls: 30087319 # Basic blocks
   approxInstrs: 12052468 # Instrs with approx uop decoding
   mispredBranches: 467596 # Mispredicted branches
   condBranches: 7085811 # conditional branches
  westmere-4: # Core stats
   cycles: 402148475 # Simulated unhalted cycles
   cCycles: 33904081 # Cycles due to contention stalls
   instrs: 297498682 # Simulated instructions
   uops: 406316354 # Retired micro-ops
   bbls: 30108287 # Basic blocks
   approxInstrs: 12059970 # Instrs with approx uop decoding
   mispredBranches: 469674 # Mispredicted branches
   condBranches: 7094077 # conditional branches
  westmere-5: # Core stats
   cycles: 402641644 # Simulated unhalted cycles
   cCycles: 33974287 # Cycles due to contention stalls
   instrs: 297954473 # Simulated instructions
   uops: 406917583 # Retired micro-ops
   bbls: 30143086 # Basic blocks
   approxInstrs: 12079996 # Instrs with approx uop decoding
   mispredBranches: 467533 # Mispredicted branches
   condBranches: 7100299 # conditional branches
  westmere-6: # Core stats
   cycles: 402864168 # Simulated unhalted cycles
   cCycles: 33995314 # Cycles due to contention stalls
   instrs: 298139330 # Simulated instructions
   uops: 407170037 # Retired micro-ops
   bbls: 30158375 # Basic blocks
   approxInstrs: 12088457 # Instrs with approx uop decoding
   mispredBranches: 467357 # Mispredicted branches
   condBranches: 7102679 # conditional branches
  westmere-7: # Core stats
   cycles: 402775646 # Simulated unhalted cycles
   cCycles: 33933639 # Cycles due to contention stalls
   instrs: 298082649 # Simulated instructions
   uops: 407087855 # Retired micro-ops
   bbls: 30150961 # Basic blocks
   approxInstrs: 12086575 # Instrs with approx uop decoding
   mispredBranches: 468074 # Mispredicted branches
   condBranches: 7101195 # conditional branches
 l1i: # Cache stats
  l1i-0: # Filter cache stats
   fhGETS: 34808556 # Filtered GETS hits
   fhGETX: 0 # Filtered GETX hits
   hGETS: 2930496 # GETS hits
   hGETX: 0 # GETX hits
   mGETS: 46592 # GETS misses
   mGETXIM: 0 # GETX I->M misses
   mGETXSM: 0 # GETX S->M misses (upgrade misses)
   PUTS: 0 # Clean evictions (from lower level)
   PUTX: 0 # Dirty evictions (from lower level)
   INV: 46326 # Invalidates (from upper level)
   INVX: 0 # Downgrades (from upper level)
   FWD: 0 # Forwards (from upper level)
   latGETnl: 1607762 # GET request latency on next level
   latGETnet: 0 # GET request latency on network to next level
  l1i-1: # Filter cache stats
   fhGETS: 34749303 # Filtered GETS hits
   fhGETX: 0 # Filtered GETX hits
   hGETS: 2931919 # GETS hits
   hGETX: 0 # GETX hits
   mGETS: 45909 # GETS misses
   mGETXIM: 0 # GETX I->M misses
   mGETXSM: 0 # GETX S->M misses (upgrade misses)
   PUTS: 0 # Clean evictions (from lower level)
   PUTX: 0 # Dirty evictions (from lower level)
   INV: 45769 # Invalidates (from upper level)
   INVX: 0 # Downgrades (from upper level)
   FWD: 0 # Forwards (from upper level)
   latGETnl: 1564218 # GET request latency on next level
   latGETnet: 0 # GET request latency on network to next level
  l1i-2: # Filter cache stats
   fhGETS: 34822295 # Filtered GETS hits
   fhGETX: 0 # Filtered GETX hits
   hGETS: 2927742 # GETS hits
   hGETX: 0 # GETX hits
   mGETS: 45868 # GETS misses
   mGETXIM: 0 # GETX I->M misses
   mGETXSM: 0 # GETX S->M misses (upgrade misses)
   PUTS: 0 # Clean evictions (from lower level)
   PUTX: 0 # Dirty evictions (from lower level)
   INV: 45725 # Invalidates (from upper level)
   INVX: 0 # Downgrades (from upper level)
   FWD: 0 # Forwards (from upper level)
   latGETnl: 1561042 # GET request latency on next level
   latGETnet: 0 # GET request latency on network to next level
  l1i-3: # Filter cache stats
   fhGETS: 34716188 # Filtered GETS hits
   fhGETX: 0 # Filtered GETX hits
   hGETS: 2930097 # GETS hits
   hGETX: 0 # GETX hits
   mGETS: 45663 # GETS misses
   mGETXIM: 0 # GETX I->M misses
   mGETXSM: 0 # GETX S->M misses (upgrade misses)
   PUTS: 0 # Clean evictions (from lower level)
   PUTX: 0 # Dirty evictions (from lower level)
   INV: 45525 # Invalidates (from upper level)
   INVX: 0 # Downgrades (from upper level)
   FWD: 0 # Forwards (from upper level)
   latGETnl: 1565322 # GET request latency on next level
   latGETnet: 0 # GET request latency on network to next level
  l1i-4: # Filter cache stats
   fhGETS: 34746590 # Filtered GETS hits
   fhGETX: 0 # Filtered GETX hits
   hGETS: 2933243 # GETS hits
   hGETX: 0 # GETX hits
   mGETS: 45955 # GETS misses
   mGETXIM: 0 # GETX I->M misses
   mGETXSM: 0 # GETX S->M misses (upgrade misses)
   PUTS: 0 # Clean evictions (from lower level)
   PUTX: 0 # Dirty evictions (from lower level)
   INV: 45807 # Invalidates (from upper level)
   INVX: 0 # Downgrades (from upper level)
   FWD: 0 # Forwards (from upper level)
   latGETnl: 1574035 # GET request latency on next level
   latGETnet: 0 # GET request latency on network to next level
  l1i-5: # Filter cache stats
   fhGETS: 34783760 # Filtered GETS hits
   fhGETX: 0 # Filtered GETX hits
   hGETS: 2932851 # GETS hits
   hGETX: 0 # GETX hits
   mGETS: 45892 # GETS misses
   mGETXIM: 0 # GETX I->M misses
   mGETXSM: 0 # GETX S->M misses (upgrade misses)
   PUTS: 0 # Clean evictions (from lower level)
   PUTX: 0 # Dirty evictions (from lower level)
   INV: 45740 # Invalidates (from upper level)
   INVX: 0 # Downgrades (from upper level)
   FWD: 0 # Forwards (from upper level)
   latGETnl: 1560859 # GET request latency on next level
   latGETnet: 0 # GET request latency on network to next level
  l1i-6: # Filter cache stats
   fhGETS: 34803687 # Filtered GETS hits
   fhGETX: 0 # Filtered GETX hits
   hGETS: 2931419 # GETS hits
   hGETX: 0 # GETX hits
   mGETS: 45926 # GETS misses
   mGETXIM: 0 # GETX I->M misses
   mGETXSM: 0 # GETX S->M misses (upgrade misses)
   PUTS: 0 # Clean evictions (from lower level)
   PUTX: 0 # Dirty evictions (from lower level)
   INV: 45776 # Invalidates (from upper level)
   INVX: 0 # Downgrades (from upper level)
   FWD: 0 # Forwards (from upper level)
   latGETnl: 1562348 # GET request latency on next level
   latGETnet: 0 # GET request latency on network to next level
  l1i-7: # Filter cache stats
   fhGETS: 34798420 # Filtered GETS hits
   fhGETX: 0 # Filtered GETX hits
   hGETS: 2932203 # GETS hits
   hGETX: 0 # GETX hits
   mGETS: 46192 # GETS misses
   mGETXIM: 0 # GETX I->M misses
   mGETXSM: 0 # GETX S->M misses (upgrade misses)
   PUTS: 0 # Clean evictions (from lower level)
   PUTX: 0 # Dirty evictions (from lower level)
   INV: 46040 # Invalidates (from upper level)
   INVX: 0 # Downgrades (from upper level)
   FWD: 0 # Forwards (from upper level)
   latGETnl: 1570420 # GET request latency on next level
   latGETnet: 0 # GET request latency on network to next level
 l1d: # Cache stats
  l1d-0: # Filter cache stats
   fhGETS: 112878700 # Filtered GETS hits
   fhGETX: 59386366 # Filtered GETX hits
   hGETS: 6902405 # GETS hits
   hGETX: 3478558 # GETX hits
   mGETS: 2235015 # GETS misses
   mGETXIM: 3497 # GETX I->M misses
   mGETXSM: 54347 # GETX S->M misses (upgrade misses)
   PUTS: 0 # Clean evictions (from lower level)
   PUTX: 0 # Dirty evictions (from lower level)
   INV: 17358 # Invalidates (from upper level)
   INVX: 33414 # Downgrades (from upper level)
   FWD: 0 # Forwards (from upper level)
   latGETnl: 142457380 # GET request latency on next level
   latGETnet: 0 # GET request latency on network to next level
  l1d-1: # Filter cache stats
   fhGETS: 112677243 # Filtered GETS hits
   fhGETX: 59304854 # Filtered GETX hits
   hGETS: 6906102 # GETS hits
   hGETX: 3478691 # GETX hits
   mGETS: 2230760 # GETS misses
   mGETXIM: 3245 # GETX I->M misses
   mGETXSM: 54578 # GETX S->M misses (upgrade misses)
   PUTS: 0 # Clean evictions (from lower level)
   PUTX: 0 # Dirty evictions (from lower level)
   INV: 17493 # Invalidates (from upper level)
   INVX: 33482 # Downgrades (from upper level)
   FWD: 0 # Forwards (from upper level)
   latGETnl: 142276870 # GET request latency on next level
   latGETnet: 0 # GET request latency on network to next level
  l1d-2: # Filter cache stats
   fhGETS: 112983234 # Filtered GETS hits
   fhGETX: 59429063 # Filtered GETX hits
   hGETS: 6937495 # GETS hits
   hGETX: 3491670 # GETX hits
   mGETS: 2238334 # GETS misses
   mGETXIM: 3208 # GETX I->M misses
   mGETXSM: 54301 # GETX S->M misses (upgrade misses)
   PUTS: 0 # Clean evictions (from lower level)
   PUTX: 0 # Dirty evictions (from lower level)
   INV: 17573 # Invalidates (from upper level)
   INVX: 33655 # Downgrades (from upper level)
   FWD: 0 # Forwards (from upper level)
   latGETnl: 142639786 # GET request latency on next level
   latGETnet: 0 # GET request latency on network to next level
  l1d-3: # Filter cache stats
   fhGETS: 112571589 # Filtered GETS hits
   fhGETX: 59265990 # Filtered GETX hits
   hGETS: 6894599 # GETS hits
   hGETX: 3468128 # GETX hits
   mGETS: 2228373 # GETS misses
   mGETXIM: 3266 # GETX I->M misses
   mGETXSM: 54685 # GETX S->M misses (upgrade misses)
   PUTS: 0 # Clean evictions (from lower level)
   PUTX: 0 # Dirty evictions (from lower level)
   INV: 17482 # Invalidates (from upper level)
   INVX: 33477 # Downgrades (from upper level)
   FWD: 0 # Forwards (from upper level)
   latGETnl: 142093416 # GET request latency on next level
   latGETnet: 0 # GET request latency on network to next level
  l1d-4: # Filter cache stats
   fhGETS: 112628629 # Filtered GETS hits
   fhGETX: 59289024 # Filtered GETX hits
   hGETS: 6911916 # GETS hits
   hGETX: 3479474 # GETX hits
   mGETS: 2229494 # GETS misses
   mGETXIM: 3539 # GETX I->M misses
   mGETXSM: 54756 # GETX S->M misses (upgrade misses)
   PUTS: 0 # Clean evictions (from lower level)
   PUTX: 0 # Dirty evictions (from lower level)
   INV: 17940 # Invalidates (from upper level)
   INVX: 33520 # Downgrades (from upper level)
   FWD: 0 # Forwards (from upper level)
   latGETnl: 142217512 # GET request latency on next level
   latGETnet: 0 # GET request latency on network to next level
  l1d-5: # Filter cache stats
   fhGETS: 112835145 # Filtered GETS hits
   fhGETX: 59372259 # Filtered GETX hits
   hGETS: 6897279 # GETS hits
   hGETX: 3476336 # GETX hits
   mGETS: 2234356 # GETS misses
   mGETXIM: 3264 # GETX I->M misses
   mGETXSM: 54723 # GETX S->M misses (upgrade misses)
   PUTS: 0 # Clean evictions (from lower level)
   PUTX: 0 # Dirty evictions (from lower level)
   INV: 17672 # Invalidates (from upper level)
   INVX: 33986 # Downgrades (from upper level)
   FWD: 0 # Forwards (from upper level)
   latGETnl: 142375240 # GET request latency on next level
   latGETnet: 0 # GET request latency on network to next level
  l1d-6: # Filter cache stats
   fhGETS: 112869035 # Filtered GETS hits
   fhGETX: 59395665 # Filtered GETX hits
   hGETS: 6944910 # GETS hits
   hGETX: 3489835 # GETX hits
   mGETS: 2234639 # GETS misses
   mGETXIM: 3290 # GETX I->M misses
   mGETXSM: 54194 # GETX S->M misses (upgrade misses)
   PUTS: 0 # Clean evictions (from lower level)
   PUTX: 0 # Dirty evictions (from lower level)
   INV: 17502 # Invalidates (from upper level)
   INVX: 33534 # Downgrades (from upper level)
   FWD: 0 # Forwards (from upper level)
   latGETnl: 142404049 # GET request latency on next level
   latGETnet: 0 # GET request latency on network to next level
  l1d-7: # Filter cache stats
   fhGETS: 112881077 # Filtered GETS hits
   fhGETX: 59386703 # Filtered GETX hits
   hGETS: 6909465 # GETS hits
   hGETX: 3482966 # GETX hits
   mGETS: 2236009 # GETS misses
   mGETXIM: 3427 # GETX I->M misses
   mGETXSM: 54683 # GETX S->M misses (upgrade misses)
   PUTS: 0 # Clean evictions (from lower level)
   PUTX: 0 # Dirty evictions (from lower level)
   INV: 17711 # Invalidates (from upper level)
   INVX: 33225 # Downgrades (from upper level)
   FWD: 0 # Forwards (from upper level)
   latGETnl: 142434515 # GET request latency on next level
   latGETnet: 0 # GET request latency on network to next level
 l2: # Cache stats
  l2-0: # Cache stats
   hGETS: 135694 # GETS hits
   hGETX: 506 # GETX hits
   mGETS: 2145913 # GETS misses
   mGETXIM: 2991 # GETX I->M misses
   mGETXSM: 54347 # GETX S->M misses (upgrade misses)
   PUTS: 1273235 # Clean evictions (from lower level)
   PUTX: 947464 # Dirty evictions (from lower level)
   INV: 55467 # Invalidates (from upper level)
   INVX: 235194 # Downgrades (from upper level)
   FWD: 0 # Forwards (from upper level)
   latGETnl: 127688985 # GET request latency on next level
   latGETnet: 0 # GET request latency on network to next level
  l2-1: # Cache stats
   hGETS: 136507 # GETS hits
   hGETX: 425 # GETX hits
   mGETS: 2140162 # GETS misses
   mGETXIM: 2820 # GETX I->M misses
   mGETXSM: 54578 # GETX S->M misses (upgrade misses)
   PUTS: 1270885 # Clean evictions (from lower level)
   PUTX: 945135 # Dirty evictions (from lower level)
   INV: 54841 # Invalidates (from upper level)
   INVX: 235806 # Downgrades (from upper level)
   FWD: 0 # Forwards (from upper level)
   latGETnl: 127499644 # GET request latency on next level
   latGETnet: 0 # GET request latency on network to next level
  l2-2: # Cache stats
   hGETS: 136208 # GETS hits
   hGETX: 516 # GETX hits
   mGETS: 2147994 # GETS misses
   mGETXIM: 2692 # GETX I->M misses
   mGETXSM: 54301 # GETX S->M misses (upgrade misses)
   PUTS: 1275046 # Clean evictions (from lower level)
   PUTX: 948422 # Dirty evictions (from lower level)
   INV: 55485 # Invalidates (from upper level)
   INVX: 235904 # Downgrades (from upper level)
   FWD: 0 # Forwards (from upper level)
   latGETnl: 127808851 # GET request latency on next level
   latGETnet: 0 # GET request latency on network to next level
  l2-3: # Cache stats
   hGETS: 136659 # GETS hits
   hGETX: 477 # GETX hits
   mGETS: 2137377 # GETS misses
   mGETXIM: 2789 # GETX I->M misses
   mGETXSM: 54685 # GETX S->M misses (upgrade misses)
   PUTS: 1269675 # Clean evictions (from lower level)
   PUTX: 943979 # Dirty evictions (from lower level)
   INV: 55169 # Invalidates (from upper level)
   INVX: 235501 # Downgrades (from upper level)
   FWD: 0 # Forwards (from upper level)
   latGETnl: 127334829 # GET request latency on next level
   latGETnet: 0 # GET request latency on network to next level
  l2-4: # Cache stats
   hGETS: 135448 # GETS hits
   hGETX: 309 # GETX hits
   mGETS: 2140001 # GETS misses
   mGETXIM: 3230 # GETX I->M misses
   mGETXSM: 54756 # GETX S->M misses (upgrade misses)
   PUTS: 1269941 # Clean evictions (from lower level)
   PUTX: 944663 # Dirty evictions (from lower level)
   INV: 55159 # Invalidates (from upper level)
   INVX: 235694 # Downgrades (from upper level)
   FWD: 0 # Forwards (from upper level)
   latGETnl: 127455339 # GET request latency on next level
   latGETnet: 0 # GET request latency on network to next level
  l2-5: # Cache stats
   hGETS: 136965 # GETS hits
   hGETX: 489 # GETX hits
   mGETS: 2143283 # GETS misses
   mGETXIM: 2775 # GETX I->M misses
   mGETXSM: 54723 # GETX S->M misses (upgrade misses)
   PUTS: 1273127 # Clean evictions (from lower level)
   PUTX: 946335 # Dirty evictions (from lower level)
   INV: 55708 # Invalidates (from upper level)
   INVX: 236003 # Downgrades (from upper level)
   FWD: 0 # Forwards (from upper level)
   latGETnl: 127568454 # GET request latency on next level
   latGETnet: 0 # GET request latency on network to next level
  l2-6: # Cache stats
   hGETS: 136949 # GETS hits
   hGETX: 454 # GETX hits
   mGETS: 2143616 # GETS misses
   mGETXIM: 2836 # GETX I->M misses
   mGETXSM: 54194 # GETX S->M misses (upgrade misses)
   PUTS: 1272785 # Clean evictions (from lower level)
   PUTX: 947157 # Dirty evictions (from lower level)
   INV: 55913 # Invalidates (from upper level)
   INVX: 236732 # Downgrades (from upper level)
   FWD: 0 # Forwards (from upper level)
   latGETnl: 127600054 # GET request latency on next level
   latGETnet: 0 # GET request latency on network to next level
  l2-7: # Cache stats
   hGETS: 136888 # GETS hits
   hGETX: 478 # GETX hits
   mGETS: 2145313 # GETS misses
   mGETXIM: 2949 # GETX I->M misses
   mGETXSM: 54683 # GETX S->M misses (upgrade misses)
   PUTS: 1274055 # Clean evictions (from lower level)
   PUTX: 947175 # Dirty evictions (from lower level)
   INV: 55316 # Invalidates (from upper level)
   INVX: 235008 # Downgrades (from upper level)
   FWD: 0 # Forwards (from upper level)
   latGETnl: 127622758 # GET request latency on next level
   latGETnet: 0 # GET request latency on network to next level
 l3: # Cache stats
  l3-0b0: # Cache stats
   hGETS: 1411072 # GETS hits
   hGETX: 56898 # GETX hits
   mGETS: 732061 # GETS misses
   mGETXIM: 177 # GETX I->M misses
   mGETXSM: 0 # GETX S->M misses (upgrade misses)
   PUTS: 1217950 # Clean evictions (from lower level)
   PUTX: 868580 # Dirty evictions (from lower level)
   INV: 0 # Invalidates (from upper level)
   INVX: 0 # Downgrades (from upper level)
   FWD: 0 # Forwards (from upper level)
   latGETnl: 65901420 # GET request latency on next level
   latGETnet: 0 # GET request latency on network to next level
  l3-0b1: # Cache stats
   hGETS: 1416325 # GETS hits
   hGETX: 58645 # GETX hits
   mGETS: 730535 # GETS misses
   mGETXIM: 167 # GETX I->M misses
   mGETXSM: 0 # GETX S->M misses (upgrade misses)
   PUTS: 1216722 # Clean evictions (from lower level)
   PUTX: 871204 # Dirty evictions (from lower level)
   INV: 0 # Invalidates (from upper level)
   INVX: 0 # Downgrades (from upper level)
   FWD: 0 # Forwards (from upper level)
   latGETnl: 65763180 # GET request latency on next level
   latGETnet: 0 # GET request latency on network to next level
  l3-0b2: # Cache stats
   hGETS: 1426959 # GETS hits
   hGETX: 57451 # GETX hits
   mGETS: 735038 # GETS misses
   mGETXIM: 164 # GETX I->M misses
   mGETXSM: 0 # GETX S->M misses (upgrade misses)
   PUTS: 1237038 # Clean evictions (from lower level)
   PUTX: 868998 # Dirty evictions (from lower level)
   INV: 0 # Invalidates (from upper level)
   INVX: 0 # Downgrades (from upper level)
   FWD: 0 # Forwards (from upper level)
   latGETnl: 66168180 # GET request latency on next level
   latGETnet: 0 # GET request latency on network to next level
  l3-0b3: # Cache stats
   hGETS: 1409378 # GETS hits
   hGETX: 56882 # GETX hits
   mGETS: 733502 # GETS misses
   mGETXIM: 177 # GETX I->M misses
   mGETXSM: 0 # GETX S->M misses (upgrade misses)
   PUTS: 1216951 # Clean evictions (from lower level)
   PUTX: 869250 # Dirty evictions (from lower level)
   INV: 0 # Invalidates (from upper level)
   INVX: 0 # Downgrades (from upper level)
   FWD: 0 # Forwards (from upper level)
   latGETnl: 66031110 # GET request latency on next level
   latGETnet: 0 # GET request latency on network to next level
  l3-0b4: # Cache stats
   hGETS: 1406764 # GETS hits
   hGETX: 56578 # GETX hits
   mGETS: 732207 # GETS misses
   mGETXIM: 178 # GETX I->M misses
   mGETXSM: 0 # GETX S->M misses (upgrade misses)
   PUTS: 1212828 # Clean evictions (from lower level)
   PUTX: 869789 # Dirty evictions (from lower level)
   INV: 0 # Invalidates (from upper level)
   INVX: 0 # Downgrades (from upper level)
   FWD: 0 # Forwards (from upper level)
   latGETnl: 65914650 # GET request latency on next level
   latGETnet: 0 # GET request latency on network to next level
  l3-0b5: # Cache stats
   hGETS: 1400757 # GETS hits
   hGETX: 56182 # GETX hits
   mGETS: 732932 # GETS misses
   mGETXIM: 166 # GETX I->M misses
   mGETXSM: 0 # GETX S->M misses (upgrade misses)
   PUTS: 1212307 # Clean evictions (from lower level)
   PUTX: 864710 # Dirty evictions (from lower level)
   INV: 0 # Invalidates (from upper level)
   INVX: 0 # Downgrades (from upper level)
   FWD: 0 # Forwards (from upper level)
   latGETnl: 65978820 # GET request latency on next level
   latGETnet: 0 # GET request latency on network to next level
  l3-0b6: # Cache stats
   hGETS: 1403011 # GETS hits
   hGETX: 57490 # GETX hits
   mGETS: 732800 # GETS misses
   mGETXIM: 175 # GETX I->M misses
   mGETXSM: 0 # GETX S->M misses (upgrade misses)
   PUTS: 1210305 # Clean evictions (from lower level)
   PUTX: 869784 # Dirty evictions (from lower level)
   INV: 0 # Invalidates (from upper level)
   INVX: 0 # Downgrades (from upper level)
   FWD: 0 # Forwards (from upper level)
   latGETnl: 65967750 # GET request latency on next level
   latGETnet: 0 # GET request latency on network to next level
  l3-0b7: # Cache stats
   hGETS: 1406934 # GETS hits
   hGETX: 57835 # GETX hits
   mGETS: 733384 # GETS misses
   mGETXIM: 184 # GETX I->M misses
   mGETXSM: 0 # GETX S->M misses (upgrade misses)
   PUTS: 1215170 # Clean evictions (from lower level)
   PUTX: 869495 # Dirty evictions (from lower level)
   INV: 0 # Invalidates (from upper level)
   INVX: 0 # Downgrades (from upper level)
   FWD: 0 # Forwards (from upper level)
   latGETnl: 66021120 # GET request latency on next level
   latGETnet: 0 # GET request latency on network to next level
 mem: # Memory controller stats
  mem-0: # Memory controller stats
   rd: 1465277 # Read requests
   wr: 924719 # Write requests
   rdlat: 199968061 # Total latency experienced by read requests
   wrlat: 187614642 # Total latency experienced by write requests
   rdhits: 1695 # Read row hits
   wrhits: 3714 # Write row hits
   mlh: # latency histogram for memory requests
    0: 0
    1: 0
    2: 0
    3: 0
    4: 0
    5: 0
    6: 0
    7: 0
    8: 0
    9: 0
    10: 0
    11: 385
    12: 392
    13: 1314107
    14: 57432
    15: 36608
    16: 16193
    17: 3094
    18: 3013
    19: 3040
    20: 2984
    21: 2990
    22: 2582
    23: 2638
    24: 2867
    25: 1495
    26: 794
    27: 741
    28: 821
    29: 795
    30: 769
    31: 779
    32: 806
    33: 819
    34: 784
    35: 943
    36: 897
    37: 980
    38: 858
    39: 801
    40: 846
    41: 891
    42: 850
    43: 402
    44: 251
    45: 214
    46: 176
    47: 131
    48: 58
    49: 9
    50: 11
    51: 9
    52: 4
    53: 9
    54: 3
    55: 2
    56: 0
    57: 1
    58: 1
    59: 0
    60: 0
    61: 0
    62: 0
    63: 1
    64: 0
    65: 0
    66: 0
    67: 0
    68: 0
    69: 0
    70: 0
    71: 1
    72: 0
    73: 0
    74: 0
    75: 0
    76: 0
    77: 0
    78: 0
    79: 0
    80: 0
    81: 0
    82: 0
    83: 0
    84: 0
    85: 0
    86: 0
    87: 0
    88: 0
    89: 0
    90: 0
    91: 0
    92: 0
    93: 0
    94: 0
    95: 0
    96: 0
    97: 0
    98: 0
    99: 0
  mem-1: # Memory controller stats
   rd: 1467859 # Read requests
   wr: 928050 # Write requests
   rdlat: 200339372 # Total latency experienced by read requests
   wrlat: 188269359 # Total latency experienced by write requests
   rdhits: 1754 # Read row hits
   wrhits: 3684 # Write row hits
   mlh: # latency histogram for memory requests
    0: 0
    1: 0
    2: 0
    3: 0
    4: 0
    5: 0
    6: 0
    7: 0
    8: 0
    9: 0
    10: 0
    11: 402
    12: 402
    13: 1316377
    14: 57192
    15: 36665
    16: 16418
    17: 3137
    18: 2986
    19: 2976
    20: 3120
    21: 3058
    22: 2612
    23: 2717
    24: 2768
    25: 1520
    26: 715
    27: 768
    28: 782
    29: 828
    30: 827
    31: 843
    32: 901
    33: 803
    34: 770
    35: 858
    36: 916
    37: 949
    38: 880
    39: 795
    40: 827
    41: 854
    42: 874
    43: 440
    44: 247
    45: 187
    46: 167
    47: 157
    48: 73
    49: 15
    50: 13
    51: 8
    52: 6
    53: 3
    54: 1
    55: 0
    56: 1
    57: 1
    58: 0
    59: 0
    60: 0
    61: 0
    62: 0
    63: 0
    64: 0
    65: 0
    66: 0
    67: 0
    68: 0
    69: 0
    70: 0
    71: 0
    72: 0
    73: 0
    74: 0
    75: 0
    76: 0
    77: 0
    78: 0
    79: 0
    80: 0
    81: 0
    82: 0
    83: 0
    84: 0
    85: 0
    86: 0
    87: 0
    88: 0
    89: 0
    90: 0
    91: 0
    92: 0
    93: 0
    94: 0
    95: 0
    96: 0
    97: 0
    98: 0
    99: 0
  mem-2: # Memory controller stats
   rd: 1463934 # Read requests
   wr: 924882 # Write requests
   rdlat: 199729149 # Total latency experienced by read requests
   wrlat: 187570521 # Total latency experienced by write requests
   rdhits: 1628 # Read row hits
   wrhits: 3697 # Write row hits
   mlh: # latency histogram for memory requests
    0: 0
    1: 0
    2: 0
    3: 0
    4: 0
    5: 0
    6: 0
    7: 0
    8: 0
    9: 0
    10: 0
    11: 340
    12: 376
    13: 1313471
    14: 57213
    15: 36262
    16: 16290
    17: 3152
    18: 2910
    19: 3037
    20: 3068
    21: 2921
    22: 2586
    23: 2752
    24: 2758
    25: 1491
    26: 774
    27: 759
    28: 798
    29: 794
    30: 859
    31: 844
    32: 786
    33: 830
    34: 882
    35: 871
    36: 856
    37: 860
    38: 865
    39: 820
    40: 783
    41: 822
    42: 834
    43: 416
    44: 229
    45: 202
    46: 169
    47: 138
    48: 59
    49: 15
    50: 5
    51: 16
    52: 8
    53: 3
    54: 6
    55: 0
    56: 0
    57: 2
    58: 1
    59: 0
    60: 0
    61: 0
    62: 0
    63: 0
    64: 0
    65: 0
    66: 0
    67: 0
    68: 0
    69: 0
    70: 0
    71: 1
    72: 0
    73: 0
    74: 0
    75: 0
    76: 0
    77: 0
    78: 0
    79: 0
    80: 0
    81: 0
    82: 0
    83: 0
    84: 0
    85: 0
    86: 0
    87: 0
    88: 0
    89: 0
    90: 0
    91: 0
    92: 0
    93: 0
    94: 0
    95: 0
    96: 0
    97: 0
    98: 0
    99: 0
  mem-3: # Memory controller stats
   rd: 1466752 # Read requests
   wr: 927165 # Write requests
   rdlat: 200152616 # Total latency experienced by read requests
   wrlat: 188059122 # Total latency experienced by write requests
   rdhits: 1711 # Read row hits
   wrhits: 3854 # Write row hits
   mlh: # latency histogram for memory requests
    0: 0
    1: 0
    2: 0
    3: 0
    4: 0
    5: 0
    6: 0
    7: 0
    8: 0
    9: 1
    10: 0
    11: 374
    12: 421
    13: 1315215
    14: 57291
    15: 36915
    16: 16416
    17: 3128
    18: 2936
    19: 3064
    20: 3036
    21: 2882
    22: 2570
    23: 2660
    24: 2881
    25: 1598
    26: 726
    27: 844
    28: 825
    29: 766
    30: 804
    31: 781
    32: 788
    33: 827
    34: 801
    35: 874
    36: 993
    37: 854
    38: 831
    39: 780
    40: 847
    41: 906
    42: 899
    43: 438
    44: 181
    45: 167
    46: 165
    47: 150
    48: 65
    49: 9
    50: 7
    51: 12
    52: 9
    53: 7
    54: 1
    55: 3
    56: 2
    57: 1
    58: 1
    59: 0
    60: 0
    61: 0
    62: 0
    63: 0
    64: 0
    65: 0
    66: 0
    67: 0
    68: 0
    69: 0
    70: 0
    71: 0
    72: 0
    73: 0
    74: 0
    75: 0
    76: 0
    77: 0
    78: 0
    79: 0
    80: 0
    81: 0
    82: 0
    83: 0
    84: 0
    85: 0
    86: 0
    87: 0
    88: 0
    89: 0
    90: 0
    91: 0
    92: 0
    93: 0
    94: 0
    95: 0
    96: 0
    97: 0
    98: 0
    99: 0
 sched: # Scheduler stats
  thCr: 9 # Threads created
  thFn: 9 # Threads finished
  schedEvs: 12 # Schedule events
  waitEvs: 1 # Wait events
  handoffEvs: 0 # Handoff events
  sleepEvs: 0 # Sleep events
  idlePhases: 0 # Phases with no thread active
  idlePeriods: 0 # Periods with no thread active
  occHist: # Occupancy histogram
   0: 0
   1: 4
   2: 0
   3: 0
   4: 0
   5: 0
   6: 0
   7: 0
   8: 40966
  rqSzHist: # Run queue size histogram
   0: 40970
   1: 0
   2: 0
   3: 0
   4: 0
   5: 0
   6: 0
   7: 0
   8: 0
   9: 0
   10: 0
   11: 0
   12: 0
   13: 0
   14: 0
   15: 0
   16: 0
 procCycles: # Per-process unhalted core cycles
  0: 3220719439
  1: 0
  2: 0
  3: 0
  4: 0
  5: 0
  6: 0
  7: 0
  8: 0
  9: 0
  10: 0
  11: 0
  12: 0
  13: 0
  14: 0
  15: 0
  16: 0
  17: 0
  18: 0
  19: 0
  20: 0
  21: 0
  22: 0
  23: 0
  24: 0
  25: 0
  26: 0
  27: 0
  28: 0
  29: 0
  30: 0
  31: 0
  32: 0
  33: 0
  34: 0
  35: 0
  36: 0
  37: 0
  38: 0
  39: 0
  40: 0
  41: 0
  42: 0
  43: 0
  44: 0
  45: 0
  46: 0
  47: 0
  48: 0
  49: 0
  50: 0
  51: 0
  52: 0
  53: 0
  54: 0
  55: 0
  56: 0
  57: 0
  58: 0
  59: 0
  60: 0
  61: 0
  62: 0
  63: 0
 procInstrs: # Per-process instructions
  0: 2382999923
  1: 0
  2: 0
  3: 0
  4: 0
  5: 0
  6: 0
  7: 0
  8: 0
  9: 0
  10: 0
  11: 0
  12: 0
  13: 0
  14: 0
  15: 0
  16: 0
  17: 0
  18: 0
  19: 0
  20: 0
  21: 0
  22: 0
  23: 0
  24: 0
  25: 0
  26: 0
  27: 0
  28: 0
  29: 0
  30: 0
  31: 0
  32: 0
  33: 0
  34: 0
  35: 0
  36: 0
  37: 0
  38: 0
  39: 0
  40: 0
  41: 0
  42: 0
  43: 0
  44: 0
  45: 0
  46: 0
  47: 0
  48: 0
  49: 0
  50: 0
  51: 0
  52: 0
  53: 0
  54: 0
  55: 0
  56: 0
  57: 0
  58: 0
  59: 0
  60: 0
  61: 0
  62: 0
  63: 0
 heartbeats: # Per-process heartbeats
  0: 0
  1: 0
  2: 0
  3: 0
  4: 0
  5: 0
  6: 0
  7: 0
  8: 0
  9: 0
  10: 0
  11: 0
  12: 0
  13: 0
  14: 0
  15: 0
  16: 0
  17: 0
  18: 0
  19: 0
  20: 0
  21: 0
  22: 0
  23: 0
  24: 0
  25: 0
  26: 0
  27: 0
  28: 0
  29: 0
  30: 0
  31: 0
  32: 0
  33: 0
  34: 0
  35: 0
  36: 0
  37: 0
  38: 0
  39: 0
  40: 0
  41: 0
  42: 0
  43: 0
  44: 0
  45: 0
  46: 0
  47: 0
  48: 0
  49: 0
  50: 0
  51: 0
  52: 0
  53: 0
  54: 0
  55: 0
  56: 0
  57: 0
  58: 0
  59: 0
  60: 0
  61: 0
  62: 0
  63: 0
===
