# zsim stats
===
root: # Stats
 contention: # Contention simulation stats
  domain-0: # Domain stats
   time: 2559334702 # Weave simulation time
 time: # Simulator time breakdown
  init: 49116766118
  bound: 948450660601
  weave: 104706683619
  ff: 0
 trigger: 20000 # Reason for this stats dump
 phase: 49765 # Simulated phases
 westmere: # Core stats
  westmere-0: # Core stats
   cycles: 497650001 # Simulated unhalted cycles
   cCycles: 2718958 # Cycles due to contention stalls
   instrs: 625425778 # Simulated instructions
   uops: 813824121 # Retired micro-ops
   bbls: 57088990 # Basic blocks
   approxInstrs: 12189273 # Instrs with approx uop decoding
   mispredBranches: 264982 # Mispredicted branches
   condBranches: 31749061 # conditional branches
  westmere-1: # Core stats
   cycles: 497630090 # Simulated unhalted cycles
   cCycles: 3080926 # Cycles due to contention stalls
   instrs: 624492740 # Simulated instructions
   uops: 812609150 # Retired micro-ops
   bbls: 57003055 # Basic blocks
   approxInstrs: 12170072 # Instrs with approx uop decoding
   mispredBranches: 263278 # Mispredicted branches
   condBranches: 31700995 # conditional branches
  westmere-2: # Core stats
   cycles: 497630108 # Simulated unhalted cycles
   cCycles: 3051699 # Cycles due to contention stalls
   instrs: 624626881 # Simulated instructions
   uops: 812787127 # Retired micro-ops
   bbls: 57013940 # Basic blocks
   approxInstrs: 12173662 # Instrs with approx uop decoding
   mispredBranches: 262144 # Mispredicted branches
   condBranches: 31706850 # conditional branches
  westmere-3: # Core stats
   cycles: 497630014 # Simulated unhalted cycles
   cCycles: 2734230 # Cycles due to contention stalls
   instrs: 625320292 # Simulated instructions
   uops: 813690905 # Retired micro-ops
   bbls: 57077913 # Basic blocks
   approxInstrs: 12188829 # Instrs with approx uop decoding
   mispredBranches: 266591 # Mispredicted branches
   condBranches: 31742160 # conditional branches
  westmere-4: # Core stats
   cycles: 497630012 # Simulated unhalted cycles
   cCycles: 2713054 # Cycles due to contention stalls
   instrs: 625512781 # Simulated instructions
   uops: 813940687 # Retired micro-ops
   bbls: 57094416 # Basic blocks
   approxInstrs: 12190817 # Instrs with approx uop decoding
   mispredBranches: 262966 # Mispredicted branches
   condBranches: 31752353 # conditional branches
  westmere-5: # Core stats
   cycles: 497630092 # Simulated unhalted cycles
   cCycles: 3053081 # Cycles due to contention stalls
   instrs: 624577051 # Simulated instructions
   uops: 812718764 # Retired micro-ops
   bbls: 57010277 # Basic blocks
   approxInstrs: 12170936 # Instrs with approx uop decoding
   mispredBranches: 264508 # Mispredicted branches
   condBranches: 31705388 # conditional branches
  westmere-6: # Core stats
   cycles: 497630004 # Simulated unhalted cycles
   cCycles: 2715845 # Cycles due to contention stalls
   instrs: 625563686 # Simulated instructions
   uops: 814004268 # Retired micro-ops
   bbls: 57100333 # Basic blocks
   approxInstrs: 12191621 # Instrs with approx uop decoding
   mispredBranches: 262925 # Mispredicted branches
   condBranches: 31755357 # conditional branches
  westmere-7: # Core stats
   cycles: 497630134 # Simulated unhalted cycles
   cCycles: 3082524 # Cycles due to contention stalls
   instrs: 624562883 # Simulated instructions
   uops: 812702690 # Retired micro-ops
   bbls: 57010426 # Basic blocks
   approxInstrs: 12174995 # Instrs with approx uop decoding
   mispredBranches: 264637 # Mispredicted branches
   condBranches: 31702965 # conditional branches
 l1i: # Cache stats
  l1i-0: # Filter cache stats
   fhGETS: 81268094 # Filtered GETS hits
   fhGETX: 0 # Filtered GETX hits
   hGETS: 1423282 # GETS hits
   hGETX: 0 # GETX hits
   mGETS: 644 # GETS misses
   mGETXIM: 0 # GETX I->M misses
   mGETXSM: 0 # GETX S->M misses (upgrade misses)
   PUTS: 0 # Clean evictions (from lower level)
   PUTX: 0 # Dirty evictions (from lower level)
   INV: 523 # Invalidates (from upper level)
   INVX: 0 # Downgrades (from upper level)
   FWD: 0 # Forwards (from upper level)
   latGETnl: 32426 # GET request latency on next level
   latGETnet: 0 # GET request latency on network to next level
  l1i-1: # Filter cache stats
   fhGETS: 81139730 # Filtered GETS hits
   fhGETX: 0 # Filtered GETX hits
   hGETS: 1421234 # GETS hits
   hGETX: 0 # GETX hits
   mGETS: 526 # GETS misses
   mGETXIM: 0 # GETX I->M misses
   mGETXSM: 0 # GETX S->M misses (upgrade misses)
   PUTS: 0 # Clean evictions (from lower level)
   PUTX: 0 # Dirty evictions (from lower level)
   INV: 437 # Invalidates (from upper level)
   INVX: 0 # Downgrades (from upper level)
   FWD: 0 # Forwards (from upper level)
   latGETnl: 20854 # GET request latency on next level
   latGETnet: 0 # GET request latency on network to next level
  l1i-2: # Filter cache stats
   fhGETS: 81150810 # Filtered GETS hits
   fhGETX: 0 # Filtered GETX hits
   hGETS: 1421147 # GETS hits
   hGETX: 0 # GETX hits
   mGETS: 526 # GETS misses
   mGETXIM: 0 # GETX I->M misses
   mGETXSM: 0 # GETX S->M misses (upgrade misses)
   PUTS: 0 # Clean evictions (from lower level)
   PUTX: 0 # Dirty evictions (from lower level)
   INV: 438 # Invalidates (from upper level)
   INVX: 0 # Downgrades (from upper level)
   FWD: 0 # Forwards (from upper level)
   latGETnl: 21664 # GET request latency on next level
   latGETnet: 0 # GET request latency on network to next level
  l1i-3: # Filter cache stats
   fhGETS: 81262222 # Filtered GETS hits
   fhGETX: 0 # Filtered GETX hits
   hGETS: 1422484 # GETS hits
   hGETX: 0 # GETX hits
   mGETS: 525 # GETS misses
   mGETXIM: 0 # GETX I->M misses
   mGETXSM: 0 # GETX S->M misses (upgrade misses)
   PUTS: 0 # Clean evictions (from lower level)
   PUTX: 0 # Dirty evictions (from lower level)
   INV: 441 # Invalidates (from upper level)
   INVX: 0 # Downgrades (from upper level)
   FWD: 0 # Forwards (from upper level)
   latGETnl: 18840 # GET request latency on next level
   latGETnet: 0 # GET request latency on network to next level
  l1i-4: # Filter cache stats
   fhGETS: 81268375 # Filtered GETS hits
   fhGETX: 0 # Filtered GETX hits
   hGETS: 1423146 # GETS hits
   hGETX: 0 # GETX hits
   mGETS: 522 # GETS misses
   mGETXIM: 0 # GETX I->M misses
   mGETXSM: 0 # GETX S->M misses (upgrade misses)
   PUTS: 0 # Clean evictions (from lower level)
   PUTX: 0 # Dirty evictions (from lower level)
   INV: 438 # Invalidates (from upper level)
   INVX: 0 # Downgrades (from upper level)
   FWD: 0 # Forwards (from upper level)
   latGETnl: 18018 # GET request latency on next level
   latGETnet: 0 # GET request latency on network to next level
  l1i-5: # Filter cache stats
   fhGETS: 81156177 # Filtered GETS hits
   fhGETX: 0 # Filtered GETX hits
   hGETS: 1420916 # GETS hits
   hGETX: 0 # GETX hits
   mGETS: 528 # GETS misses
   mGETXIM: 0 # GETX I->M misses
   mGETXSM: 0 # GETX S->M misses (upgrade misses)
   PUTS: 0 # Clean evictions (from lower level)
   PUTX: 0 # Dirty evictions (from lower level)
   INV: 440 # Invalidates (from upper level)
   INVX: 0 # Downgrades (from upper level)
   FWD: 0 # Forwards (from upper level)
   latGETnl: 18042 # GET request latency on next level
   latGETnet: 0 # GET request latency on network to next level
  l1i-6: # Filter cache stats
   fhGETS: 81275118 # Filtered GETS hits
   fhGETX: 0 # Filtered GETX hits
   hGETS: 1423102 # GETS hits
   hGETX: 0 # GETX hits
   mGETS: 519 # GETS misses
   mGETXIM: 0 # GETX I->M misses
   mGETXSM: 0 # GETX S->M misses (upgrade misses)
   PUTS: 0 # Clean evictions (from lower level)
   PUTX: 0 # Dirty evictions (from lower level)
   INV: 438 # Invalidates (from upper level)
   INVX: 0 # Downgrades (from upper level)
   FWD: 0 # Forwards (from upper level)
   latGETnl: 17736 # GET request latency on next level
   latGETnet: 0 # GET request latency on network to next level
  l1i-7: # Filter cache stats
   fhGETS: 81156024 # Filtered GETS hits
   fhGETX: 0 # Filtered GETX hits
   hGETS: 1420785 # GETS hits
   hGETX: 0 # GETX hits
   mGETS: 528 # GETS misses
   mGETXIM: 0 # GETX I->M misses
   mGETXSM: 0 # GETX S->M misses (upgrade misses)
   PUTS: 0 # Clean evictions (from lower level)
   PUTX: 0 # Dirty evictions (from lower level)
   INV: 439 # Invalidates (from upper level)
   INVX: 0 # Downgrades (from upper level)
   FWD: 0 # Forwards (from upper level)
   latGETnl: 18492 # GET request latency on next level
   latGETnet: 0 # GET request latency on network to next level
 l1d: # Cache stats
  l1d-0: # Filter cache stats
   fhGETS: 180393170 # Filtered GETS hits
   fhGETX: 92512292 # Filtered GETX hits
   hGETS: 10776111 # GETS hits
   hGETX: 2401658 # GETX hits
   mGETS: 417917 # GETS misses
   mGETXIM: 45246 # GETX I->M misses
   mGETXSM: 0 # GETX S->M misses (upgrade misses)
   PUTS: 0 # Clean evictions (from lower level)
   PUTX: 0 # Dirty evictions (from lower level)
   INV: 8298 # Invalidates (from upper level)
   INVX: 44 # Downgrades (from upper level)
   FWD: 0 # Forwards (from upper level)
   latGETnl: 20707389 # GET request latency on next level
   latGETnet: 0 # GET request latency on network to next level
  l1d-1: # Filter cache stats
   fhGETS: 180127767 # Filtered GETS hits
   fhGETX: 92377073 # Filtered GETX hits
   hGETS: 10750842 # GETS hits
   hGETX: 2394198 # GETX hits
   mGETS: 420603 # GETS misses
   mGETXIM: 45398 # GETX I->M misses
   mGETXSM: 1 # GETX S->M misses (upgrade misses)
   PUTS: 0 # Clean evictions (from lower level)
   PUTX: 0 # Dirty evictions (from lower level)
   INV: 50833 # Invalidates (from upper level)
   INVX: 46 # Downgrades (from upper level)
   FWD: 0 # Forwards (from upper level)
   latGETnl: 22964328 # GET request latency on next level
   latGETnet: 0 # GET request latency on network to next level
  l1d-2: # Filter cache stats
   fhGETS: 180171218 # Filtered GETS hits
   fhGETX: 92402507 # Filtered GETX hits
   hGETS: 10743980 # GETS hits
   hGETX: 2391978 # GETX hits
   mGETS: 429511 # GETS misses
   mGETXIM: 44636 # GETX I->M misses
   mGETXSM: 1 # GETX S->M misses (upgrade misses)
   PUTS: 0 # Clean evictions (from lower level)
   PUTX: 0 # Dirty evictions (from lower level)
   INV: 85630 # Invalidates (from upper level)
   INVX: 23 # Downgrades (from upper level)
   FWD: 0 # Forwards (from upper level)
   latGETnl: 22787760 # GET request latency on next level
   latGETnet: 0 # GET request latency on network to next level
  l1d-3: # Filter cache stats
   fhGETS: 180397221 # Filtered GETS hits
   fhGETX: 92505322 # Filtered GETX hits
   hGETS: 10730782 # GETS hits
   hGETX: 2395842 # GETX hits
   mGETS: 433586 # GETS misses
   mGETXIM: 44859 # GETX I->M misses
   mGETXSM: 1 # GETX S->M misses (upgrade misses)
   PUTS: 0 # Clean evictions (from lower level)
   PUTX: 0 # Dirty evictions (from lower level)
   INV: 4921 # Invalidates (from upper level)
   INVX: 39 # Downgrades (from upper level)
   FWD: 0 # Forwards (from upper level)
   latGETnl: 20828175 # GET request latency on next level
   latGETnet: 0 # GET request latency on network to next level
  l1d-4: # Filter cache stats
   fhGETS: 180426899 # Filtered GETS hits
   fhGETX: 92536317 # Filtered GETX hits
   hGETS: 10763671 # GETS hits
   hGETX: 2391973 # GETX hits
   mGETS: 426860 # GETS misses
   mGETXIM: 45465 # GETX I->M misses
   mGETXSM: 1 # GETX S->M misses (upgrade misses)
   PUTS: 0 # Clean evictions (from lower level)
   PUTX: 0 # Dirty evictions (from lower level)
   INV: 81518 # Invalidates (from upper level)
   INVX: 32 # Downgrades (from upper level)
   FWD: 0 # Forwards (from upper level)
   latGETnl: 20581912 # GET request latency on next level
   latGETnet: 0 # GET request latency on network to next level
  l1d-5: # Filter cache stats
   fhGETS: 180146025 # Filtered GETS hits
   fhGETX: 92395839 # Filtered GETX hits
   hGETS: 10749803 # GETS hits
   hGETX: 2388784 # GETX hits
   mGETS: 428046 # GETS misses
   mGETXIM: 44549 # GETX I->M misses
   mGETXSM: 1 # GETX S->M misses (upgrade misses)
   PUTS: 0 # Clean evictions (from lower level)
   PUTX: 0 # Dirty evictions (from lower level)
   INV: 30658 # Invalidates (from upper level)
   INVX: 29 # Downgrades (from upper level)
   FWD: 0 # Forwards (from upper level)
   latGETnl: 22932600 # GET request latency on next level
   latGETnet: 0 # GET request latency on network to next level
  l1d-6: # Filter cache stats
   fhGETS: 180430318 # Filtered GETS hits
   fhGETX: 92540872 # Filtered GETX hits
   hGETS: 10760198 # GETS hits
   hGETX: 2394114 # GETX hits
   mGETS: 439551 # GETS misses
   mGETXIM: 44791 # GETX I->M misses
   mGETXSM: 1 # GETX S->M misses (upgrade misses)
   PUTS: 0 # Clean evictions (from lower level)
   PUTX: 0 # Dirty evictions (from lower level)
   INV: 75483 # Invalidates (from upper level)
   INVX: 31 # Downgrades (from upper level)
   FWD: 0 # Forwards (from upper level)
   latGETnl: 20611674 # GET request latency on next level
   latGETnet: 0 # GET request latency on network to next level
  l1d-7: # Filter cache stats
   fhGETS: 180178504 # Filtered GETS hits
   fhGETX: 92394458 # Filtered GETX hits
   hGETS: 10725409 # GETS hits
   hGETX: 2389807 # GETX hits
   mGETS: 423060 # GETS misses
   mGETXIM: 45408 # GETX I->M misses
   mGETXSM: 1 # GETX S->M misses (upgrade misses)
   PUTS: 0 # Clean evictions (from lower level)
   PUTX: 0 # Dirty evictions (from lower level)
   INV: 11970 # Invalidates (from upper level)
   INVX: 31 # Downgrades (from upper level)
   FWD: 0 # Forwards (from upper level)
   latGETnl: 23041143 # GET request latency on next level
   latGETnet: 0 # GET request latency on network to next level
 l2: # Cache stats
  l2-0: # Cache stats
   hGETS: 267733 # GETS hits
   hGETX: 42456 # GETX hits
   mGETS: 150828 # GETS misses
   mGETXIM: 2790 # GETX I->M misses
   mGETXSM: 0 # GETX S->M misses (upgrade misses)
   PUTS: 409879 # Clean evictions (from lower level)
   PUTX: 44474 # Dirty evictions (from lower level)
   INV: 143315 # Invalidates (from upper level)
   INVX: 46 # Downgrades (from upper level)
   FWD: 0 # Forwards (from upper level)
   latGETnl: 17493166 # GET request latency on next level
   latGETnet: 0 # GET request latency on network to next level
  l2-1: # Cache stats
   hGETS: 250998 # GETS hits
   hGETX: 43021 # GETX hits
   mGETS: 170131 # GETS misses
   mGETXIM: 2377 # GETX I->M misses
   mGETXSM: 1 # GETX S->M misses (upgrade misses)
   PUTS: 370061 # Clean evictions (from lower level)
   PUTX: 44595 # Dirty evictions (from lower level)
   INV: 162825 # Invalidates (from upper level)
   INVX: 46 # Downgrades (from upper level)
   FWD: 0 # Forwards (from upper level)
   latGETnl: 19719486 # GET request latency on next level
   latGETnet: 0 # GET request latency on network to next level
  l2-2: # Cache stats
   hGETS: 262635 # GETS hits
   hGETX: 43735 # GETX hits
   mGETS: 167402 # GETS misses
   mGETXIM: 901 # GETX I->M misses
   mGETXSM: 1 # GETX S->M misses (upgrade misses)
   PUTS: 343599 # Clean evictions (from lower level)
   PUTX: 44463 # Dirty evictions (from lower level)
   INV: 163821 # Invalidates (from upper level)
   INVX: 23 # Downgrades (from upper level)
   FWD: 0 # Forwards (from upper level)
   latGETnl: 19486706 # GET request latency on next level
   latGETnet: 0 # GET request latency on network to next level
  l2-3: # Cache stats
   hGETS: 283897 # GETS hits
   hGETX: 43475 # GETX hits
   mGETS: 150214 # GETS misses
   mGETXIM: 1384 # GETX I->M misses
   mGETXSM: 1 # GETX S->M misses (upgrade misses)
   PUTS: 428283 # Clean evictions (from lower level)
   PUTX: 44729 # Dirty evictions (from lower level)
   INV: 144683 # Invalidates (from upper level)
   INVX: 39 # Downgrades (from upper level)
   FWD: 0 # Forwards (from upper level)
   latGETnl: 17494218 # GET request latency on next level
   latGETnet: 0 # GET request latency on network to next level
  l2-4: # Cache stats
   hGETS: 278016 # GETS hits
   hGETX: 43045 # GETX hits
   mGETS: 149366 # GETS misses
   mGETXIM: 2420 # GETX I->M misses
   mGETXSM: 1 # GETX S->M misses (upgrade misses)
   PUTS: 345664 # Clean evictions (from lower level)
   PUTX: 44650 # Dirty evictions (from lower level)
   INV: 143313 # Invalidates (from upper level)
   INVX: 32 # Downgrades (from upper level)
   FWD: 0 # Forwards (from upper level)
   latGETnl: 17289994 # GET request latency on next level
   latGETnet: 0 # GET request latency on network to next level
  l2-5: # Cache stats
   hGETS: 259868 # GETS hits
   hGETX: 43167 # GETX hits
   mGETS: 168706 # GETS misses
   mGETXIM: 1382 # GETX I->M misses
   mGETXSM: 1 # GETX S->M misses (upgrade misses)
   PUTS: 397103 # Clean evictions (from lower level)
   PUTX: 44370 # Dirty evictions (from lower level)
   INV: 163340 # Invalidates (from upper level)
   INVX: 30 # Downgrades (from upper level)
   FWD: 0 # Forwards (from upper level)
   latGETnl: 19638774 # GET request latency on next level
   latGETnet: 0 # GET request latency on network to next level
  l2-6: # Cache stats
   hGETS: 291682 # GETS hits
   hGETX: 44041 # GETX hits
   mGETS: 148388 # GETS misses
   mGETXIM: 750 # GETX I->M misses
   mGETXSM: 1 # GETX S->M misses (upgrade misses)
   PUTS: 363706 # Clean evictions (from lower level)
   PUTX: 44689 # Dirty evictions (from lower level)
   INV: 143881 # Invalidates (from upper level)
   INVX: 31 # Downgrades (from upper level)
   FWD: 0 # Forwards (from upper level)
   latGETnl: 17235376 # GET request latency on next level
   latGETnet: 0 # GET request latency on network to next level
  l2-7: # Cache stats
   hGETS: 253234 # GETS hits
   hGETX: 42662 # GETX hits
   mGETS: 170354 # GETS misses
   mGETXIM: 2746 # GETX I->M misses
   mGETXSM: 1 # GETX S->M misses (upgrade misses)
   PUTS: 411367 # Clean evictions (from lower level)
   PUTX: 44627 # Dirty evictions (from lower level)
   INV: 163179 # Invalidates (from upper level)
   INVX: 31 # Downgrades (from upper level)
   FWD: 0 # Forwards (from upper level)
   latGETnl: 19776656 # GET request latency on next level
   latGETnet: 0 # GET request latency on network to next level
 l3: # Cache stats
  l3-0b0: # Cache stats
   hGETS: 2667 # GETS hits
   hGETX: 2187 # GETX hits
   mGETS: 160291 # GETS misses
   mGETXIM: 542 # GETX I->M misses
   mGETXSM: 0 # GETX S->M misses (upgrade misses)
   PUTS: 4054 # Clean evictions (from lower level)
   PUTX: 2201 # Dirty evictions (from lower level)
   INV: 0 # Invalidates (from upper level)
   INVX: 0 # Downgrades (from upper level)
   FWD: 0 # Forwards (from upper level)
   latGETnl: 14474970 # GET request latency on next level
   latGETnet: 0 # GET request latency on network to next level
  l3-0b1: # Cache stats
   hGETS: 3610 # GETS hits
   hGETX: 635 # GETX hits
   mGETS: 151238 # GETS misses
   mGETXIM: 537 # GETX I->M misses
   mGETXSM: 0 # GETX S->M misses (upgrade misses)
   PUTS: 3586 # Clean evictions (from lower level)
   PUTX: 642 # Dirty evictions (from lower level)
   INV: 0 # Invalidates (from upper level)
   INVX: 0 # Downgrades (from upper level)
   FWD: 0 # Forwards (from upper level)
   latGETnl: 13659750 # GET request latency on next level
   latGETnet: 0 # GET request latency on network to next level
  l3-0b2: # Cache stats
   hGETS: 4606 # GETS hits
   hGETX: 1069 # GETX hits
   mGETS: 154243 # GETS misses
   mGETXIM: 535 # GETX I->M misses
   mGETXSM: 0 # GETX S->M misses (upgrade misses)
   PUTS: 4969 # Clean evictions (from lower level)
   PUTX: 1161 # Dirty evictions (from lower level)
   INV: 0 # Invalidates (from upper level)
   INVX: 0 # Downgrades (from upper level)
   FWD: 0 # Forwards (from upper level)
   latGETnl: 13930020 # GET request latency on next level
   latGETnet: 0 # GET request latency on network to next level
  l3-0b3: # Cache stats
   hGETS: 1981 # GETS hits
   hGETX: 2562 # GETX hits
   mGETS: 157871 # GETS misses
   mGETXIM: 540 # GETX I->M misses
   mGETXSM: 0 # GETX S->M misses (upgrade misses)
   PUTS: 2932 # Clean evictions (from lower level)
   PUTX: 1375 # Dirty evictions (from lower level)
   INV: 0 # Invalidates (from upper level)
   INVX: 0 # Downgrades (from upper level)
   FWD: 0 # Forwards (from upper level)
   latGETnl: 14256990 # GET request latency on next level
   latGETnet: 0 # GET request latency on network to next level
  l3-0b4: # Cache stats
   hGETS: 2854 # GETS hits
   hGETX: 637 # GETX hits
   mGETS: 157170 # GETS misses
   mGETXIM: 543 # GETX I->M misses
   mGETXSM: 0 # GETX S->M misses (upgrade misses)
   PUTS: 2823 # Clean evictions (from lower level)
   PUTX: 649 # Dirty evictions (from lower level)
   INV: 0 # Invalidates (from upper level)
   INVX: 0 # Downgrades (from upper level)
   FWD: 0 # Forwards (from upper level)
   latGETnl: 14194170 # GET request latency on next level
   latGETnet: 0 # GET request latency on network to next level
  l3-0b5: # Cache stats
   hGETS: 977 # GETS hits
   hGETX: 1148 # GETX hits
   mGETS: 160971 # GETS misses
   mGETXIM: 538 # GETX I->M misses
   mGETXSM: 0 # GETX S->M misses (upgrade misses)
   PUTS: 1443 # Clean evictions (from lower level)
   PUTX: 1154 # Dirty evictions (from lower level)
   INV: 0 # Invalidates (from upper level)
   INVX: 0 # Downgrades (from upper level)
   FWD: 0 # Forwards (from upper level)
   latGETnl: 14535810 # GET request latency on next level
   latGETnet: 0 # GET request latency on network to next level
  l3-0b6: # Cache stats
   hGETS: 1293 # GETS hits
   hGETX: 1572 # GETX hits
   mGETS: 156569 # GETS misses
   mGETXIM: 533 # GETX I->M misses
   mGETXSM: 0 # GETX S->M misses (upgrade misses)
   PUTS: 2161 # Clean evictions (from lower level)
   PUTX: 1660 # Dirty evictions (from lower level)
   INV: 0 # Invalidates (from upper level)
   INVX: 0 # Downgrades (from upper level)
   FWD: 0 # Forwards (from upper level)
   latGETnl: 14139180 # GET request latency on next level
   latGETnet: 0 # GET request latency on network to next level
  l3-0b7: # Cache stats
   hGETS: 2972 # GETS hits
   hGETX: 640 # GETX hits
   mGETS: 156076 # GETS misses
   mGETXIM: 539 # GETX I->M misses
   mGETXSM: 0 # GETX S->M misses (upgrade misses)
   PUTS: 2945 # Clean evictions (from lower level)
   PUTX: 649 # Dirty evictions (from lower level)
   INV: 0 # Invalidates (from upper level)
   INVX: 0 # Downgrades (from upper level)
   FWD: 0 # Forwards (from upper level)
   latGETnl: 14095350 # GET request latency on next level
   latGETnet: 0 # GET request latency on network to next level
 mem: # Memory controller stats
  mem-0: # Memory controller stats
   rd: 315046 # Read requests
   wr: 0 # Write requests
   rdlat: 50195488 # Total latency experienced by read requests
   wrlat: 0 # Total latency experienced by write requests
   rdhits: 193221 # Read row hits
   wrhits: 0 # Write row hits
   mlh: # latency histogram for memory requests
    0: 0
    1: 0
    2: 0
    3: 0
    4: 0
    5: 0
    6: 0
    7: 0
    8: 0
    9: 0
    10: 0
    11: 14
    12: 25
    13: 62060
    14: 60919
    15: 54267
    16: 53302
    17: 69391
    18: 6688
    19: 1383
    20: 544
    21: 468
    22: 400
    23: 348
    24: 338
    25: 259
    26: 290
    27: 317
    28: 291
    29: 296
    30: 220
    31: 200
    32: 188
    33: 158
    34: 165
    35: 173
    36: 164
    37: 197
    38: 188
    39: 187
    40: 183
    41: 193
    42: 185
    43: 165
    44: 135
    45: 102
    46: 66
    47: 79
    48: 220
    49: 81
    50: 89
    51: 60
    52: 10
    53: 3
    54: 6
    55: 1
    56: 3
    57: 2
    58: 3
    59: 3
    60: 3
    61: 1
    62: 1
    63: 1
    64: 1
    65: 1
    66: 2
    67: 1
    68: 1
    69: 0
    70: 1
    71: 0
    72: 1
    73: 1
    74: 1
    75: 0
    76: 1
    77: 0
    78: 0
    79: 0
    80: 0
    81: 0
    82: 0
    83: 0
    84: 0
    85: 0
    86: 0
    87: 0
    88: 0
    89: 0
    90: 0
    91: 0
    92: 0
    93: 0
    94: 0
    95: 0
    96: 0
    97: 0
    98: 0
    99: 0
  mem-1: # Memory controller stats
   rd: 311888 # Read requests
   wr: 0 # Write requests
   rdlat: 49641967 # Total latency experienced by read requests
   wrlat: 0 # Total latency experienced by write requests
   rdhits: 191566 # Read row hits
   wrhits: 0 # Write row hits
   mlh: # latency histogram for memory requests
    0: 0
    1: 0
    2: 0
    3: 0
    4: 0
    5: 0
    6: 0
    7: 0
    8: 0
    9: 0
    10: 0
    11: 14
    12: 25
    13: 61369
    14: 60248
    15: 53655
    16: 55427
    17: 68143
    18: 4687
    19: 1400
    20: 575
    21: 515
    22: 428
    23: 367
    24: 371
    25: 274
    26: 286
    27: 295
    28: 248
    29: 254
    30: 199
    31: 181
    32: 179
    33: 168
    34: 186
    35: 177
    36: 170
    37: 180
    38: 193
    39: 171
    40: 179
    41: 161
    42: 165
    43: 135
    44: 122
    45: 110
    46: 67
    47: 69
    48: 217
    49: 82
    50: 90
    51: 59
    52: 4
    53: 10
    54: 6
    55: 3
    56: 2
    57: 1
    58: 1
    59: 1
    60: 2
    61: 4
    62: 4
    63: 5
    64: 1
    65: 1
    66: 0
    67: 0
    68: 0
    69: 0
    70: 0
    71: 0
    72: 0
    73: 0
    74: 1
    75: 1
    76: 0
    77: 0
    78: 0
    79: 0
    80: 0
    81: 0
    82: 0
    83: 0
    84: 0
    85: 0
    86: 0
    87: 0
    88: 0
    89: 0
    90: 0
    91: 0
    92: 0
    93: 0
    94: 0
    95: 0
    96: 0
    97: 0
    98: 0
    99: 0
  mem-2: # Memory controller stats
   rd: 313281 # Read requests
   wr: 0 # Write requests
   rdlat: 49818674 # Total latency experienced by read requests
   wrlat: 0 # Total latency experienced by write requests
   rdhits: 192297 # Read row hits
   wrhits: 0 # Write row hits
   mlh: # latency histogram for memory requests
    0: 0
    1: 0
    2: 0
    3: 0
    4: 0
    5: 0
    6: 0
    7: 0
    8: 0
    9: 0
    10: 0
    11: 22
    12: 24
    13: 61663
    14: 60568
    15: 53700
    16: 56111
    17: 68384
    18: 4655
    19: 1395
    20: 574
    21: 476
    22: 429
    23: 380
    24: 304
    25: 279
    26: 274
    27: 308
    28: 269
    29: 247
    30: 209
    31: 170
    32: 195
    33: 180
    34: 173
    35: 201
    36: 199
    37: 195
    38: 173
    39: 171
    40: 183
    41: 146
    42: 157
    43: 119
    44: 109
    45: 84
    46: 61
    47: 75
    48: 212
    49: 74
    50: 71
    51: 41
    52: 5
    53: 3
    54: 1
    55: 0
    56: 1
    57: 0
    58: 0
    59: 0
    60: 2
    61: 3
    62: 2
    63: 1
    64: 0
    65: 0
    66: 0
    67: 0
    68: 0
    69: 0
    70: 2
    71: 1
    72: 0
    73: 0
    74: 0
    75: 0
    76: 0
    77: 0
    78: 0
    79: 0
    80: 0
    81: 0
    82: 0
    83: 0
    84: 0
    85: 0
    86: 0
    87: 0
    88: 0
    89: 0
    90: 0
    91: 0
    92: 0
    93: 0
    94: 0
    95: 0
    96: 0
    97: 0
    98: 0
    99: 0
  mem-3: # Memory controller stats
   rd: 318521 # Read requests
   wr: 0 # Write requests
   rdlat: 50624740 # Total latency experienced by read requests
   wrlat: 0 # Total latency experienced by write requests
   rdhits: 195629 # Read row hits
   wrhits: 0 # Write row hits
   mlh: # latency histogram for memory requests
    0: 0
    1: 0
    2: 0
    3: 0
    4: 0
    5: 0
    6: 0
    7: 0
    8: 0
    9: 0
    10: 0
    11: 16
    12: 29
    13: 62677
    14: 61544
    15: 54793
    16: 56884
    17: 69584
    18: 4618
    19: 1411
    20: 595
    21: 479
    22: 439
    23: 401
    24: 354
    25: 318
    26: 340
    27: 319
    28: 302
    29: 285
    30: 225
    31: 213
    32: 185
    33: 186
    34: 209
    35: 189
    36: 199
    37: 194
    38: 162
    39: 168
    40: 155
    41: 133
    42: 148
    43: 123
    44: 89
    45: 75
    46: 46
    47: 58
    48: 169
    49: 62
    50: 68
    51: 40
    52: 3
    53: 7
    54: 2
    55: 4
    56: 8
    57: 5
    58: 6
    59: 1
    60: 0
    61: 0
    62: 0
    63: 0
    64: 0
    65: 0
    66: 0
    67: 1
    68: 0
    69: 0
    70: 0
    71: 0
    72: 0
    73: 0
    74: 0
    75: 0
    76: 0
    77: 0
    78: 0
    79: 0
    80: 0
    81: 0
    82: 0
    83: 0
    84: 0
    85: 0
    86: 0
    87: 0
    88: 0
    89: 0
    90: 0
    91: 0
    92: 0
    93: 0
    94: 0
    95: 0
    96: 0
    97: 0
    98: 0
    99: 0
 sched: # Scheduler stats
  thCr: 9 # Threads created
  thFn: 0 # Threads finished
  schedEvs: 9 # Schedule events
  waitEvs: 1 # Wait events
  handoffEvs: 0 # Handoff events
  sleepEvs: 0 # Sleep events
  idlePhases: 0 # Phases with no thread active
  idlePeriods: 0 # Periods with no thread active
  occHist: # Occupancy histogram
   0: 0
   1: 2
   2: 0
   3: 0
   4: 0
   5: 0
   6: 0
   7: 0
   8: 49763
  rqSzHist: # Run queue size histogram
   0: 49765
   1: 0
   2: 0
   3: 0
   4: 0
   5: 0
   6: 0
   7: 0
   8: 0
   9: 0
   10: 0
   11: 0
   12: 0
   13: 0
   14: 0
   15: 0
   16: 0
 procCycles: # Per-process unhalted core cycles
  0: 3981060455
  1: 0
  2: 0
  3: 0
  4: 0
  5: 0
  6: 0
  7: 0
  8: 0
  9: 0
  10: 0
  11: 0
  12: 0
  13: 0
  14: 0
  15: 0
  16: 0
  17: 0
  18: 0
  19: 0
  20: 0
  21: 0
  22: 0
  23: 0
  24: 0
  25: 0
  26: 0
  27: 0
  28: 0
  29: 0
  30: 0
  31: 0
  32: 0
  33: 0
  34: 0
  35: 0
  36: 0
  37: 0
  38: 0
  39: 0
  40: 0
  41: 0
  42: 0
  43: 0
  44: 0
  45: 0
  46: 0
  47: 0
  48: 0
  49: 0
  50: 0
  51: 0
  52: 0
  53: 0
  54: 0
  55: 0
  56: 0
  57: 0
  58: 0
  59: 0
  60: 0
  61: 0
  62: 0
  63: 0
 procInstrs: # Per-process instructions
  0: 5000082092
  1: 0
  2: 0
  3: 0
  4: 0
  5: 0
  6: 0
  7: 0
  8: 0
  9: 0
  10: 0
  11: 0
  12: 0
  13: 0
  14: 0
  15: 0
  16: 0
  17: 0
  18: 0
  19: 0
  20: 0
  21: 0
  22: 0
  23: 0
  24: 0
  25: 0
  26: 0
  27: 0
  28: 0
  29: 0
  30: 0
  31: 0
  32: 0
  33: 0
  34: 0
  35: 0
  36: 0
  37: 0
  38: 0
  39: 0
  40: 0
  41: 0
  42: 0
  43: 0
  44: 0
  45: 0
  46: 0
  47: 0
  48: 0
  49: 0
  50: 0
  51: 0
  52: 0
  53: 0
  54: 0
  55: 0
  56: 0
  57: 0
  58: 0
  59: 0
  60: 0
  61: 0
  62: 0
  63: 0
 heartbeats: # Per-process heartbeats
  0: 0
  1: 0
  2: 0
  3: 0
  4: 0
  5: 0
  6: 0
  7: 0
  8: 0
  9: 0
  10: 0
  11: 0
  12: 0
  13: 0
  14: 0
  15: 0
  16: 0
  17: 0
  18: 0
  19: 0
  20: 0
  21: 0
  22: 0
  23: 0
  24: 0
  25: 0
  26: 0
  27: 0
  28: 0
  29: 0
  30: 0
  31: 0
  32: 0
  33: 0
  34: 0
  35: 0
  36: 0
  37: 0
  38: 0
  39: 0
  40: 0
  41: 0
  42: 0
  43: 0
  44: 0
  45: 0
  46: 0
  47: 0
  48: 0
  49: 0
  50: 0
  51: 0
  52: 0
  53: 0
  54: 0
  55: 0
  56: 0
  57: 0
  58: 0
  59: 0
  60: 0
  61: 0
  62: 0
  63: 0
===
