[H] Starting zsim, built Sat Dec  9 19:17:29 CST 2017 (rev no git repo)
[H] Creating global segment, 1024 MBs
[H] Global segment shmid = 282132486
[H] Deadlock detection ON
[S 0] Started instance
[S 0] Started RR scheduler, quantum=10000 phases
[S 0] imin -2147483648 imax 2147483647 fmin 0.000000 fmax 0.000000
[S 0] imin -2147483648 imax 2147483647 fmin 0.000000 fmax 0.000000
[S 0] imin -2147483648 imax 2147483647 fmin 0.000000 fmax 0.000000
[S 0] imin -2147483648 imax 2147483647 fmin 0.000000 fmax 0.000000
[S 0] imin -2147483648 imax 2147483647 fmin 0.000000 fmax 0.000000
[S 0] imin -2147483648 imax 2147483647 fmin 0.000000 fmax 0.000000
[S 0] imin -2147483648 imax 2147483647 fmin 0.000000 fmax 0.000000
[S 0] imin -2147483648 imax 2147483647 fmin 0.000000 fmax 0.000000
[S 0] mem-0: domain 0, 4 ranks/ch 8 banks/rank, tech DDR3-1333-CL10, boundLat 90 rd / 40 wr
[S 0] mem-0: Address mapping rank:col:bank row 63:15 col 12:3 rank 14:13 bank 2:0
[S 0] mem-1: domain 0, 4 ranks/ch 8 banks/rank, tech DDR3-1333-CL10, boundLat 90 rd / 40 wr
[S 0] mem-1: Address mapping rank:col:bank row 63:15 col 12:3 rank 14:13 bank 2:0
[S 0] mem-2: domain 0, 4 ranks/ch 8 banks/rank, tech DDR3-1333-CL10, boundLat 90 rd / 40 wr
[S 0] mem-2: Address mapping rank:col:bank row 63:15 col 12:3 rank 14:13 bank 2:0
[S 0] mem-3: domain 0, 4 ranks/ch 8 banks/rank, tech DDR3-1333-CL10, boundLat 90 rd / 40 wr
[S 0] mem-3: Address mapping rank:col:bank row 63:15 col 12:3 rank 14:13 bank 2:0
[S 0] Hierarchy: [ l1i-0 l1d-0 ] -> l2-0
[S 0] Hierarchy: [ l1i-1 l1d-1 ] -> l2-1
[S 0] Hierarchy: [ l1i-2 l1d-2 ] -> l2-2
[S 0] Hierarchy: [ l1i-3 l1d-3 ] -> l2-3
[S 0] Hierarchy: [ l1i-4 l1d-4 ] -> l2-4
[S 0] Hierarchy: [ l1i-5 l1d-5 ] -> l2-5
[S 0] Hierarchy: [ l1i-6 l1d-6 ] -> l2-6
[S 0] Hierarchy: [ l1i-7 l1d-7 ] -> l2-7
[S 0] Hierarchy: [ l2-0 l2-1 l2-2 l2-3 l2-4 l2-5 l2-6 l2-7 ] -> l3-0b0..l3-0b7
[S 0] Initialized system
[S 0] HDF5 backend: Opening ./outputs/x264_8c_simsmall/zsim.h5
[S 0] HDF5 backend: Created table, 9096 bytes/record, 116 records/write
[S 0] HDF5 backend: Opening ./outputs/x264_8c_simsmall/zsim-ev.h5
[S 0] HDF5 backend: Created table, 9096 bytes/record, 15 records/write
[S 0] HDF5 backend: Opening ./outputs/x264_8c_simsmall/zsim-cmp.h5
[S 0] HDF5 backend: Created table, 3192 bytes/record, 1 records/write
[S 0] Initialization complete
[S 0] Started process, PID 41774
[S 0] procMask: 0x0
[S 0] [0] Adjusting clocks, domain 0, de-ffwd 0
[H] Attached to global heap
[S 0] vDSO info initialized
[S 0] Started contention simulation thread 0
[S 0] Started scheduler watchdog thread
[S 0] FF control Thread TID 41780
[S 0] FF thread 0 starting
PARSEC Benchmark Suite
[H] Some fast-forwarding is going on, not doing deadlock detection (a: 1, ff: 1, sff: 0)
[S 0] ROI_BEGIN, exiting fast-forward
[S 0] [0] Adjusting clocks, domain 0, de-ffwd 1
[S 0] Thread 0 starting
[S 0] Thread 4 starting
[S 0] Thread 4 finished
[S 0] Thread 5 starting
[S 0] Thread 6 starting
[S 0] Thread 6 finished
[S 0] Thread 7 starting
[S 0] Thread 8 starting
[S 0] Detected possible stall due to fake leaves (1 current)
[S 0]  [0/7] futex (202) @ 0x4b0c72
[S 0] Blacklisting from future fake leaves: [0] futex @ 0x4b0c72 | arg0 0x86e07c arg1 0x80
[S 0] Thread 8 finished
[S 0] Thread 9 starting
[S 0] Thread 10 starting
[S 0] Thread 9 finished
[S 0] Thread 11 starting
[S 0] Thread 12 starting
[S 0] Thread 12 finished
[S 0] Thread 13 starting
[S 0] Thread 14 starting
[S 0] Thread 13 finished
[S 0] Thread 15 starting
[S 0] Thread 16 starting
[S 0] Thread 15 finished
[S 0] Thread 17 starting
[S 0] Thread 18 starting
[S 0] Detected possible stall due to fake leaves (1 current)
[S 0]  [0/0] futex (202) @ 0x4afd52
[S 0] Blacklisting from future fake leaves: [0] futex @ 0x4afd52 | arg0 0x7fffe0d159d0 arg1 0x0
[S 0] Detected possible stall due to fake leaves (1 current)
[S 0]  [0/14] futex (202) @ 0x4b14ea
[S 0] Blacklisting from future fake leaves: [0] futex @ 0x4b14ea | arg0 0x99b130 arg1 0x80
[S 0] Thread 5 finished
[S 0] Thread 7 finished
[S 0] Thread 10 finished
[S 0] Thread 11 finished
[S 0] Thread 14 finished
[S 0] Thread 16 finished
[S 0] Thread 17 finished
[S 0] Thread 18 finished
[S 0] ROI_END, entering fast-forward
[S 0] Thread 0 entering fast-forward (from syscall exit)
[ZSIM-HOOKS] ROI begin
[ZSIM-HOOKS] ROI end
[S 0] [0] Fatal signal caught, finishing
[S 0] Dumping termination stats
[S 0] [watchdog] Deferring cleanup of pid 0 (41774), not finished yet
[S 0] [watchdog] Deferring cleanup of pid 0 (41774), not finished yet
[S 0] [watchdog] Deferring cleanup of pid 0 (41774), not finished yet
[S 0] [watchdog] Deferring cleanup of pid 0 (41774), not finished yet
[S 0] [watchdog] Deferring cleanup of pid 0 (41774), not finished yet
[S 0] [watchdog] Deferring cleanup of pid 0 (41774), not finished yet
[S 0] [watchdog] Deferring cleanup of pid 0 (41774), not finished yet
[S 0] [watchdog] Deferring cleanup of pid 0 (41774), not finished yet
[S 0] [watchdog] Deferring cleanup of pid 0 (41774), not finished yet
[S 0] [watchdog] Deferring cleanup of pid 0 (41774), not finished yet
[S 0] [watchdog] Deferring cleanup of pid 0 (41774), not finished yet
[S 0] [watchdog] Deferring cleanup of pid 0 (41774), not finished yet
[S 0] [watchdog] Deferring cleanup of pid 0 (41774), not finished yet
[S 0] [watchdog] Deferring cleanup of pid 0 (41774), not finished yet
[S 0] [watchdog] Deferring cleanup of pid 0 (41774), not finished yet
[S 0] [watchdog] Deferring cleanup of pid 0 (41774), not finished yet
[S 0] [watchdog] Deferring cleanup of pid 0 (41774), not finished yet
[S 0] [watchdog] Deferring cleanup of pid 0 (41774), not finished yet
[S 0] [watchdog] Deferring cleanup of pid 0 (41774), not finished yet
[S 0] [watchdog] Deferring cleanup of pid 0 (41774), not finished yet
[S 0] [watchdog] Deferring cleanup of pid 0 (41774), not finished yet
[S 0] [watchdog] Deferring cleanup of pid 0 (41774), not finished yet
[S 0] [watchdog] Deferring cleanup of pid 0 (41774), not finished yet
[S 0] [watchdog] Deferring cleanup of pid 0 (41774), not finished yet
[S 0] [watchdog] Deferring cleanup of pid 0 (41774), not finished yet
[S 0] [watchdog] Deferring cleanup of pid 0 (41774), not finished yet
[S 0] [watchdog] Deferring cleanup of pid 0 (41774), not finished yet
[S 0] [watchdog] Deferring cleanup of pid 0 (41774), not finished yet
[S 0] [watchdog] Deferring cleanup of pid 0 (41774), not finished yet
[S 0] [watchdog] Deferring cleanup of pid 0 (41774), not finished yet
[S 0] [watchdog] Deferring cleanup of pid 0 (41774), not finished yet
[S 0] [watchdog] Deferring cleanup of pid 0 (41774), not finished yet
[S 0] [watchdog] Deferring cleanup of pid 0 (41774), not finished yet
[S 0] [watchdog] Deferring cleanup of pid 0 (41774), not finished yet
[S 0] [watchdog] Deferring cleanup of pid 0 (41774), not finished yet
[S 0] [watchdog] Deferring cleanup of pid 0 (41774), not finished yet
[S 0] [watchdog] Deferring cleanup of pid 0 (41774), not finished yet
[S 0] [watchdog] Deferring cleanup of pid 0 (41774), not finished yet
[S 0] [watchdog] Deferring cleanup of pid 0 (41774), not finished yet
[S 0] [watchdog] Deferring cleanup of pid 0 (41774), not finished yet
[S 0] [watchdog] Deferring cleanup of pid 0 (41774), not finished yet
[S 0] [watchdog] Deferring cleanup of pid 0 (41774), not finished yet
[S 0] [watchdog] Deferring cleanup of pid 0 (41774), not finished yet
[S 0] [watchdog] Deferring cleanup of pid 0 (41774), not finished yet
[S 0] [watchdog] Deferring cleanup of pid 0 (41774), not finished yet
[S 0] [watchdog] Deferring cleanup of pid 0 (41774), not finished yet
[S 0] [watchdog] Deferring cleanup of pid 0 (41774), not finished yet
[S 0] [watchdog] Deferring cleanup of pid 0 (41774), not finished yet
[S 0] [watchdog] Deferring cleanup of pid 0 (41774), not finished yet
[S 0] [watchdog] Deferring cleanup of pid 0 (41774), not finished yet
[S 0] [watchdog] Deferring cleanup of pid 0 (41774), not finished yet
[S 0] [watchdog] Deferring cleanup of pid 0 (41774), not finished yet
[S 0] [watchdog] Deferring cleanup of pid 0 (41774), not finished yet
[S 0] [watchdog] Deferring cleanup of pid 0 (41774), not finished yet
[S 0] [watchdog] Deferring cleanup of pid 0 (41774), not finished yet
[S 0] [watchdog] Deferring cleanup of pid 0 (41774), not finished yet
[S 0] [watchdog] Deferring cleanup of pid 0 (41774), not finished yet
[S 0] [watchdog] Deferring cleanup of pid 0 (41774), not finished yet
[S 0] [watchdog] Deferring cleanup of pid 0 (41774), not finished yet
[S 0] [watchdog] Deferring cleanup of pid 0 (41774), not finished yet
[S 0] [watchdog] Deferring cleanup of pid 0 (41774), not finished yet
[S 0] [watchdog] Deferring cleanup of pid 0 (41774), not finished yet
[S 0] [watchdog] Deferring cleanup of pid 0 (41774), not finished yet
[S 0] [watchdog] Deferring cleanup of pid 0 (41774), not finished yet
[S 0] [watchdog] Deferring cleanup of pid 0 (41774), not finished yet
[S 0] [watchdog] Deferring cleanup of pid 0 (41774), not finished yet
[S 0] [watchdog] Deferring cleanup of pid 0 (41774), not finished yet
[S 0] [watchdog] Deferring cleanup of pid 0 (41774), not finished yet
[S 0] Finished scheduler watchdog thread
[H] Child 41774 done
[H] All children done, exiting
