# zsim stats
===
root: # Stats
 contention: # Contention simulation stats
  domain-0: # Domain stats
   time: 956270358 # Weave simulation time
 time: # Simulator time breakdown
  init: 26485147711
  bound: 1069861734293
  weave: 150878190109
  ff: 0
 trigger: 20000 # Reason for this stats dump
 phase: 42770 # Simulated phases
 westmere: # Core stats
  westmere-0: # Core stats
   cycles: 302255924 # Simulated unhalted cycles
   cCycles: 553389 # Cycles due to contention stalls
   instrs: 600644711 # Simulated instructions
   uops: 662668497 # Retired micro-ops
   bbls: 59840638 # Basic blocks
   approxInstrs: 2518246 # Instrs with approx uop decoding
   mispredBranches: 921725 # Mispredicted branches
   condBranches: 50344976 # conditional branches
  westmere-1: # Core stats
   cycles: 375111325 # Simulated unhalted cycles
   cCycles: 1942107 # Cycles due to contention stalls
   instrs: 738619271 # Simulated instructions
   uops: 812636969 # Retired micro-ops
   bbls: 79735939 # Basic blocks
   approxInstrs: 2561545 # Instrs with approx uop decoding
   mispredBranches: 919276 # Mispredicted branches
   condBranches: 67169268 # conditional branches
  westmere-2: # Core stats
   cycles: 325680374 # Simulated unhalted cycles
   cCycles: 536637 # Cycles due to contention stalls
   instrs: 635625995 # Simulated instructions
   uops: 704090364 # Retired micro-ops
   bbls: 64172823 # Basic blocks
   approxInstrs: 2796348 # Instrs with approx uop decoding
   mispredBranches: 951330 # Mispredicted branches
   condBranches: 53111212 # conditional branches
  westmere-3: # Core stats
   cycles: 307934813 # Simulated unhalted cycles
   cCycles: 393240 # Cycles due to contention stalls
   instrs: 610004291 # Simulated instructions
   uops: 673752238 # Retired micro-ops
   bbls: 60952820 # Basic blocks
   approxInstrs: 2581819 # Instrs with approx uop decoding
   mispredBranches: 914239 # Mispredicted branches
   condBranches: 51029262 # conditional branches
  westmere-4: # Core stats
   cycles: 301023431 # Simulated unhalted cycles
   cCycles: 446605 # Cycles due to contention stalls
   instrs: 599159382 # Simulated instructions
   uops: 660887267 # Retired micro-ops
   bbls: 59649275 # Basic blocks
   approxInstrs: 2510298 # Instrs with approx uop decoding
   mispredBranches: 917001 # Mispredicted branches
   condBranches: 50199298 # conditional branches
  westmere-5: # Core stats
   cycles: 299970631 # Simulated unhalted cycles
   cCycles: 458396 # Cycles due to contention stalls
   instrs: 597903702 # Simulated instructions
   uops: 659507972 # Retired micro-ops
   bbls: 59460758 # Basic blocks
   approxInstrs: 2474485 # Instrs with approx uop decoding
   mispredBranches: 897821 # Mispredicted branches
   condBranches: 50079027 # conditional branches
  westmere-6: # Core stats
   cycles: 300483468 # Simulated unhalted cycles
   cCycles: 386541 # Cycles due to contention stalls
   instrs: 599288194 # Simulated instructions
   uops: 661006135 # Retired micro-ops
   bbls: 59663024 # Basic blocks
   approxInstrs: 2481097 # Instrs with approx uop decoding
   mispredBranches: 900880 # Mispredicted branches
   condBranches: 50243020 # conditional branches
  westmere-7: # Core stats
   cycles: 314530363 # Simulated unhalted cycles
   cCycles: 542566 # Cycles due to contention stalls
   instrs: 618875164 # Simulated instructions
   uops: 684256405 # Retired micro-ops
   bbls: 62080903 # Basic blocks
   approxInstrs: 2669485 # Instrs with approx uop decoding
   mispredBranches: 936283 # Mispredicted branches
   condBranches: 51750175 # conditional branches
 l1i: # Cache stats
  l1i-0: # Filter cache stats
   fhGETS: 78604127 # Filtered GETS hits
   fhGETX: 0 # Filtered GETX hits
   hGETS: 1635006 # GETS hits
   hGETX: 0 # GETX hits
   mGETS: 80830 # GETS misses
   mGETXIM: 0 # GETX I->M misses
   mGETXSM: 0 # GETX S->M misses (upgrade misses)
   PUTS: 0 # Clean evictions (from lower level)
   PUTX: 0 # Dirty evictions (from lower level)
   INV: 52571 # Invalidates (from upper level)
   INVX: 0 # Downgrades (from upper level)
   FWD: 0 # Forwards (from upper level)
   latGETnl: 2057929 # GET request latency on next level
   latGETnet: 0 # GET request latency on network to next level
  l1i-1: # Filter cache stats
   fhGETS: 98723772 # Filtered GETS hits
   fhGETX: 0 # Filtered GETX hits
   hGETS: 1637644 # GETS hits
   hGETX: 0 # GETX hits
   mGETS: 87136 # GETS misses
   mGETXIM: 0 # GETX I->M misses
   mGETXSM: 0 # GETX S->M misses (upgrade misses)
   PUTS: 0 # Clean evictions (from lower level)
   PUTX: 0 # Dirty evictions (from lower level)
   INV: 57691 # Invalidates (from upper level)
   INVX: 0 # Downgrades (from upper level)
   FWD: 0 # Forwards (from upper level)
   latGETnl: 2330482 # GET request latency on next level
   latGETnet: 0 # GET request latency on network to next level
  l1i-2: # Filter cache stats
   fhGETS: 84002811 # Filtered GETS hits
   fhGETX: 0 # Filtered GETX hits
   hGETS: 1634320 # GETS hits
   hGETX: 0 # GETX hits
   mGETS: 82757 # GETS misses
   mGETXIM: 0 # GETX I->M misses
   mGETXSM: 0 # GETX S->M misses (upgrade misses)
   PUTS: 0 # Clean evictions (from lower level)
   PUTX: 0 # Dirty evictions (from lower level)
   INV: 54594 # Invalidates (from upper level)
   INVX: 0 # Downgrades (from upper level)
   FWD: 0 # Forwards (from upper level)
   latGETnl: 2106482 # GET request latency on next level
   latGETnet: 0 # GET request latency on network to next level
  l1i-3: # Filter cache stats
   fhGETS: 79945211 # Filtered GETS hits
   fhGETX: 0 # Filtered GETX hits
   hGETS: 1632146 # GETS hits
   hGETX: 0 # GETX hits
   mGETS: 82481 # GETS misses
   mGETXIM: 0 # GETX I->M misses
   mGETXSM: 0 # GETX S->M misses (upgrade misses)
   PUTS: 0 # Clean evictions (from lower level)
   PUTX: 0 # Dirty evictions (from lower level)
   INV: 54236 # Invalidates (from upper level)
   INVX: 0 # Downgrades (from upper level)
   FWD: 0 # Forwards (from upper level)
   latGETnl: 2090420 # GET request latency on next level
   latGETnet: 0 # GET request latency on network to next level
  l1i-4: # Filter cache stats
   fhGETS: 78363932 # Filtered GETS hits
   fhGETX: 0 # Filtered GETX hits
   hGETS: 1632681 # GETS hits
   hGETX: 0 # GETX hits
   mGETS: 82383 # GETS misses
   mGETXIM: 0 # GETX I->M misses
   mGETXSM: 0 # GETX S->M misses (upgrade misses)
   PUTS: 0 # Clean evictions (from lower level)
   PUTX: 0 # Dirty evictions (from lower level)
   INV: 54242 # Invalidates (from upper level)
   INVX: 0 # Downgrades (from upper level)
   FWD: 0 # Forwards (from upper level)
   latGETnl: 2104602 # GET request latency on next level
   latGETnet: 0 # GET request latency on network to next level
  l1i-5: # Filter cache stats
   fhGETS: 78038998 # Filtered GETS hits
   fhGETX: 0 # Filtered GETX hits
   hGETS: 1634825 # GETS hits
   hGETX: 0 # GETX hits
   mGETS: 81972 # GETS misses
   mGETXIM: 0 # GETX I->M misses
   mGETXSM: 0 # GETX S->M misses (upgrade misses)
   PUTS: 0 # Clean evictions (from lower level)
   PUTX: 0 # Dirty evictions (from lower level)
   INV: 53816 # Invalidates (from upper level)
   INVX: 0 # Downgrades (from upper level)
   FWD: 0 # Forwards (from upper level)
   latGETnl: 2068380 # GET request latency on next level
   latGETnet: 0 # GET request latency on network to next level
  l1i-6: # Filter cache stats
   fhGETS: 78270299 # Filtered GETS hits
   fhGETX: 0 # Filtered GETX hits
   hGETS: 1632596 # GETS hits
   hGETX: 0 # GETX hits
   mGETS: 82452 # GETS misses
   mGETXIM: 0 # GETX I->M misses
   mGETXSM: 0 # GETX S->M misses (upgrade misses)
   PUTS: 0 # Clean evictions (from lower level)
   PUTX: 0 # Dirty evictions (from lower level)
   INV: 54203 # Invalidates (from upper level)
   INVX: 0 # Downgrades (from upper level)
   FWD: 0 # Forwards (from upper level)
   latGETnl: 2088057 # GET request latency on next level
   latGETnet: 0 # GET request latency on network to next level
  l1i-7: # Filter cache stats
   fhGETS: 81414188 # Filtered GETS hits
   fhGETX: 0 # Filtered GETX hits
   hGETS: 1632420 # GETS hits
   hGETX: 0 # GETX hits
   mGETS: 82686 # GETS misses
   mGETXIM: 0 # GETX I->M misses
   mGETXSM: 0 # GETX S->M misses (upgrade misses)
   PUTS: 0 # Clean evictions (from lower level)
   PUTX: 0 # Dirty evictions (from lower level)
   INV: 54527 # Invalidates (from upper level)
   INVX: 0 # Downgrades (from upper level)
   FWD: 0 # Forwards (from upper level)
   latGETnl: 2116416 # GET request latency on next level
   latGETnet: 0 # GET request latency on network to next level
 l1d: # Cache stats
  l1d-0: # Filter cache stats
   fhGETS: 111315530 # Filtered GETS hits
   fhGETX: 37003147 # Filtered GETX hits
   hGETS: 4669013 # GETS hits
   hGETX: 1586364 # GETX hits
   mGETS: 5364452 # GETS misses
   mGETXIM: 322332 # GETX I->M misses
   mGETXSM: 3770 # GETX S->M misses (upgrade misses)
   PUTS: 0 # Clean evictions (from lower level)
   PUTX: 0 # Dirty evictions (from lower level)
   INV: 19521 # Invalidates (from upper level)
   INVX: 11072 # Downgrades (from upper level)
   FWD: 0 # Forwards (from upper level)
   latGETnl: 50114753 # GET request latency on next level
   latGETnet: 0 # GET request latency on network to next level
  l1d-1: # Filter cache stats
   fhGETS: 133456669 # Filtered GETS hits
   fhGETX: 43034180 # Filtered GETX hits
   hGETS: 9170993 # GETS hits
   hGETX: 5375903 # GETX hits
   mGETS: 5518529 # GETS misses
   mGETXIM: 523384 # GETX I->M misses
   mGETXSM: 5956 # GETX S->M misses (upgrade misses)
   PUTS: 0 # Clean evictions (from lower level)
   PUTX: 0 # Dirty evictions (from lower level)
   INV: 18503 # Invalidates (from upper level)
   INVX: 12338 # Downgrades (from upper level)
   FWD: 0 # Forwards (from upper level)
   latGETnl: 66661384 # GET request latency on next level
   latGETnet: 0 # GET request latency on network to next level
  l1d-2: # Filter cache stats
   fhGETS: 118857623 # Filtered GETS hits
   fhGETX: 40216189 # Filtered GETX hits
   hGETS: 4711351 # GETS hits
   hGETX: 1623673 # GETX hits
   mGETS: 5403755 # GETS misses
   mGETXIM: 350518 # GETX I->M misses
   mGETXSM: 6294 # GETX S->M misses (upgrade misses)
   PUTS: 0 # Clean evictions (from lower level)
   PUTX: 0 # Dirty evictions (from lower level)
   INV: 17855 # Invalidates (from upper level)
   INVX: 12448 # Downgrades (from upper level)
   FWD: 0 # Forwards (from upper level)
   latGETnl: 52087180 # GET request latency on next level
   latGETnet: 0 # GET request latency on network to next level
  l1d-3: # Filter cache stats
   fhGETS: 113641297 # Filtered GETS hits
   fhGETX: 37949064 # Filtered GETX hits
   hGETS: 4389409 # GETS hits
   hGETX: 1517591 # GETX hits
   mGETS: 5375830 # GETS misses
   mGETXIM: 329751 # GETX I->M misses
   mGETXSM: 5886 # GETX S->M misses (upgrade misses)
   PUTS: 0 # Clean evictions (from lower level)
   PUTX: 0 # Dirty evictions (from lower level)
   INV: 17437 # Invalidates (from upper level)
   INVX: 11122 # Downgrades (from upper level)
   FWD: 0 # Forwards (from upper level)
   latGETnl: 49630145 # GET request latency on next level
   latGETnet: 0 # GET request latency on network to next level
  l1d-4: # Filter cache stats
   fhGETS: 111355942 # Filtered GETS hits
   fhGETX: 36893888 # Filtered GETX hits
   hGETS: 4298193 # GETS hits
   hGETX: 1500411 # GETX hits
   mGETS: 5358111 # GETS misses
   mGETXIM: 315951 # GETX I->M misses
   mGETXSM: 5346 # GETX S->M misses (upgrade misses)
   PUTS: 0 # Clean evictions (from lower level)
   PUTX: 0 # Dirty evictions (from lower level)
   INV: 18761 # Invalidates (from upper level)
   INVX: 11696 # Downgrades (from upper level)
   FWD: 0 # Forwards (from upper level)
   latGETnl: 49132391 # GET request latency on next level
   latGETnet: 0 # GET request latency on network to next level
  l1d-5: # Filter cache stats
   fhGETS: 111084561 # Filtered GETS hits
   fhGETX: 36829491 # Filtered GETX hits
   hGETS: 4371106 # GETS hits
   hGETX: 1582306 # GETX hits
   mGETS: 5363297 # GETS misses
   mGETXIM: 326082 # GETX I->M misses
   mGETXSM: 4948 # GETX S->M misses (upgrade misses)
   PUTS: 0 # Clean evictions (from lower level)
   PUTX: 0 # Dirty evictions (from lower level)
   INV: 18383 # Invalidates (from upper level)
   INVX: 12731 # Downgrades (from upper level)
   FWD: 0 # Forwards (from upper level)
   latGETnl: 49919099 # GET request latency on next level
   latGETnet: 0 # GET request latency on network to next level
  l1d-6: # Filter cache stats
   fhGETS: 111552437 # Filtered GETS hits
   fhGETX: 36794053 # Filtered GETX hits
   hGETS: 4178339 # GETS hits
   hGETX: 1583744 # GETX hits
   mGETS: 5359597 # GETS misses
   mGETXIM: 312815 # GETX I->M misses
   mGETXSM: 5488 # GETX S->M misses (upgrade misses)
   PUTS: 0 # Clean evictions (from lower level)
   PUTX: 0 # Dirty evictions (from lower level)
   INV: 17738 # Invalidates (from upper level)
   INVX: 10562 # Downgrades (from upper level)
   FWD: 0 # Forwards (from upper level)
   latGETnl: 48851902 # GET request latency on next level
   latGETnet: 0 # GET request latency on network to next level
  l1d-7: # Filter cache stats
   fhGETS: 114863058 # Filtered GETS hits
   fhGETX: 38617980 # Filtered GETX hits
   hGETS: 5060271 # GETS hits
   hGETX: 1682071 # GETX hits
   mGETS: 5391217 # GETS misses
   mGETXIM: 338674 # GETX I->M misses
   mGETXSM: 5933 # GETX S->M misses (upgrade misses)
   PUTS: 0 # Clean evictions (from lower level)
   PUTX: 0 # Dirty evictions (from lower level)
   INV: 18342 # Invalidates (from upper level)
   INVX: 11615 # Downgrades (from upper level)
   FWD: 0 # Forwards (from upper level)
   latGETnl: 51651699 # GET request latency on next level
   latGETnet: 0 # GET request latency on network to next level
 l2: # Cache stats
  l2-0: # Cache stats
   hGETS: 5142713 # GETS hits
   hGETX: 278153 # GETX hits
   mGETS: 302569 # GETS misses
   mGETXIM: 40272 # GETX I->M misses
   mGETXSM: 7677 # GETX S->M misses (upgrade misses)
   PUTS: 5291058 # Clean evictions (from lower level)
   PUTX: 403607 # Dirty evictions (from lower level)
   INV: 39190 # Invalidates (from upper level)
   INVX: 21623 # Downgrades (from upper level)
   FWD: 0 # Forwards (from upper level)
   latGETnl: 11772994 # GET request latency on next level
   latGETnet: 0 # GET request latency on network to next level
  l2-1: # Cache stats
   hGETS: 5157430 # GETS hits
   hGETX: 286522 # GETX hits
   mGETS: 448235 # GETS misses
   mGETXIM: 233788 # GETX I->M misses
   mGETXSM: 9030 # GETX S->M misses (upgrade misses)
   PUTS: 5449249 # Clean evictions (from lower level)
   PUTX: 602741 # Dirty evictions (from lower level)
   INV: 27379 # Invalidates (from upper level)
   INVX: 22923 # Downgrades (from upper level)
   FWD: 0 # Forwards (from upper level)
   latGETnl: 26046831 # GET request latency on next level
   latGETnet: 0 # GET request latency on network to next level
  l2-2: # Cache stats
   hGETS: 5151716 # GETS hits
   hGETX: 286069 # GETX hits
   mGETS: 334796 # GETS misses
   mGETXIM: 62096 # GETX I->M misses
   mGETXSM: 8647 # GETX S->M misses (upgrade misses)
   PUTS: 5327924 # Clean evictions (from lower level)
   PUTX: 435788 # Dirty evictions (from lower level)
   INV: 29958 # Invalidates (from upper level)
   INVX: 22201 # Downgrades (from upper level)
   FWD: 0 # Forwards (from upper level)
   latGETnl: 13290394 # GET request latency on next level
   latGETnet: 0 # GET request latency on network to next level
  l2-3: # Cache stats
   hGETS: 5149803 # GETS hits
   hGETX: 285022 # GETX hits
   mGETS: 308508 # GETS misses
   mGETXIM: 42141 # GETX I->M misses
   mGETXSM: 8474 # GETX S->M misses (upgrade misses)
   PUTS: 5303120 # Clean evictions (from lower level)
   PUTX: 412424 # Dirty evictions (from lower level)
   INV: 29947 # Invalidates (from upper level)
   INVX: 21253 # Downgrades (from upper level)
   FWD: 0 # Forwards (from upper level)
   latGETnl: 11162929 # GET request latency on next level
   latGETnet: 0 # GET request latency on network to next level
  l2-4: # Cache stats
   hGETS: 5135948 # GETS hits
   hGETX: 283027 # GETX hits
   mGETS: 304546 # GETS misses
   mGETXIM: 29716 # GETX I->M misses
   mGETXSM: 8554 # GETX S->M misses (upgrade misses)
   PUTS: 5287000 # Clean evictions (from lower level)
   PUTX: 395561 # Dirty evictions (from lower level)
   INV: 29355 # Invalidates (from upper level)
   INVX: 22099 # Downgrades (from upper level)
   FWD: 0 # Forwards (from upper level)
   latGETnl: 10904456 # GET request latency on next level
   latGETnet: 0 # GET request latency on network to next level
  l2-5: # Cache stats
   hGETS: 5142037 # GETS hits
   hGETX: 279998 # GETX hits
   mGETS: 303232 # GETS misses
   mGETXIM: 42736 # GETX I->M misses
   mGETXSM: 8296 # GETX S->M misses (upgrade misses)
   PUTS: 5290909 # Clean evictions (from lower level)
   PUTX: 407367 # Dirty evictions (from lower level)
   INV: 37174 # Invalidates (from upper level)
   INVX: 22168 # Downgrades (from upper level)
   FWD: 0 # Forwards (from upper level)
   latGETnl: 11553386 # GET request latency on next level
   latGETnet: 0 # GET request latency on network to next level
  l2-6: # Cache stats
   hGETS: 5139397 # GETS hits
   hGETX: 281078 # GETX hits
   mGETS: 302652 # GETS misses
   mGETXIM: 29125 # GETX I->M misses
   mGETXSM: 8100 # GETX S->M misses (upgrade misses)
   PUTS: 5288158 # Clean evictions (from lower level)
   PUTX: 393888 # Dirty evictions (from lower level)
   INV: 29606 # Invalidates (from upper level)
   INVX: 20592 # Downgrades (from upper level)
   FWD: 0 # Forwards (from upper level)
   latGETnl: 10617495 # GET request latency on next level
   latGETnet: 0 # GET request latency on network to next level
  l2-7: # Cache stats
   hGETS: 5142543 # GETS hits
   hGETX: 281241 # GETX hits
   mGETS: 331360 # GETS misses
   mGETXIM: 54079 # GETX I->M misses
   mGETXSM: 9287 # GETX S->M misses (upgrade misses)
   PUTS: 5316623 # Clean evictions (from lower level)
   PUTX: 422202 # Dirty evictions (from lower level)
   INV: 32069 # Invalidates (from upper level)
   INVX: 21873 # Downgrades (from upper level)
   FWD: 0 # Forwards (from upper level)
   latGETnl: 13038545 # GET request latency on next level
   latGETnet: 0 # GET request latency on network to next level
 l3: # Cache stats
  l3-0b0: # Cache stats
   hGETS: 280660 # GETS hits
   hGETX: 61234 # GETX hits
   mGETS: 10573 # GETS misses
   mGETXIM: 13591 # GETX I->M misses
   mGETXSM: 0 # GETX S->M misses (upgrade misses)
   PUTS: 253991 # Clean evictions (from lower level)
   PUTX: 69550 # Dirty evictions (from lower level)
   INV: 0 # Invalidates (from upper level)
   INVX: 0 # Downgrades (from upper level)
   FWD: 0 # Forwards (from upper level)
   latGETnl: 2174760 # GET request latency on next level
   latGETnet: 0 # GET request latency on network to next level
  l3-0b1: # Cache stats
   hGETS: 346974 # GETS hits
   hGETX: 60056 # GETX hits
   mGETS: 10631 # GETS misses
   mGETXIM: 13610 # GETX I->M misses
   mGETXSM: 0 # GETX S->M misses (upgrade misses)
   PUTS: 323435 # Clean evictions (from lower level)
   PUTX: 70510 # Dirty evictions (from lower level)
   INV: 0 # Invalidates (from upper level)
   INVX: 0 # Downgrades (from upper level)
   FWD: 0 # Forwards (from upper level)
   latGETnl: 2181690 # GET request latency on next level
   latGETnet: 0 # GET request latency on network to next level
  l3-0b2: # Cache stats
   hGETS: 295081 # GETS hits
   hGETX: 58977 # GETX hits
   mGETS: 10655 # GETS misses
   mGETXIM: 13529 # GETX I->M misses
   mGETXSM: 0 # GETX S->M misses (upgrade misses)
   PUTS: 269613 # Clean evictions (from lower level)
   PUTX: 71241 # Dirty evictions (from lower level)
   INV: 0 # Invalidates (from upper level)
   INVX: 0 # Downgrades (from upper level)
   FWD: 0 # Forwards (from upper level)
   latGETnl: 2176560 # GET request latency on next level
   latGETnet: 0 # GET request latency on network to next level
  l3-0b3: # Cache stats
   hGETS: 328154 # GETS hits
   hGETX: 50506 # GETX hits
   mGETS: 10681 # GETS misses
   mGETXIM: 13515 # GETX I->M misses
   mGETXSM: 0 # GETX S->M misses (upgrade misses)
   PUTS: 308479 # Clean evictions (from lower level)
   PUTX: 69566 # Dirty evictions (from lower level)
   INV: 0 # Invalidates (from upper level)
   INVX: 0 # Downgrades (from upper level)
   FWD: 0 # Forwards (from upper level)
   latGETnl: 2177640 # GET request latency on next level
   latGETnet: 0 # GET request latency on network to next level
  l3-0b4: # Cache stats
   hGETS: 280012 # GETS hits
   hGETX: 58409 # GETX hits
   mGETS: 10648 # GETS misses
   mGETXIM: 13545 # GETX I->M misses
   mGETXSM: 0 # GETX S->M misses (upgrade misses)
   PUTS: 239539 # Clean evictions (from lower level)
   PUTX: 69890 # Dirty evictions (from lower level)
   INV: 0 # Invalidates (from upper level)
   INVX: 0 # Downgrades (from upper level)
   FWD: 0 # Forwards (from upper level)
   latGETnl: 2177370 # GET request latency on next level
   latGETnet: 0 # GET request latency on network to next level
  l3-0b5: # Cache stats
   hGETS: 369844 # GETS hits
   hGETX: 71585 # GETX hits
   mGETS: 10726 # GETS misses
   mGETXIM: 13568 # GETX I->M misses
   mGETXSM: 0 # GETX S->M misses (upgrade misses)
   PUTS: 333412 # Clean evictions (from lower level)
   PUTX: 70469 # Dirty evictions (from lower level)
   INV: 0 # Invalidates (from upper level)
   INVX: 0 # Downgrades (from upper level)
   FWD: 0 # Forwards (from upper level)
   latGETnl: 2186460 # GET request latency on next level
   latGETnet: 0 # GET request latency on network to next level
  l3-0b6: # Cache stats
   hGETS: 283218 # GETS hits
   hGETX: 61798 # GETX hits
   mGETS: 10637 # GETS misses
   mGETXIM: 13543 # GETX I->M misses
   mGETXSM: 0 # GETX S->M misses (upgrade misses)
   PUTS: 256405 # Clean evictions (from lower level)
   PUTX: 69895 # Dirty evictions (from lower level)
   INV: 0 # Invalidates (from upper level)
   INVX: 0 # Downgrades (from upper level)
   FWD: 0 # Forwards (from upper level)
   latGETnl: 2176200 # GET request latency on next level
   latGETnet: 0 # GET request latency on network to next level
  l3-0b7: # Cache stats
   hGETS: 366690 # GETS hits
   hGETX: 71003 # GETX hits
   mGETS: 10714 # GETS misses
   mGETXIM: 13549 # GETX I->M misses
   mGETXSM: 0 # GETX S->M misses (upgrade misses)
   PUTS: 336730 # Clean evictions (from lower level)
   PUTX: 69928 # Dirty evictions (from lower level)
   INV: 0 # Invalidates (from upper level)
   INVX: 0 # Downgrades (from upper level)
   FWD: 0 # Forwards (from upper level)
   latGETnl: 2183670 # GET request latency on next level
   latGETnet: 0 # GET request latency on network to next level
 mem: # Memory controller stats
  mem-0: # Memory controller stats
   rd: 48335 # Read requests
   wr: 22470 # Write requests
   rdlat: 6541335 # Total latency experienced by read requests
   wrlat: 3947201 # Total latency experienced by write requests
   rdhits: 234 # Read row hits
   wrhits: 84 # Write row hits
   mlh: # latency histogram for memory requests
    0: 0
    1: 0
    2: 0
    3: 0
    4: 0
    5: 0
    6: 0
    7: 0
    8: 0
    9: 0
    10: 0
    11: 23
    12: 40
    13: 45459
    14: 1227
    15: 301
    16: 177
    17: 76
    18: 102
    19: 69
    20: 79
    21: 87
    22: 53
    23: 62
    24: 40
    25: 49
    26: 20
    27: 16
    28: 23
    29: 22
    30: 35
    31: 32
    32: 21
    33: 21
    34: 36
    35: 35
    36: 65
    37: 29
    38: 18
    39: 16
    40: 23
    41: 24
    42: 23
    43: 5
    44: 4
    45: 5
    46: 3
    47: 1
    48: 5
    49: 4
    50: 0
    51: 0
    52: 1
    53: 2
    54: 1
    55: 1
    56: 0
    57: 0
    58: 0
    59: 0
    60: 0
    61: 0
    62: 0
    63: 0
    64: 0
    65: 0
    66: 0
    67: 0
    68: 0
    69: 0
    70: 0
    71: 0
    72: 0
    73: 0
    74: 0
    75: 0
    76: 0
    77: 0
    78: 0
    79: 0
    80: 0
    81: 0
    82: 0
    83: 0
    84: 0
    85: 0
    86: 0
    87: 0
    88: 0
    89: 0
    90: 0
    91: 0
    92: 0
    93: 0
    94: 0
    95: 0
    96: 0
    97: 0
    98: 0
    99: 0
  mem-1: # Memory controller stats
   rd: 48405 # Read requests
   wr: 22506 # Write requests
   rdlat: 6555121 # Total latency experienced by read requests
   wrlat: 3973081 # Total latency experienced by write requests
   rdhits: 241 # Read row hits
   wrhits: 102 # Write row hits
   mlh: # latency histogram for memory requests
    0: 0
    1: 0
    2: 0
    3: 0
    4: 0
    5: 0
    6: 0
    7: 0
    8: 0
    9: 0
    10: 0
    11: 30
    12: 32
    13: 45406
    14: 1309
    15: 323
    16: 211
    17: 76
    18: 90
    19: 69
    20: 70
    21: 66
    22: 42
    23: 77
    24: 56
    25: 57
    26: 21
    27: 22
    28: 17
    29: 26
    30: 30
    31: 32
    32: 15
    33: 34
    34: 41
    35: 53
    36: 39
    37: 22
    38: 25
    39: 17
    40: 30
    41: 24
    42: 21
    43: 11
    44: 1
    45: 3
    46: 5
    47: 2
    48: 0
    49: 0
    50: 0
    51: 0
    52: 0
    53: 0
    54: 0
    55: 0
    56: 0
    57: 0
    58: 0
    59: 0
    60: 0
    61: 0
    62: 0
    63: 0
    64: 0
    65: 0
    66: 0
    67: 0
    68: 0
    69: 0
    70: 0
    71: 0
    72: 0
    73: 0
    74: 0
    75: 0
    76: 0
    77: 0
    78: 0
    79: 0
    80: 0
    81: 0
    82: 0
    83: 0
    84: 0
    85: 0
    86: 0
    87: 0
    88: 0
    89: 0
    90: 0
    91: 0
    92: 0
    93: 0
    94: 0
    95: 0
    96: 0
    97: 0
    98: 0
    99: 0
  mem-2: # Memory controller stats
   rd: 48443 # Read requests
   wr: 22545 # Write requests
   rdlat: 6551944 # Total latency experienced by read requests
   wrlat: 3963967 # Total latency experienced by write requests
   rdhits: 247 # Read row hits
   wrhits: 86 # Write row hits
   mlh: # latency histogram for memory requests
    0: 0
    1: 0
    2: 0
    3: 0
    4: 0
    5: 0
    6: 0
    7: 0
    8: 0
    9: 0
    10: 0
    11: 32
    12: 28
    13: 45624
    14: 1189
    15: 302
    16: 184
    17: 87
    18: 92
    19: 62
    20: 72
    21: 79
    22: 37
    23: 79
    24: 47
    25: 47
    26: 16
    27: 14
    28: 17
    29: 29
    30: 27
    31: 36
    32: 26
    33: 24
    34: 30
    35: 48
    36: 40
    37: 26
    38: 27
    39: 25
    40: 15
    41: 23
    42: 21
    43: 9
    44: 5
    45: 6
    46: 3
    47: 2
    48: 4
    49: 1
    50: 3
    51: 0
    52: 0
    53: 1
    54: 0
    55: 2
    56: 1
    57: 0
    58: 0
    59: 0
    60: 1
    61: 0
    62: 0
    63: 0
    64: 0
    65: 0
    66: 0
    67: 0
    68: 0
    69: 0
    70: 0
    71: 0
    72: 0
    73: 0
    74: 0
    75: 0
    76: 0
    77: 0
    78: 0
    79: 0
    80: 0
    81: 0
    82: 0
    83: 0
    84: 0
    85: 0
    86: 0
    87: 0
    88: 0
    89: 0
    90: 0
    91: 0
    92: 0
    93: 0
    94: 0
    95: 0
    96: 0
    97: 0
    98: 0
    99: 0
  mem-3: # Memory controller stats
   rd: 48532 # Read requests
   wr: 22594 # Write requests
   rdlat: 6570870 # Total latency experienced by read requests
   wrlat: 3968758 # Total latency experienced by write requests
   rdhits: 239 # Read row hits
   wrhits: 103 # Write row hits
   mlh: # latency histogram for memory requests
    0: 0
    1: 0
    2: 0
    3: 0
    4: 0
    5: 0
    6: 0
    7: 0
    8: 0
    9: 0
    10: 0
    11: 29
    12: 32
    13: 45740
    14: 1157
    15: 319
    16: 174
    17: 74
    18: 89
    19: 66
    20: 66
    21: 66
    22: 39
    23: 68
    24: 71
    25: 43
    26: 12
    27: 20
    28: 15
    29: 19
    30: 37
    31: 31
    32: 35
    33: 25
    34: 40
    35: 40
    36: 53
    37: 32
    38: 27
    39: 18
    40: 22
    41: 20
    42: 21
    43: 15
    44: 4
    45: 5
    46: 3
    47: 2
    48: 1
    49: 0
    50: 0
    51: 0
    52: 2
    53: 0
    54: 0
    55: 0
    56: 0
    57: 0
    58: 0
    59: 0
    60: 0
    61: 0
    62: 0
    63: 0
    64: 0
    65: 0
    66: 0
    67: 0
    68: 0
    69: 0
    70: 0
    71: 0
    72: 0
    73: 0
    74: 0
    75: 0
    76: 0
    77: 0
    78: 0
    79: 0
    80: 0
    81: 0
    82: 0
    83: 0
    84: 0
    85: 0
    86: 0
    87: 0
    88: 0
    89: 0
    90: 0
    91: 0
    92: 0
    93: 0
    94: 0
    95: 0
    96: 0
    97: 0
    98: 0
    99: 0
 sched: # Scheduler stats
  thCr: 9 # Threads created
  thFn: 0 # Threads finished
  schedEvs: 384 # Schedule events
  waitEvs: 8 # Wait events
  handoffEvs: 0 # Handoff events
  sleepEvs: 0 # Sleep events
  idlePhases: 0 # Phases with no thread active
  idlePeriods: 0 # Periods with no thread active
  occHist: # Occupancy histogram
   0: 0
   1: 140
   2: 0
   3: 0
   4: 0
   5: 0
   6: 0
   7: 0
   8: 42630
  rqSzHist: # Run queue size histogram
   0: 42770
   1: 0
   2: 0
   3: 0
   4: 0
   5: 0
   6: 0
   7: 0
   8: 0
   9: 0
   10: 0
   11: 0
   12: 0
   13: 0
   14: 0
   15: 0
   16: 0
 procCycles: # Per-process unhalted core cycles
  0: 2526990329
  1: 0
  2: 0
  3: 0
  4: 0
  5: 0
  6: 0
  7: 0
  8: 0
  9: 0
  10: 0
  11: 0
  12: 0
  13: 0
  14: 0
  15: 0
  16: 0
  17: 0
  18: 0
  19: 0
  20: 0
  21: 0
  22: 0
  23: 0
  24: 0
  25: 0
  26: 0
  27: 0
  28: 0
  29: 0
  30: 0
  31: 0
  32: 0
  33: 0
  34: 0
  35: 0
  36: 0
  37: 0
  38: 0
  39: 0
  40: 0
  41: 0
  42: 0
  43: 0
  44: 0
  45: 0
  46: 0
  47: 0
  48: 0
  49: 0
  50: 0
  51: 0
  52: 0
  53: 0
  54: 0
  55: 0
  56: 0
  57: 0
  58: 0
  59: 0
  60: 0
  61: 0
  62: 0
  63: 0
 procInstrs: # Per-process instructions
  0: 5000120710
  1: 0
  2: 0
  3: 0
  4: 0
  5: 0
  6: 0
  7: 0
  8: 0
  9: 0
  10: 0
  11: 0
  12: 0
  13: 0
  14: 0
  15: 0
  16: 0
  17: 0
  18: 0
  19: 0
  20: 0
  21: 0
  22: 0
  23: 0
  24: 0
  25: 0
  26: 0
  27: 0
  28: 0
  29: 0
  30: 0
  31: 0
  32: 0
  33: 0
  34: 0
  35: 0
  36: 0
  37: 0
  38: 0
  39: 0
  40: 0
  41: 0
  42: 0
  43: 0
  44: 0
  45: 0
  46: 0
  47: 0
  48: 0
  49: 0
  50: 0
  51: 0
  52: 0
  53: 0
  54: 0
  55: 0
  56: 0
  57: 0
  58: 0
  59: 0
  60: 0
  61: 0
  62: 0
  63: 0
 heartbeats: # Per-process heartbeats
  0: 0
  1: 0
  2: 0
  3: 0
  4: 0
  5: 0
  6: 0
  7: 0
  8: 0
  9: 0
  10: 0
  11: 0
  12: 0
  13: 0
  14: 0
  15: 0
  16: 0
  17: 0
  18: 0
  19: 0
  20: 0
  21: 0
  22: 0
  23: 0
  24: 0
  25: 0
  26: 0
  27: 0
  28: 0
  29: 0
  30: 0
  31: 0
  32: 0
  33: 0
  34: 0
  35: 0
  36: 0
  37: 0
  38: 0
  39: 0
  40: 0
  41: 0
  42: 0
  43: 0
  44: 0
  45: 0
  46: 0
  47: 0
  48: 0
  49: 0
  50: 0
  51: 0
  52: 0
  53: 0
  54: 0
  55: 0
  56: 0
  57: 0
  58: 0
  59: 0
  60: 0
  61: 0
  62: 0
  63: 0
===
