[H] Starting zsim, built Sat Dec  9 19:17:29 CST 2017 (rev no git repo)
[H] Creating global segment, 1024 MBs
[H] Global segment shmid = 280068130
[H] Deadlock detection ON
[S 0] Started instance
[S 0] Started RR scheduler, quantum=10000 phases
[S 0] imin -2147483648 imax 2147483647 fmin 0.000000 fmax 0.000000
[S 0] imin -2147483648 imax 2147483647 fmin 0.000000 fmax 0.000000
[S 0] imin -2147483648 imax 2147483647 fmin 0.000000 fmax 0.000000
[S 0] imin -2147483648 imax 2147483647 fmin 0.000000 fmax 0.000000
[S 0] imin -2147483648 imax 2147483647 fmin 0.000000 fmax 0.000000
[S 0] imin -2147483648 imax 2147483647 fmin 0.000000 fmax 0.000000
[S 0] imin -2147483648 imax 2147483647 fmin 0.000000 fmax 0.000000
[S 0] imin -2147483648 imax 2147483647 fmin 0.000000 fmax 0.000000
[S 0] mem-0: domain 0, 4 ranks/ch 8 banks/rank, tech DDR3-1333-CL10, boundLat 90 rd / 40 wr
[S 0] mem-0: Address mapping rank:col:bank row 63:15 col 12:3 rank 14:13 bank 2:0
[S 0] mem-1: domain 0, 4 ranks/ch 8 banks/rank, tech DDR3-1333-CL10, boundLat 90 rd / 40 wr
[S 0] mem-1: Address mapping rank:col:bank row 63:15 col 12:3 rank 14:13 bank 2:0
[S 0] mem-2: domain 0, 4 ranks/ch 8 banks/rank, tech DDR3-1333-CL10, boundLat 90 rd / 40 wr
[S 0] mem-2: Address mapping rank:col:bank row 63:15 col 12:3 rank 14:13 bank 2:0
[S 0] mem-3: domain 0, 4 ranks/ch 8 banks/rank, tech DDR3-1333-CL10, boundLat 90 rd / 40 wr
[S 0] mem-3: Address mapping rank:col:bank row 63:15 col 12:3 rank 14:13 bank 2:0
[S 0] Hierarchy: [ l1i-0 l1d-0 ] -> l2-0
[S 0] Hierarchy: [ l1i-1 l1d-1 ] -> l2-1
[S 0] Hierarchy: [ l1i-2 l1d-2 ] -> l2-2
[S 0] Hierarchy: [ l1i-3 l1d-3 ] -> l2-3
[S 0] Hierarchy: [ l1i-4 l1d-4 ] -> l2-4
[S 0] Hierarchy: [ l1i-5 l1d-5 ] -> l2-5
[S 0] Hierarchy: [ l1i-6 l1d-6 ] -> l2-6
[S 0] Hierarchy: [ l1i-7 l1d-7 ] -> l2-7
[S 0] Hierarchy: [ l2-0 l2-1 l2-2 l2-3 l2-4 l2-5 l2-6 l2-7 ] -> l3-0b0..l3-0b7
[S 0] Initialized system
[S 0] HDF5 backend: Opening ./outputs/bodytrack_8c_simmedium/zsim.h5
[S 0] HDF5 backend: Created table, 9096 bytes/record, 116 records/write
[S 0] HDF5 backend: Opening ./outputs/bodytrack_8c_simmedium/zsim-ev.h5
[S 0] HDF5 backend: Created table, 9096 bytes/record, 15 records/write
[S 0] HDF5 backend: Opening ./outputs/bodytrack_8c_simmedium/zsim-cmp.h5
[S 0] HDF5 backend: Created table, 3192 bytes/record, 1 records/write
[S 0] Initialization complete
[H] Attached to global heap
[S 0] Started process, PID 59688
[S 0] procMask: 0x0
[S 0] [0] Adjusting clocks, domain 0, de-ffwd 0
[S 0] vDSO info initialized
[S 0] Started scheduler watchdog thread
[S 0] Started contention simulation thread 0
[S 0] FF control Thread TID 59695
[S 0] FF thread 0 starting
PARSEC Benchmark Suite
Threading with Posix Threads
Number of threads : 8
[S 0] FF thread 4 starting
[S 0] FF thread 5 starting
[S 0] FF thread 6 starting
[S 0] FF thread 7 starting
[S 0] FF thread 8 starting
[S 0] FF thread 9 starting
[S 0] FF thread 10 starting
[S 0] FF thread 11 starting
[H] Some fast-forwarding is going on, not doing deadlock detection (a: 1, ff: 1, sff: 0)
[S 0] FF thread 12 starting
[H] Some fast-forwarding is going on, not doing deadlock detection (a: 1, ff: 1, sff: 0)
[S 0] Shadow/NOP thread 12 finished
Using dataset : /home/grads/t/tanmay2592/scratch/CSE614/DoppelGanger/final_project/final/benchmarks/parsec-2.1/inputs/bodytrack/sequenceB_2/
2000 particles with 5 annealing layers

[H] Some fast-forwarding is going on, not doing deadlock detection (a: 1, ff: 1, sff: 0)
[S 0] ROI_BEGIN, exiting fast-forward
[S 0] [0] Adjusting clocks, domain 0, de-ffwd 1
[S 0] Thread 0 starting
[ZSIM-HOOKS] ROI begin
Processing frame 0
[S 0] Thread 4 starting
[S 0] Thread 7 starting
[S 0] Thread 11 starting
[S 0] Thread 8 starting
[S 0] Thread 5 starting
[S 0] Thread 9 starting
[S 0] Thread 6 starting
[S 0] Thread 10 starting
[S 0] Detected possible stall due to fake leaves (8 current)
[S 0]  [0/4] futex (202) @ 0x43b0aa
[S 0]  [0/0] futex (202) @ 0x43b208
[S 0]  [0/7] futex (202) @ 0x43b208
[S 0]  [0/11] futex (202) @ 0x43b208
[S 0]  [0/8] futex (202) @ 0x43b208
[S 0]  [0/5] futex (202) @ 0x43b208
[S 0]  [0/9] futex (202) @ 0x43b208
[S 0]  [0/6] futex (202) @ 0x43b208
[S 0] Detected possible stall due to fake leaves (8 current)
[S 0]  [0/9] futex (202) @ 0x43ab2a
[S 0]  [0/7] futex (202) @ 0x43ab2a
[S 0]  [0/6] futex (202) @ 0x43ab2a
[S 0]  [0/5] futex (202) @ 0x43ab2a
[S 0]  [0/0] futex (202) @ 0x43ab2a
[S 0]  [0/11] futex (202) @ 0x43ab2a
[S 0]  [0/8] futex (202) @ 0x43ab2a
[S 0]  [0/10] futex (202) @ 0x43ab2a
[S 0] Detected possible stall due to fake leaves (1 current)
[S 0]  [0/0] futex (202) @ 0x43ab2a
[S 0] Blacklisting from future fake leaves: [0] futex @ 0x43ab2a | arg0 0x7f0d60 arg1 0x80
A: /home/grads/t/tanmay2592/scratch/CSE614/DoppelGanger/final_project/final/tools/pin-2.14-71313-gcc.4.4.7-linux/source/include/pin/gen/exception.PH: GetFaultyAccessAddress: 242: assertion failed: IsAccessFault()

################################################################################
## STACK TRACE
################################################################################
addr2line -C -f -e "/home/grads/t/tanmay2592/scratch/CSE614/DoppelGanger/final_project/final/zsim/build/opt/libzsim.so" 0x7ffff64ffd29 0x7ffff6500b16 0x7ffff6500df0 0x7ffff64c18b5 0x7ffff65a8d41 0x3043a9454 0x3043aa1f4 0x304438c88 0x30446603c 0x7ffff64ae8e9 0x7ffff64aedf5 0x7ffff64e0f0b 0x7ffff64b05a1 0x7ffff6437df5 0x7ffff64e0dab 0x7ffff64b05a1 0x7ffff6438a88 0x7ffff64e0dab 0x7ffff6413550 0x7ffff640f47c 0x7fffe3d3fc6c
??
??:0
??
??:0
??
??:0
??
??:0
??
??:0
??
??:0
??
??:0
??
??:0
??
??:0
??
??:0
??
??:0
??
??:0
??
??:0
??
??:0
??
??:0
??
??:0
??
??:0
??
??:0
??
??:0
??
??:0
??
??:0
Pin 2.14
Copyright (c) 2003-2015, Intel Corporation. All rights reserved.
@CHARM-VERSION: $Rev: 71293 $
@CHARM-BUILDER: BUILDER
@CHARM-COMPILER: gcc 4.4.7
@CHARM-TARGET: ia32e
@CHARM-CFLAGS:  __OPTIMIZE__=1  __NO_INLINE__=__NO_INLINE__
[H] Child 59688 done
