# zsim stats
===
root: # Stats
 contention: # Contention simulation stats
  domain-0: # Domain stats
   time: 60706623 # Weave simulation time
 time: # Simulator time breakdown
  init: 7684198248
  bound: 78160086236
  weave: 7329138635
  ff: 57468624
 trigger: 20000 # Reason for this stats dump
 phase: 3564 # Simulated phases
 westmere: # Core stats
  westmere-0: # Core stats
   cycles: 35393981 # Simulated unhalted cycles
   cCycles: 13419 # Cycles due to contention stalls
   instrs: 45030170 # Simulated instructions
   uops: 58590717 # Retired micro-ops
   bbls: 4111376 # Basic blocks
   approxInstrs: 873646 # Instrs with approx uop decoding
   mispredBranches: 14776 # Mispredicted branches
   condBranches: 2289146 # conditional branches
  westmere-1: # Core stats
   cycles: 35619845 # Simulated unhalted cycles
   cCycles: 7277 # Cycles due to contention stalls
   instrs: 45086713 # Simulated instructions
   uops: 58669707 # Retired micro-ops
   bbls: 4117049 # Basic blocks
   approxInstrs: 882206 # Instrs with approx uop decoding
   mispredBranches: 26636 # Mispredicted branches
   condBranches: 2287424 # conditional branches
  westmere-2: # Core stats
   cycles: 35603119 # Simulated unhalted cycles
   cCycles: 7380 # Cycles due to contention stalls
   instrs: 45077913 # Simulated instructions
   uops: 58658107 # Retired micro-ops
   bbls: 4115649 # Basic blocks
   approxInstrs: 880806 # Instrs with approx uop decoding
   mispredBranches: 24835 # Mispredicted branches
   condBranches: 2287424 # conditional branches
  westmere-3: # Core stats
   cycles: 35604512 # Simulated unhalted cycles
   cCycles: 7389 # Cycles due to contention stalls
   instrs: 45085313 # Simulated instructions
   uops: 58669907 # Retired micro-ops
   bbls: 4115249 # Basic blocks
   approxInstrs: 881406 # Instrs with approx uop decoding
   mispredBranches: 26019 # Mispredicted branches
   condBranches: 2287424 # conditional branches
  westmere-4: # Core stats
   cycles: 35617771 # Simulated unhalted cycles
   cCycles: 7997 # Cycles due to contention stalls
   instrs: 45088913 # Simulated instructions
   uops: 58671707 # Retired micro-ops
   bbls: 4117649 # Basic blocks
   approxInstrs: 881806 # Instrs with approx uop decoding
   mispredBranches: 25207 # Mispredicted branches
   condBranches: 2288224 # conditional branches
  westmere-5: # Core stats
   cycles: 35326467 # Simulated unhalted cycles
   cCycles: 7706 # Cycles due to contention stalls
   instrs: 45034013 # Simulated instructions
   uops: 58600107 # Retired micro-ops
   bbls: 4108649 # Basic blocks
   approxInstrs: 875006 # Instrs with approx uop decoding
   mispredBranches: 13460 # Mispredicted branches
   condBranches: 2287024 # conditional branches
  westmere-6: # Core stats
   cycles: 35322464 # Simulated unhalted cycles
   cCycles: 6089 # Cycles due to contention stalls
   instrs: 45029013 # Simulated instructions
   uops: 58592207 # Retired micro-ops
   bbls: 4108849 # Basic blocks
   approxInstrs: 874606 # Instrs with approx uop decoding
   mispredBranches: 13679 # Mispredicted branches
   condBranches: 2287024 # conditional branches
  westmere-7: # Core stats
   cycles: 35365775 # Simulated unhalted cycles
   cCycles: 7402 # Cycles due to contention stalls
   instrs: 45034113 # Simulated instructions
   uops: 58595907 # Retired micro-ops
   bbls: 4111749 # Basic blocks
   approxInstrs: 875806 # Instrs with approx uop decoding
   mispredBranches: 15671 # Mispredicted branches
   condBranches: 2287424 # conditional branches
 l1i: # Cache stats
  l1i-0: # Filter cache stats
   fhGETS: 5829788 # Filtered GETS hits
   fhGETX: 0 # Filtered GETX hits
   hGETS: 103109 # GETS hits
   hGETX: 0 # GETX hits
   mGETS: 321 # GETS misses
   mGETXIM: 0 # GETX I->M misses
   mGETXSM: 0 # GETX S->M misses (upgrade misses)
   PUTS: 0 # Clean evictions (from lower level)
   PUTX: 0 # Dirty evictions (from lower level)
   INV: 0 # Invalidates (from upper level)
   INVX: 0 # Downgrades (from upper level)
   FWD: 0 # Forwards (from upper level)
   latGETnl: 29103 # GET request latency on next level
   latGETnet: 0 # GET request latency on network to next level
  l1i-1: # Filter cache stats
   fhGETS: 5896426 # Filtered GETS hits
   fhGETX: 0 # Filtered GETX hits
   hGETS: 102622 # GETS hits
   hGETX: 0 # GETX hits
   mGETS: 117 # GETS misses
   mGETXIM: 0 # GETX I->M misses
   mGETXSM: 0 # GETX S->M misses (upgrade misses)
   PUTS: 0 # Clean evictions (from lower level)
   PUTX: 0 # Dirty evictions (from lower level)
   INV: 0 # Invalidates (from upper level)
   INVX: 0 # Downgrades (from upper level)
   FWD: 0 # Forwards (from upper level)
   latGETnl: 5418 # GET request latency on next level
   latGETnet: 0 # GET request latency on network to next level
  l1i-2: # Filter cache stats
   fhGETS: 5885921 # Filtered GETS hits
   fhGETX: 0 # Filtered GETX hits
   hGETS: 102626 # GETS hits
   hGETX: 0 # GETX hits
   mGETS: 116 # GETS misses
   mGETXIM: 0 # GETX I->M misses
   mGETXSM: 0 # GETX S->M misses (upgrade misses)
   PUTS: 0 # Clean evictions (from lower level)
   PUTX: 0 # Dirty evictions (from lower level)
   INV: 0 # Invalidates (from upper level)
   INVX: 0 # Downgrades (from upper level)
   FWD: 0 # Forwards (from upper level)
   latGETnl: 5654 # GET request latency on next level
   latGETnet: 0 # GET request latency on network to next level
  l1i-3: # Filter cache stats
   fhGETS: 5892451 # Filtered GETS hits
   fhGETX: 0 # Filtered GETX hits
   hGETS: 102628 # GETS hits
   hGETX: 0 # GETX hits
   mGETS: 118 # GETS misses
   mGETXIM: 0 # GETX I->M misses
   mGETXSM: 0 # GETX S->M misses (upgrade misses)
   PUTS: 0 # Clean evictions (from lower level)
   PUTX: 0 # Dirty evictions (from lower level)
   INV: 0 # Invalidates (from upper level)
   INVX: 0 # Downgrades (from upper level)
   FWD: 0 # Forwards (from upper level)
   latGETnl: 4552 # GET request latency on next level
   latGETnet: 0 # GET request latency on network to next level
  l1i-4: # Filter cache stats
   fhGETS: 5890090 # Filtered GETS hits
   fhGETX: 0 # Filtered GETX hits
   hGETS: 102626 # GETS hits
   hGETX: 0 # GETX hits
   mGETS: 110 # GETS misses
   mGETXIM: 0 # GETX I->M misses
   mGETXSM: 0 # GETX S->M misses (upgrade misses)
   PUTS: 0 # Clean evictions (from lower level)
   PUTX: 0 # Dirty evictions (from lower level)
   INV: 0 # Invalidates (from upper level)
   INVX: 0 # Downgrades (from upper level)
   FWD: 0 # Forwards (from upper level)
   latGETnl: 4820 # GET request latency on next level
   latGETnet: 0 # GET request latency on network to next level
  l1i-5: # Filter cache stats
   fhGETS: 5822972 # Filtered GETS hits
   fhGETX: 0 # Filtered GETX hits
   hGETS: 102407 # GETS hits
   hGETX: 0 # GETX hits
   mGETS: 114 # GETS misses
   mGETXIM: 0 # GETX I->M misses
   mGETXSM: 0 # GETX S->M misses (upgrade misses)
   PUTS: 0 # Clean evictions (from lower level)
   PUTX: 0 # Dirty evictions (from lower level)
   INV: 0 # Invalidates (from upper level)
   INVX: 0 # Downgrades (from upper level)
   FWD: 0 # Forwards (from upper level)
   latGETnl: 5856 # GET request latency on next level
   latGETnet: 0 # GET request latency on network to next level
  l1i-6: # Filter cache stats
   fhGETS: 5823566 # Filtered GETS hits
   fhGETX: 0 # Filtered GETX hits
   hGETS: 102404 # GETS hits
   hGETX: 0 # GETX hits
   mGETS: 110 # GETS misses
   mGETXIM: 0 # GETX I->M misses
   mGETXSM: 0 # GETX S->M misses (upgrade misses)
   PUTS: 0 # Clean evictions (from lower level)
   PUTX: 0 # Dirty evictions (from lower level)
   INV: 0 # Invalidates (from upper level)
   INVX: 0 # Downgrades (from upper level)
   FWD: 0 # Forwards (from upper level)
   latGETnl: 5360 # GET request latency on next level
   latGETnet: 0 # GET request latency on network to next level
  l1i-7: # Filter cache stats
   fhGETS: 5835020 # Filtered GETS hits
   fhGETX: 0 # Filtered GETX hits
   hGETS: 102404 # GETS hits
   hGETX: 0 # GETX hits
   mGETS: 117 # GETS misses
   mGETXIM: 0 # GETX I->M misses
   mGETXSM: 0 # GETX S->M misses (upgrade misses)
   PUTS: 0 # Clean evictions (from lower level)
   PUTX: 0 # Dirty evictions (from lower level)
   INV: 0 # Invalidates (from upper level)
   INVX: 0 # Downgrades (from upper level)
   FWD: 0 # Forwards (from upper level)
   latGETnl: 6138 # GET request latency on next level
   latGETnet: 0 # GET request latency on network to next level
 l1d: # Cache stats
  l1d-0: # Filter cache stats
   fhGETS: 12957052 # Filtered GETS hits
   fhGETX: 6669281 # Filtered GETX hits
   hGETS: 802199 # GETS hits
   hGETX: 161683 # GETX hits
   mGETS: 25717 # GETS misses
   mGETXIM: 2958 # GETX I->M misses
   mGETXSM: 16 # GETX S->M misses (upgrade misses)
   PUTS: 0 # Clean evictions (from lower level)
   PUTX: 0 # Dirty evictions (from lower level)
   INV: 37 # Invalidates (from upper level)
   INVX: 45 # Downgrades (from upper level)
   FWD: 0 # Forwards (from upper level)
   latGETnl: 259181 # GET request latency on next level
   latGETnet: 0 # GET request latency on network to next level
  l1d-1: # Filter cache stats
   fhGETS: 13058121 # Filtered GETS hits
   fhGETX: 6645629 # Filtered GETX hits
   hGETS: 731630 # GETS hits
   hGETX: 199297 # GETX hits
   mGETS: 26913 # GETS misses
   mGETXIM: 2720 # GETX I->M misses
   mGETXSM: 2 # GETX S->M misses (upgrade misses)
   PUTS: 0 # Clean evictions (from lower level)
   PUTX: 0 # Dirty evictions (from lower level)
   INV: 2 # Invalidates (from upper level)
   INVX: 32 # Downgrades (from upper level)
   FWD: 0 # Forwards (from upper level)
   latGETnl: 245116 # GET request latency on next level
   latGETnet: 0 # GET request latency on network to next level
  l1d-2: # Filter cache stats
   fhGETS: 13055217 # Filtered GETS hits
   fhGETX: 6643029 # Filtered GETX hits
   hGETS: 730931 # GETS hits
   hGETX: 200297 # GETX hits
   mGETS: 26316 # GETS misses
   mGETXIM: 2720 # GETX I->M misses
   mGETXSM: 2 # GETX S->M misses (upgrade misses)
   PUTS: 0 # Clean evictions (from lower level)
   PUTX: 0 # Dirty evictions (from lower level)
   INV: 3 # Invalidates (from upper level)
   INVX: 32 # Downgrades (from upper level)
   FWD: 0 # Forwards (from upper level)
   latGETnl: 240786 # GET request latency on next level
   latGETnet: 0 # GET request latency on network to next level
  l1d-3: # Filter cache stats
   fhGETS: 13055216 # Filtered GETS hits
   fhGETX: 6647029 # Filtered GETX hits
   hGETS: 734139 # GETS hits
   hGETX: 198297 # GETX hits
   mGETS: 28109 # GETS misses
   mGETXIM: 2720 # GETX I->M misses
   mGETXSM: 2 # GETX S->M misses (upgrade misses)
   PUTS: 0 # Clean evictions (from lower level)
   PUTX: 0 # Dirty evictions (from lower level)
   INV: 3 # Invalidates (from upper level)
   INVX: 51 # Downgrades (from upper level)
   FWD: 0 # Forwards (from upper level)
   latGETnl: 255026 # GET request latency on next level
   latGETnet: 0 # GET request latency on network to next level
  l1d-4: # Filter cache stats
   fhGETS: 13055919 # Filtered GETS hits
   fhGETX: 6644328 # Filtered GETX hits
   hGETS: 732834 # GETS hits
   hGETX: 200398 # GETX hits
   mGETS: 27711 # GETS misses
   mGETXIM: 2720 # GETX I->M misses
   mGETXSM: 2 # GETX S->M misses (upgrade misses)
   PUTS: 0 # Clean evictions (from lower level)
   PUTX: 0 # Dirty evictions (from lower level)
   INV: 3 # Invalidates (from upper level)
   INVX: 42 # Downgrades (from upper level)
   FWD: 0 # Forwards (from upper level)
   latGETnl: 251570 # GET request latency on next level
   latGETnet: 0 # GET request latency on network to next level
  l1d-5: # Filter cache stats
   fhGETS: 12968123 # Filtered GETS hits
   fhGETX: 6674529 # Filtered GETX hits
   hGETS: 798324 # GETS hits
   hGETX: 158999 # GETX hits
   mGETS: 25917 # GETS misses
   mGETXIM: 2818 # GETX I->M misses
   mGETXSM: 2 # GETX S->M misses (upgrade misses)
   PUTS: 0 # Clean evictions (from lower level)
   PUTX: 0 # Dirty evictions (from lower level)
   INV: 4 # Invalidates (from upper level)
   INVX: 38 # Downgrades (from upper level)
   FWD: 0 # Forwards (from upper level)
   latGETnl: 239254 # GET request latency on next level
   latGETnet: 0 # GET request latency on network to next level
  l1d-6: # Filter cache stats
   fhGETS: 12966621 # Filtered GETS hits
   fhGETX: 6672929 # Filtered GETX hits
   hGETS: 796121 # GETS hits
   hGETX: 159199 # GETX hits
   mGETS: 26322 # GETS misses
   mGETXIM: 2818 # GETX I->M misses
   mGETXSM: 2 # GETX S->M misses (upgrade misses)
   PUTS: 0 # Clean evictions (from lower level)
   PUTX: 0 # Dirty evictions (from lower level)
   INV: 4 # Invalidates (from upper level)
   INVX: 14 # Downgrades (from upper level)
   FWD: 0 # Forwards (from upper level)
   latGETnl: 240024 # GET request latency on next level
   latGETnet: 0 # GET request latency on network to next level
  l1d-7: # Filter cache stats
   fhGETS: 12968715 # Filtered GETS hits
   fhGETX: 6670729 # Filtered GETX hits
   hGETS: 794128 # GETS hits
   hGETX: 161099 # GETX hits
   mGETS: 26221 # GETS misses
   mGETXIM: 2818 # GETX I->M misses
   mGETXSM: 2 # GETX S->M misses (upgrade misses)
   PUTS: 0 # Clean evictions (from lower level)
   PUTX: 0 # Dirty evictions (from lower level)
   INV: 4 # Invalidates (from upper level)
   INVX: 45 # Downgrades (from upper level)
   FWD: 0 # Forwards (from upper level)
   latGETnl: 242045 # GET request latency on next level
   latGETnet: 0 # GET request latency on network to next level
 l2: # Cache stats
  l2-0: # Cache stats
   hGETS: 25215 # GETS hits
   hGETX: 2782 # GETX hits
   mGETS: 823 # GETS misses
   mGETXIM: 176 # GETX I->M misses
   mGETXSM: 16 # GETX S->M misses (upgrade misses)
   PUTS: 25344 # Clean evictions (from lower level)
   PUTX: 2843 # Dirty evictions (from lower level)
   INV: 38 # Invalidates (from upper level)
   INVX: 54 # Downgrades (from upper level)
   FWD: 0 # Forwards (from upper level)
   latGETnl: 85200 # GET request latency on next level
   latGETnet: 0 # GET request latency on network to next level
  l2-1: # Cache stats
   hGETS: 26470 # GETS hits
   hGETX: 2673 # GETX hits
   mGETS: 560 # GETS misses
   mGETXIM: 47 # GETX I->M misses
   mGETXSM: 2 # GETX S->M misses (upgrade misses)
   PUTS: 26566 # Clean evictions (from lower level)
   PUTX: 2677 # Dirty evictions (from lower level)
   INV: 4 # Invalidates (from upper level)
   INVX: 34 # Downgrades (from upper level)
   FWD: 0 # Forwards (from upper level)
   latGETnl: 42270 # GET request latency on next level
   latGETnet: 0 # GET request latency on network to next level
  l2-2: # Cache stats
   hGETS: 25875 # GETS hits
   hGETX: 2674 # GETX hits
   mGETS: 557 # GETS misses
   mGETXIM: 46 # GETX I->M misses
   mGETXSM: 2 # GETX S->M misses (upgrade misses)
   PUTS: 25969 # Clean evictions (from lower level)
   PUTX: 2677 # Dirty evictions (from lower level)
   INV: 4 # Invalidates (from upper level)
   INVX: 32 # Downgrades (from upper level)
   FWD: 0 # Forwards (from upper level)
   latGETnl: 42362 # GET request latency on next level
   latGETnet: 0 # GET request latency on network to next level
  l2-3: # Cache stats
   hGETS: 27664 # GETS hits
   hGETX: 2674 # GETX hits
   mGETS: 563 # GETS misses
   mGETXIM: 46 # GETX I->M misses
   mGETXSM: 2 # GETX S->M misses (upgrade misses)
   PUTS: 27762 # Clean evictions (from lower level)
   PUTX: 2677 # Dirty evictions (from lower level)
   INV: 4 # Invalidates (from upper level)
   INVX: 51 # Downgrades (from upper level)
   FWD: 0 # Forwards (from upper level)
   latGETnl: 42935 # GET request latency on next level
   latGETnet: 0 # GET request latency on network to next level
  l2-4: # Cache stats
   hGETS: 27266 # GETS hits
   hGETX: 2674 # GETX hits
   mGETS: 555 # GETS misses
   mGETXIM: 46 # GETX I->M misses
   mGETXSM: 2 # GETX S->M misses (upgrade misses)
   PUTS: 27364 # Clean evictions (from lower level)
   PUTX: 2677 # Dirty evictions (from lower level)
   INV: 4 # Invalidates (from upper level)
   INVX: 42 # Downgrades (from upper level)
   FWD: 0 # Forwards (from upper level)
   latGETnl: 42589 # GET request latency on next level
   latGETnet: 0 # GET request latency on network to next level
  l2-5: # Cache stats
   hGETS: 25471 # GETS hits
   hGETX: 2772 # GETX hits
   mGETS: 560 # GETS misses
   mGETXIM: 46 # GETX I->M misses
   mGETXSM: 2 # GETX S->M misses (upgrade misses)
   PUTS: 25556 # Clean evictions (from lower level)
   PUTX: 2774 # Dirty evictions (from lower level)
   INV: 4 # Invalidates (from upper level)
   INVX: 38 # Downgrades (from upper level)
   FWD: 0 # Forwards (from upper level)
   latGETnl: 43153 # GET request latency on next level
   latGETnet: 0 # GET request latency on network to next level
  l2-6: # Cache stats
   hGETS: 25877 # GETS hits
   hGETX: 2772 # GETX hits
   mGETS: 555 # GETS misses
   mGETXIM: 46 # GETX I->M misses
   mGETXSM: 2 # GETX S->M misses (upgrade misses)
   PUTS: 25963 # Clean evictions (from lower level)
   PUTX: 2774 # Dirty evictions (from lower level)
   INV: 4 # Invalidates (from upper level)
   INVX: 14 # Downgrades (from upper level)
   FWD: 0 # Forwards (from upper level)
   latGETnl: 40620 # GET request latency on next level
   latGETnet: 0 # GET request latency on network to next level
  l2-7: # Cache stats
   hGETS: 25776 # GETS hits
   hGETX: 2772 # GETX hits
   mGETS: 562 # GETS misses
   mGETXIM: 46 # GETX I->M misses
   mGETXSM: 2 # GETX S->M misses (upgrade misses)
   PUTS: 25863 # Clean evictions (from lower level)
   PUTX: 2774 # Dirty evictions (from lower level)
   INV: 4 # Invalidates (from upper level)
   INVX: 45 # Downgrades (from upper level)
   FWD: 0 # Forwards (from upper level)
   latGETnl: 44077 # GET request latency on next level
   latGETnet: 0 # GET request latency on network to next level
 l3: # Cache stats
  l3-0b0: # Cache stats
   hGETS: 313 # GETS hits
   hGETX: 6 # GETX hits
   mGETS: 273 # GETS misses
   mGETXIM: 59 # GETX I->M misses
   mGETXSM: 0 # GETX S->M misses (upgrade misses)
   PUTS: 0 # Clean evictions (from lower level)
   PUTX: 0 # Dirty evictions (from lower level)
   INV: 0 # Invalidates (from upper level)
   INVX: 0 # Downgrades (from upper level)
   FWD: 0 # Forwards (from upper level)
   latGETnl: 29880 # GET request latency on next level
   latGETnet: 0 # GET request latency on network to next level
  l3-0b1: # Cache stats
   hGETS: 334 # GETS hits
   hGETX: 4 # GETX hits
   mGETS: 268 # GETS misses
   mGETXIM: 54 # GETX I->M misses
   mGETXSM: 0 # GETX S->M misses (upgrade misses)
   PUTS: 0 # Clean evictions (from lower level)
   PUTX: 0 # Dirty evictions (from lower level)
   INV: 0 # Invalidates (from upper level)
   INVX: 0 # Downgrades (from upper level)
   FWD: 0 # Forwards (from upper level)
   latGETnl: 28980 # GET request latency on next level
   latGETnet: 0 # GET request latency on network to next level
  l3-0b2: # Cache stats
   hGETS: 342 # GETS hits
   hGETX: 15 # GETX hits
   mGETS: 268 # GETS misses
   mGETXIM: 58 # GETX I->M misses
   mGETXSM: 0 # GETX S->M misses (upgrade misses)
   PUTS: 0 # Clean evictions (from lower level)
   PUTX: 0 # Dirty evictions (from lower level)
   INV: 0 # Invalidates (from upper level)
   INVX: 0 # Downgrades (from upper level)
   FWD: 0 # Forwards (from upper level)
   latGETnl: 29340 # GET request latency on next level
   latGETnet: 0 # GET request latency on network to next level
  l3-0b3: # Cache stats
   hGETS: 306 # GETS hits
   hGETX: 9 # GETX hits
   mGETS: 276 # GETS misses
   mGETXIM: 63 # GETX I->M misses
   mGETXSM: 0 # GETX S->M misses (upgrade misses)
   PUTS: 0 # Clean evictions (from lower level)
   PUTX: 0 # Dirty evictions (from lower level)
   INV: 0 # Invalidates (from upper level)
   INVX: 0 # Downgrades (from upper level)
   FWD: 0 # Forwards (from upper level)
   latGETnl: 30510 # GET request latency on next level
   latGETnet: 0 # GET request latency on network to next level
  l3-0b4: # Cache stats
   hGETS: 329 # GETS hits
   hGETX: 7 # GETX hits
   mGETS: 276 # GETS misses
   mGETXIM: 59 # GETX I->M misses
   mGETXSM: 0 # GETX S->M misses (upgrade misses)
   PUTS: 1 # Clean evictions (from lower level)
   PUTX: 0 # Dirty evictions (from lower level)
   INV: 0 # Invalidates (from upper level)
   INVX: 0 # Downgrades (from upper level)
   FWD: 0 # Forwards (from upper level)
   latGETnl: 30150 # GET request latency on next level
   latGETnet: 0 # GET request latency on network to next level
  l3-0b5: # Cache stats
   hGETS: 316 # GETS hits
   hGETX: 4 # GETX hits
   mGETS: 265 # GETS misses
   mGETXIM: 54 # GETX I->M misses
   mGETXSM: 0 # GETX S->M misses (upgrade misses)
   PUTS: 0 # Clean evictions (from lower level)
   PUTX: 0 # Dirty evictions (from lower level)
   INV: 0 # Invalidates (from upper level)
   INVX: 0 # Downgrades (from upper level)
   FWD: 0 # Forwards (from upper level)
   latGETnl: 28710 # GET request latency on next level
   latGETnet: 0 # GET request latency on network to next level
  l3-0b6: # Cache stats
   hGETS: 319 # GETS hits
   hGETX: 5 # GETX hits
   mGETS: 269 # GETS misses
   mGETXIM: 58 # GETX I->M misses
   mGETXSM: 0 # GETX S->M misses (upgrade misses)
   PUTS: 0 # Clean evictions (from lower level)
   PUTX: 0 # Dirty evictions (from lower level)
   INV: 0 # Invalidates (from upper level)
   INVX: 0 # Downgrades (from upper level)
   FWD: 0 # Forwards (from upper level)
   latGETnl: 29430 # GET request latency on next level
   latGETnet: 0 # GET request latency on network to next level
  l3-0b7: # Cache stats
   hGETS: 311 # GETS hits
   hGETX: 10 # GETX hits
   mGETS: 270 # GETS misses
   mGETXIM: 64 # GETX I->M misses
   mGETXSM: 0 # GETX S->M misses (upgrade misses)
   PUTS: 0 # Clean evictions (from lower level)
   PUTX: 1 # Dirty evictions (from lower level)
   INV: 0 # Invalidates (from upper level)
   INVX: 0 # Downgrades (from upper level)
   FWD: 0 # Forwards (from upper level)
   latGETnl: 30060 # GET request latency on next level
   latGETnet: 0 # GET request latency on network to next level
 mem: # Memory controller stats
  mem-0: # Memory controller stats
   rd: 670 # Read requests
   wr: 0 # Write requests
   rdlat: 105071 # Total latency experienced by read requests
   wrlat: 0 # Total latency experienced by write requests
   rdhits: 258 # Read row hits
   wrhits: 0 # Write row hits
   mlh: # latency histogram for memory requests
    0: 0
    1: 0
    2: 0
    3: 0
    4: 0
    5: 0
    6: 0
    7: 0
    8: 0
    9: 0
    10: 0
    11: 0
    12: 1
    13: 297
    14: 80
    15: 59
    16: 12
    17: 102
    18: 39
    19: 43
    20: 8
    21: 2
    22: 4
    23: 4
    24: 2
    25: 3
    26: 2
    27: 1
    28: 1
    29: 1
    30: 0
    31: 0
    32: 0
    33: 1
    34: 0
    35: 1
    36: 2
    37: 1
    38: 3
    39: 1
    40: 0
    41: 0
    42: 0
    43: 0
    44: 0
    45: 0
    46: 0
    47: 0
    48: 0
    49: 0
    50: 0
    51: 0
    52: 0
    53: 0
    54: 0
    55: 0
    56: 0
    57: 0
    58: 0
    59: 0
    60: 0
    61: 0
    62: 0
    63: 0
    64: 0
    65: 0
    66: 0
    67: 0
    68: 0
    69: 0
    70: 0
    71: 0
    72: 0
    73: 0
    74: 0
    75: 0
    76: 0
    77: 0
    78: 0
    79: 0
    80: 0
    81: 0
    82: 0
    83: 0
    84: 0
    85: 0
    86: 0
    87: 0
    88: 0
    89: 0
    90: 0
    91: 0
    92: 0
    93: 0
    94: 0
    95: 0
    96: 0
    97: 0
    98: 0
    99: 0
  mem-1: # Memory controller stats
   rd: 648 # Read requests
   wr: 0 # Write requests
   rdlat: 107829 # Total latency experienced by read requests
   wrlat: 0 # Total latency experienced by write requests
   rdhits: 261 # Read row hits
   wrhits: 0 # Write row hits
   mlh: # latency histogram for memory requests
    0: 0
    1: 0
    2: 0
    3: 0
    4: 0
    5: 0
    6: 0
    7: 0
    8: 0
    9: 0
    10: 0
    11: 1
    12: 1
    13: 276
    14: 62
    15: 50
    16: 10
    17: 100
    18: 33
    19: 38
    20: 7
    21: 5
    22: 6
    23: 5
    24: 8
    25: 7
    26: 6
    27: 4
    28: 1
    29: 2
    30: 1
    31: 2
    32: 2
    33: 3
    34: 2
    35: 1
    36: 2
    37: 1
    38: 2
    39: 2
    40: 1
    41: 2
    42: 2
    43: 1
    44: 2
    45: 0
    46: 0
    47: 0
    48: 0
    49: 0
    50: 0
    51: 0
    52: 0
    53: 0
    54: 0
    55: 0
    56: 0
    57: 0
    58: 0
    59: 0
    60: 0
    61: 0
    62: 0
    63: 0
    64: 0
    65: 0
    66: 0
    67: 0
    68: 0
    69: 0
    70: 0
    71: 0
    72: 0
    73: 0
    74: 0
    75: 0
    76: 0
    77: 0
    78: 0
    79: 0
    80: 0
    81: 0
    82: 0
    83: 0
    84: 0
    85: 0
    86: 0
    87: 0
    88: 0
    89: 0
    90: 0
    91: 0
    92: 0
    93: 0
    94: 0
    95: 0
    96: 0
    97: 0
    98: 0
    99: 0
  mem-2: # Memory controller stats
   rd: 651 # Read requests
   wr: 0 # Write requests
   rdlat: 109536 # Total latency experienced by read requests
   wrlat: 0 # Total latency experienced by write requests
   rdhits: 264 # Read row hits
   wrhits: 0 # Write row hits
   mlh: # latency histogram for memory requests
    0: 0
    1: 0
    2: 0
    3: 0
    4: 0
    5: 0
    6: 0
    7: 0
    8: 0
    9: 0
    10: 0
    11: 2
    12: 0
    13: 291
    14: 64
    15: 50
    16: 9
    17: 100
    18: 25
    19: 42
    20: 10
    21: 4
    22: 2
    23: 2
    24: 4
    25: 1
    26: 2
    27: 1
    28: 2
    29: 3
    30: 1
    31: 5
    32: 2
    33: 3
    34: 2
    35: 0
    36: 2
    37: 2
    38: 1
    39: 1
    40: 1
    41: 1
    42: 1
    43: 2
    44: 0
    45: 2
    46: 1
    47: 1
    48: 2
    49: 2
    50: 1
    51: 3
    52: 1
    53: 0
    54: 0
    55: 0
    56: 0
    57: 0
    58: 0
    59: 0
    60: 0
    61: 0
    62: 0
    63: 0
    64: 0
    65: 0
    66: 0
    67: 0
    68: 0
    69: 0
    70: 0
    71: 0
    72: 0
    73: 0
    74: 0
    75: 0
    76: 0
    77: 0
    78: 0
    79: 0
    80: 0
    81: 0
    82: 0
    83: 0
    84: 0
    85: 0
    86: 0
    87: 0
    88: 0
    89: 0
    90: 0
    91: 0
    92: 0
    93: 0
    94: 0
    95: 0
    96: 0
    97: 0
    98: 0
    99: 0
  mem-3: # Memory controller stats
   rd: 651 # Read requests
   wr: 0 # Write requests
   rdlat: 101178 # Total latency experienced by read requests
   wrlat: 0 # Total latency experienced by write requests
   rdhits: 261 # Read row hits
   wrhits: 0 # Write row hits
   mlh: # latency histogram for memory requests
    0: 0
    1: 0
    2: 0
    3: 0
    4: 0
    5: 0
    6: 0
    7: 0
    8: 0
    9: 0
    10: 0
    11: 0
    12: 2
    13: 301
    14: 69
    15: 55
    16: 10
    17: 109
    18: 37
    19: 41
    20: 5
    21: 2
    22: 1
    23: 0
    24: 0
    25: 1
    26: 2
    27: 2
    28: 2
    29: 3
    30: 3
    31: 3
    32: 1
    33: 1
    34: 0
    35: 1
    36: 0
    37: 0
    38: 0
    39: 0
    40: 0
    41: 0
    42: 0
    43: 0
    44: 0
    45: 0
    46: 0
    47: 0
    48: 0
    49: 0
    50: 0
    51: 0
    52: 0
    53: 0
    54: 0
    55: 0
    56: 0
    57: 0
    58: 0
    59: 0
    60: 0
    61: 0
    62: 0
    63: 0
    64: 0
    65: 0
    66: 0
    67: 0
    68: 0
    69: 0
    70: 0
    71: 0
    72: 0
    73: 0
    74: 0
    75: 0
    76: 0
    77: 0
    78: 0
    79: 0
    80: 0
    81: 0
    82: 0
    83: 0
    84: 0
    85: 0
    86: 0
    87: 0
    88: 0
    89: 0
    90: 0
    91: 0
    92: 0
    93: 0
    94: 0
    95: 0
    96: 0
    97: 0
    98: 0
    99: 0
 sched: # Scheduler stats
  thCr: 9 # Threads created
  thFn: 9 # Threads finished
  schedEvs: 10 # Schedule events
  waitEvs: 1 # Wait events
  handoffEvs: 0 # Handoff events
  sleepEvs: 0 # Sleep events
  idlePhases: 0 # Phases with no thread active
  idlePeriods: 0 # Periods with no thread active
  occHist: # Occupancy histogram
   0: 0
   1: 3
   2: 0
   3: 1
   4: 0
   5: 24
   6: 3
   7: 1
   8: 3532
  rqSzHist: # Run queue size histogram
   0: 3564
   1: 0
   2: 0
   3: 0
   4: 0
   5: 0
   6: 0
   7: 0
   8: 0
   9: 0
   10: 0
   11: 0
   12: 0
   13: 0
   14: 0
   15: 0
   16: 0
 procCycles: # Per-process unhalted core cycles
  0: 283853521
  1: 0
  2: 0
  3: 0
  4: 0
  5: 0
  6: 0
  7: 0
  8: 0
  9: 0
  10: 0
  11: 0
  12: 0
  13: 0
  14: 0
  15: 0
  16: 0
  17: 0
  18: 0
  19: 0
  20: 0
  21: 0
  22: 0
  23: 0
  24: 0
  25: 0
  26: 0
  27: 0
  28: 0
  29: 0
  30: 0
  31: 0
  32: 0
  33: 0
  34: 0
  35: 0
  36: 0
  37: 0
  38: 0
  39: 0
  40: 0
  41: 0
  42: 0
  43: 0
  44: 0
  45: 0
  46: 0
  47: 0
  48: 0
  49: 0
  50: 0
  51: 0
  52: 0
  53: 0
  54: 0
  55: 0
  56: 0
  57: 0
  58: 0
  59: 0
  60: 0
  61: 0
  62: 0
  63: 0
 procInstrs: # Per-process instructions
  0: 360466161
  1: 0
  2: 0
  3: 0
  4: 0
  5: 0
  6: 0
  7: 0
  8: 0
  9: 0
  10: 0
  11: 0
  12: 0
  13: 0
  14: 0
  15: 0
  16: 0
  17: 0
  18: 0
  19: 0
  20: 0
  21: 0
  22: 0
  23: 0
  24: 0
  25: 0
  26: 0
  27: 0
  28: 0
  29: 0
  30: 0
  31: 0
  32: 0
  33: 0
  34: 0
  35: 0
  36: 0
  37: 0
  38: 0
  39: 0
  40: 0
  41: 0
  42: 0
  43: 0
  44: 0
  45: 0
  46: 0
  47: 0
  48: 0
  49: 0
  50: 0
  51: 0
  52: 0
  53: 0
  54: 0
  55: 0
  56: 0
  57: 0
  58: 0
  59: 0
  60: 0
  61: 0
  62: 0
  63: 0
 heartbeats: # Per-process heartbeats
  0: 0
  1: 0
  2: 0
  3: 0
  4: 0
  5: 0
  6: 0
  7: 0
  8: 0
  9: 0
  10: 0
  11: 0
  12: 0
  13: 0
  14: 0
  15: 0
  16: 0
  17: 0
  18: 0
  19: 0
  20: 0
  21: 0
  22: 0
  23: 0
  24: 0
  25: 0
  26: 0
  27: 0
  28: 0
  29: 0
  30: 0
  31: 0
  32: 0
  33: 0
  34: 0
  35: 0
  36: 0
  37: 0
  38: 0
  39: 0
  40: 0
  41: 0
  42: 0
  43: 0
  44: 0
  45: 0
  46: 0
  47: 0
  48: 0
  49: 0
  50: 0
  51: 0
  52: 0
  53: 0
  54: 0
  55: 0
  56: 0
  57: 0
  58: 0
  59: 0
  60: 0
  61: 0
  62: 0
  63: 0
===
